<?xml version="1.0" encoding="utf-8"?>
<TestRun id="ffa56e0c-65c3-48cf-bd1d-5f28863d2545" name="Sbatta@BRNMTHF 2026-01-19 16:45:07" runUser="BRNMTHF\Sbatta" xmlns="http://microsoft.com/schemas/VisualStudio/TeamTest/2010">
  <Times creation="2026-01-19T16:45:07.8996214+01:00" queuing="2026-01-19T16:45:07.8996214+01:00" start="2026-01-19T16:45:06.7136865+01:00" finish="2026-01-19T16:45:11.1844480+01:00" />
  <TestSettings name="default" id="e7fd8b9d-40fe-4ed8-b8e3-4b5823adb263">
    <Deployment runDeploymentRoot="sbatt_BRNMTHF_2026-01-19_16_45_07" />
  </TestSettings>
  <Results>
    <UnitTestResult executionId="8425bdfa-b681-4dac-87b2-07aefd8ce70b" testId="c3bb1a46-72db-23eb-6ec3-087ddddae496" testName="USBDeviceManager.Tests.Integration.DevicesApiIntegrationTests.GetDevices_EmptyDatabase_ShouldReturnEmptyArray" computerName="BRNMTHF" duration="00:00:00.0064506" startTime="2026-01-19T16:45:10.9787465+01:00" endTime="2026-01-19T16:45:10.9787466+01:00" testType="13cdc9d9-ddb5-4fa4-a97d-d965ccfc6d4b" outcome="Passed" testListId="8c84fa94-04c1-424b-9868-57a2d4851a1d" relativeResultsDirectory="8425bdfa-b681-4dac-87b2-07aefd8ce70b" />
    <UnitTestResult executionId="0b49124b-ef56-4d8e-8919-fb3438fc19f3" testId="6ace27e5-2097-4fc7-0432-866b105e30d5" testName="USBDeviceManager.Tests.Functional.DashboardFunctionalTests.AutomationWorkflow_ComplexRuleExecution_ShouldExecuteInCorrectOrder" computerName="BRNMTHF" duration="00:00:00.0438035" startTime="2026-01-19T16:45:08.8000568+01:00" endTime="2026-01-19T16:45:08.8000569+01:00" testType="13cdc9d9-ddb5-4fa4-a97d-d965ccfc6d4b" outcome="Passed" testListId="8c84fa94-04c1-424b-9868-57a2d4851a1d" relativeResultsDirectory="0b49124b-ef56-4d8e-8919-fb3438fc19f3" />
    <UnitTestResult executionId="6afa422e-8b68-42f1-8bbb-d68bb0668f74" testId="24a59ada-687a-3ae6-ccac-b8b090046908" testName="USBDeviceManager.Tests.Integration.CompatControllerIntegrationTests.PostLogs_WithKnownDeviceId_ShouldCreateDeviceStatus" computerName="BRNMTHF" duration="00:00:00.0347890" startTime="2026-01-19T16:45:09.2220136+01:00" endTime="2026-01-19T16:45:09.2220138+01:00" testType="13cdc9d9-ddb5-4fa4-a97d-d965ccfc6d4b" outcome="Passed" testListId="8c84fa94-04c1-424b-9868-57a2d4851a1d" relativeResultsDirectory="6afa422e-8b68-42f1-8bbb-d68bb0668f74" />
    <UnitTestResult executionId="d8630346-ea00-45a9-8234-2ff3f2ec618f" testId="2580a49a-bc5f-601c-7982-c413b36eb5f3" testName="USBDeviceManager.Tests.Functional.DashboardFunctionalTests.PerformanceUnderLoad_MultipleSimultaneousRequests_ShouldMaintainResponsiveness" computerName="BRNMTHF" duration="00:00:00.4230344" startTime="2026-01-19T16:45:08.4565911+01:00" endTime="2026-01-19T16:45:08.4565913+01:00" testType="13cdc9d9-ddb5-4fa4-a97d-d965ccfc6d4b" outcome="Passed" testListId="8c84fa94-04c1-424b-9868-57a2d4851a1d" relativeResultsDirectory="d8630346-ea00-45a9-8234-2ff3f2ec618f" />
    <UnitTestResult executionId="17ed673a-c951-4a97-a30d-d1860be49723" testId="68a205d8-ee11-30f5-8f98-eea37a2e1ff9" testName="USBDeviceManager.Tests.Unit.SimRacingContextTests.AutomationRule_WithDeviceAndSoftwareReferences_ShouldMaintainRelationships" computerName="BRNMTHF" duration="00:00:00.0447270" startTime="2026-01-19T16:45:07.9295649+01:00" endTime="2026-01-19T16:45:07.9295650+01:00" testType="13cdc9d9-ddb5-4fa4-a97d-d965ccfc6d4b" outcome="Passed" testListId="8c84fa94-04c1-424b-9868-57a2d4851a1d" relativeResultsDirectory="17ed673a-c951-4a97-a30d-d1860be49723" />
    <UnitTestResult executionId="99822867-5b10-4db6-b7ea-7418fe7afc9b" testId="693950b6-2366-ab72-6393-6039701e115c" testName="USBDeviceManager.Tests.Functional.DashboardFunctionalTests.SimRacingWorkflow_SetupDeviceAndSoftwareWithAutomation_ShouldWorkEndToEnd" computerName="BRNMTHF" duration="00:00:00.0877844" startTime="2026-01-19T16:45:08.6244975+01:00" endTime="2026-01-19T16:45:08.6244977+01:00" testType="13cdc9d9-ddb5-4fa4-a97d-d965ccfc6d4b" outcome="Passed" testListId="8c84fa94-04c1-424b-9868-57a2d4851a1d" relativeResultsDirectory="99822867-5b10-4db6-b7ea-7418fe7afc9b" />
    <UnitTestResult executionId="5fd7c12f-cda9-450c-ac72-df2243355521" testId="406d650e-8af5-b5ed-34f1-6010e3d56165" testName="USBDeviceManager.Tests.Unit.DevicesControllerTests.UpdateDevice_WithNonExistentDevice_ShouldReturnNotFound" computerName="BRNMTHF" duration="00:00:00.0008665" startTime="2026-01-19T16:45:08.9900949+01:00" endTime="2026-01-19T16:45:08.9900949+01:00" testType="13cdc9d9-ddb5-4fa4-a97d-d965ccfc6d4b" outcome="Passed" testListId="8c84fa94-04c1-424b-9868-57a2d4851a1d" relativeResultsDirectory="5fd7c12f-cda9-450c-ac72-df2243355521" />
    <UnitTestResult executionId="d5ab1db8-3394-4452-8298-14b174fffd63" testId="14348b90-4ebf-b77f-8737-a77f91c20830" testName="USBDeviceManager.Tests.Unit.SimRacingContextTests.AutomationRule_ValidTriggerActionCombinations_ShouldPersistCorrectly(trigger: DeviceDisconnected, action: StopSoftware)" computerName="BRNMTHF" duration="00:00:00.0066051" startTime="2026-01-19T16:45:07.8142807+01:00" endTime="2026-01-19T16:45:07.8142808+01:00" testType="13cdc9d9-ddb5-4fa4-a97d-d965ccfc6d4b" outcome="Passed" testListId="8c84fa94-04c1-424b-9868-57a2d4851a1d" relativeResultsDirectory="d5ab1db8-3394-4452-8298-14b174fffd63" />
    <UnitTestResult executionId="c19024d3-75f5-40f2-8741-fe9123cd86fe" testId="fb6164b5-5fdd-0363-b1d1-8e0ac579e14b" testName="USBDeviceManager.Tests.Unit.SimRacingContextTests.AutomationRule_ValidTriggerActionCombinations_ShouldPersistCorrectly(trigger: Manual, action: SendNotification)" computerName="BRNMTHF" duration="00:00:00.0064444" startTime="2026-01-19T16:45:07.8208077+01:00" endTime="2026-01-19T16:45:07.8208082+01:00" testType="13cdc9d9-ddb5-4fa4-a97d-d965ccfc6d4b" outcome="Passed" testListId="8c84fa94-04c1-424b-9868-57a2d4851a1d" relativeResultsDirectory="c19024d3-75f5-40f2-8741-fe9123cd86fe" />
    <UnitTestResult executionId="5616a2f0-f614-45e8-a3a0-c9ac0fa16eab" testId="d693a885-be4f-e9d7-3a4d-2930f443c076" testName="USBDeviceManager.Tests.Integration.CompatControllerConfigsTests.PostConfigs_CreateDeviceAndSoftware_ShouldReturnCreatedAndPersistRule" computerName="BRNMTHF" duration="00:00:00.0819881" startTime="2026-01-19T16:45:09.1022141+01:00" endTime="2026-01-19T16:45:09.1022143+01:00" testType="13cdc9d9-ddb5-4fa4-a97d-d965ccfc6d4b" outcome="Passed" testListId="8c84fa94-04c1-424b-9868-57a2d4851a1d" relativeResultsDirectory="5616a2f0-f614-45e8-a3a0-c9ac0fa16eab" />
    <UnitTestResult executionId="026a9de4-8ad5-4976-84f9-fdb419674dca" testId="d4754b5b-c16d-3b6c-f7bb-bdf9b03ef847" testName="USBDeviceManager.Tests.Functional.DashboardFunctionalTests.MultiDeviceRacingSetup_ComplexAutomation_ShouldHandleMultipleDevicesAndSoftware" computerName="BRNMTHF" duration="00:00:00.0268854" startTime="2026-01-19T16:45:08.6516412+01:00" endTime="2026-01-19T16:45:08.6516413+01:00" testType="13cdc9d9-ddb5-4fa4-a97d-d965ccfc6d4b" outcome="Passed" testListId="8c84fa94-04c1-424b-9868-57a2d4851a1d" relativeResultsDirectory="026a9de4-8ad5-4976-84f9-fdb419674dca" />
    <UnitTestResult executionId="654b467e-04c9-4211-8305-318481a57b2d" testId="e7ea919c-cf75-b430-b71c-f75f864707f6" testName="USBDeviceManager.Tests.Unit.DevicesControllerTests.GetDevice_WithValidId_ShouldReturnDevice" computerName="BRNMTHF" duration="00:00:00.0057382" startTime="2026-01-19T16:45:08.9209941+01:00" endTime="2026-01-19T16:45:08.9209943+01:00" testType="13cdc9d9-ddb5-4fa4-a97d-d965ccfc6d4b" outcome="Passed" testListId="8c84fa94-04c1-424b-9868-57a2d4851a1d" relativeResultsDirectory="654b467e-04c9-4211-8305-318481a57b2d" />
    <UnitTestResult executionId="05775651-204d-4123-b959-a380b1d9e59c" testId="b4d1297b-0396-d49e-279a-0db2a16f7768" testName="USBDeviceManager.Tests.Integration.DevicesApiIntegrationTests.ConcurrentDeviceOperations_ShouldHandleGracefully" computerName="BRNMTHF" duration="00:00:00.0224063" startTime="2026-01-19T16:45:10.9255846+01:00" endTime="2026-01-19T16:45:10.9255850+01:00" testType="13cdc9d9-ddb5-4fa4-a97d-d965ccfc6d4b" outcome="Passed" testListId="8c84fa94-04c1-424b-9868-57a2d4851a1d" relativeResultsDirectory="05775651-204d-4123-b959-a380b1d9e59c" />
    <UnitTestResult executionId="e33da6ca-4340-46ae-bc0b-8dae459cd3ed" testId="4d313015-194c-2c15-b8fc-b349d2d65c4b" testName="USBDeviceManager.Tests.Unit.DevicesControllerTests.ToggleDevice_WithValidDevice_ShouldUpdateEnabledState" computerName="BRNMTHF" duration="00:00:00.0134133" startTime="2026-01-19T16:45:08.9680116+01:00" endTime="2026-01-19T16:45:08.9680117+01:00" testType="13cdc9d9-ddb5-4fa4-a97d-d965ccfc6d4b" outcome="Passed" testListId="8c84fa94-04c1-424b-9868-57a2d4851a1d" relativeResultsDirectory="e33da6ca-4340-46ae-bc0b-8dae459cd3ed" />
    <UnitTestResult executionId="4f688445-08f1-4872-85c8-9438e051fd0f" testId="4cb210e3-9f55-d26a-d73c-43b790f46faf" testName="USBDeviceManager.Tests.Integration.DevicesApiIntegrationTests.UpdateDevice_ValidChanges_ShouldUpdateSuccessfully" computerName="BRNMTHF" duration="00:00:00.0246811" startTime="2026-01-19T16:45:10.8853789+01:00" endTime="2026-01-19T16:45:10.8853791+01:00" testType="13cdc9d9-ddb5-4fa4-a97d-d965ccfc6d4b" outcome="Passed" testListId="8c84fa94-04c1-424b-9868-57a2d4851a1d" relativeResultsDirectory="4f688445-08f1-4872-85c8-9438e051fd0f" />
    <UnitTestResult executionId="d280cede-d2f9-447d-ac19-9579cfb9a271" testId="c1290ef0-b52d-f705-40a4-97d5e4b9346f" testName="USBDeviceManager.Tests.Functional.SmokeServerTests.RunServerAndSmokeEndpoints" computerName="BRNMTHF" duration="00:00:01.4499842" startTime="2026-01-19T16:45:10.6735298+01:00" endTime="2026-01-19T16:45:10.6735300+01:00" testType="13cdc9d9-ddb5-4fa4-a97d-d965ccfc6d4b" outcome="Passed" testListId="8c84fa94-04c1-424b-9868-57a2d4851a1d" relativeResultsDirectory="d280cede-d2f9-447d-ac19-9579cfb9a271" />
    <UnitTestResult executionId="6a249daa-ee5b-41e2-bbbd-57c1028b98cd" testId="f1cf935a-2026-44fc-c4e7-bc74f5dfc657" testName="USBDeviceManager.Tests.Integration.DevicesApiIntegrationTests.GetDevices_WithSeedData_ShouldReturnAllDevices" computerName="BRNMTHF" duration="00:00:00.0166147" startTime="2026-01-19T16:45:10.9720082+01:00" endTime="2026-01-19T16:45:10.9720083+01:00" testType="13cdc9d9-ddb5-4fa4-a97d-d965ccfc6d4b" outcome="Passed" testListId="8c84fa94-04c1-424b-9868-57a2d4851a1d" relativeResultsDirectory="6a249daa-ee5b-41e2-bbbd-57c1028b98cd" />
    <UnitTestResult executionId="c55bb21e-ffa4-445b-8c12-4212ab4e8198" testId="0c4271a2-bc44-cc77-95ca-260e4b31813c" testName="USBDeviceManager.Tests.Unit.DevicesControllerTests.GetDeviceStatusHistory_WithCustomTimeRange_ShouldFilterCorrectly" computerName="BRNMTHF" duration="00:00:00.0335079" startTime="2026-01-19T16:45:08.9545587+01:00" endTime="2026-01-19T16:45:08.9545588+01:00" testType="13cdc9d9-ddb5-4fa4-a97d-d965ccfc6d4b" outcome="Passed" testListId="8c84fa94-04c1-424b-9868-57a2d4851a1d" relativeResultsDirectory="c55bb21e-ffa4-445b-8c12-4212ab4e8198" />
    <UnitTestResult executionId="08c4bd3c-1ad1-47ca-ae29-c92d4f31909d" testId="6215f624-50bc-e02b-aa25-8a2b79fe3900" testName="USBDeviceManager.Tests.Unit.DevicesControllerTests.GetDevices_WithMultipleDevices_ShouldReturnAllDevices" computerName="BRNMTHF" duration="00:00:00.1064064" startTime="2026-01-19T16:45:08.9151972+01:00" endTime="2026-01-19T16:45:08.9151974+01:00" testType="13cdc9d9-ddb5-4fa4-a97d-d965ccfc6d4b" outcome="Passed" testListId="8c84fa94-04c1-424b-9868-57a2d4851a1d" relativeResultsDirectory="08c4bd3c-1ad1-47ca-ae29-c92d4f31909d" />
    <UnitTestResult executionId="326fdd32-ae76-4185-98fa-60e87c3d0d78" testId="d50f58a8-6253-3b49-6eca-bc8634df1396" testName="USBDeviceManager.Tests.Integration.DevicesApiIntegrationTests.GetDeviceStatusHistory_WithTimeFilter_ShouldReturnFilteredResults" computerName="BRNMTHF" duration="00:00:00.0334727" startTime="2026-01-19T16:45:10.8167614+01:00" endTime="2026-01-19T16:45:10.8167615+01:00" testType="13cdc9d9-ddb5-4fa4-a97d-d965ccfc6d4b" outcome="Passed" testListId="8c84fa94-04c1-424b-9868-57a2d4851a1d" relativeResultsDirectory="326fdd32-ae76-4185-98fa-60e87c3d0d78" />
    <UnitTestResult executionId="cd8f8d1b-c2b1-47ec-8ad6-84aa1bc4bc85" testId="9fe1b9c4-ef45-0b6f-5097-63e9435ad4df" testName="USBDeviceManager.Tests.Unit.DevicesControllerTests.GetDeviceStatusHistory_WithLargeTimeRange_ShouldHandlePerformanceGracefully" computerName="BRNMTHF" duration="00:00:00.0058402" startTime="2026-01-19T16:45:08.9805216+01:00" endTime="2026-01-19T16:45:08.9805217+01:00" testType="13cdc9d9-ddb5-4fa4-a97d-d965ccfc6d4b" outcome="Passed" testListId="8c84fa94-04c1-424b-9868-57a2d4851a1d" relativeResultsDirectory="cd8f8d1b-c2b1-47ec-8ad6-84aa1bc4bc85" />
    <UnitTestResult executionId="64ab7392-7109-42d6-96df-817fb9a97f22" testId="f44b5a09-0e41-5296-ee59-c2187e327deb" testName="USBDeviceManager.Tests.Integration.DevicesApiIntegrationTests.DeleteDevice_ExistingDevice_ShouldDeleteSuccessfully" computerName="BRNMTHF" duration="00:00:00.0761228" startTime="2026-01-19T16:45:10.7829498+01:00" endTime="2026-01-19T16:45:10.7829500+01:00" testType="13cdc9d9-ddb5-4fa4-a97d-d965ccfc6d4b" outcome="Passed" testListId="8c84fa94-04c1-424b-9868-57a2d4851a1d" relativeResultsDirectory="64ab7392-7109-42d6-96df-817fb9a97f22" />
    <UnitTestResult executionId="e81f823c-3ab4-42a3-b29d-220521b5fd18" testId="45d832f0-037f-811a-83dc-839252daf9dd" testName="USBDeviceManager.Tests.Integration.CompatControllerConfigsTests.PostConfigs_CreateStandaloneSoftware_ShouldReturnCreatedAndPersistSoftware" computerName="BRNMTHF" duration="00:00:00.0122746" startTime="2026-01-19T16:45:09.1147646+01:00" endTime="2026-01-19T16:45:09.1147648+01:00" testType="13cdc9d9-ddb5-4fa4-a97d-d965ccfc6d4b" outcome="Passed" testListId="8c84fa94-04c1-424b-9868-57a2d4851a1d" relativeResultsDirectory="e81f823c-3ab4-42a3-b29d-220521b5fd18" />
    <UnitTestResult executionId="82872763-8334-40ba-bb7a-1035a68a9957" testId="7cb87aea-7170-76dc-3fe3-a772230ccea6" testName="USBDeviceManager.Tests.Unit.SimRacingContextTests.ManagedSoftware_RequiredFields_ShouldEnforceValidation" computerName="BRNMTHF" duration="00:00:00.0092059" startTime="2026-01-19T16:45:07.9554202+01:00" endTime="2026-01-19T16:45:07.9554204+01:00" testType="13cdc9d9-ddb5-4fa4-a97d-d965ccfc6d4b" outcome="Passed" testListId="8c84fa94-04c1-424b-9868-57a2d4851a1d" relativeResultsDirectory="82872763-8334-40ba-bb7a-1035a68a9957" />
    <UnitTestResult executionId="25a76b48-0875-4b39-b3c3-06621a3f7442" testId="b1dad546-500d-cd56-ee42-50d78ac58dbc" testName="USBDeviceManager.Tests.Unit.SimRacingContextTests.DeviceStatus_TimestampIndexing_ShouldSupportTimeRangeQueries" computerName="BRNMTHF" duration="00:00:00.0662718" startTime="2026-01-19T16:45:07.7497120+01:00" endTime="2026-01-19T16:45:07.7497122+01:00" testType="13cdc9d9-ddb5-4fa4-a97d-d965ccfc6d4b" outcome="Passed" testListId="8c84fa94-04c1-424b-9868-57a2d4851a1d" relativeResultsDirectory="25a76b48-0875-4b39-b3c3-06621a3f7442" />
    <UnitTestResult executionId="7333952d-affc-4297-acfe-1d7c68aab4ad" testId="6ad19d2e-a5a2-77e2-d835-2be38a21fbe5" testName="USBDeviceManager.Tests.Unit.SimRacingContextTests.HealthMetric_DifferentSources_ShouldGroupByMetricName" computerName="BRNMTHF" duration="00:00:00.0198412" startTime="2026-01-19T16:45:07.8847802+01:00" endTime="2026-01-19T16:45:07.8847803+01:00" testType="13cdc9d9-ddb5-4fa4-a97d-d965ccfc6d4b" outcome="Passed" testListId="8c84fa94-04c1-424b-9868-57a2d4851a1d" relativeResultsDirectory="7333952d-affc-4297-acfe-1d7c68aab4ad" />
    <UnitTestResult executionId="24a0e1fa-e001-47f3-a160-74ceacbb4638" testId="6b18ebab-8e0c-05d7-e47d-35219bb342bf" testName="USBDeviceManager.Tests.Integration.DevicesApiIntegrationTests.GetDeviceStatus_ExistingDevice_ShouldReturnLatestStatus" computerName="BRNMTHF" duration="00:00:00.0242757" startTime="2026-01-19T16:45:11.0033180+01:00" endTime="2026-01-19T16:45:11.0033181+01:00" testType="13cdc9d9-ddb5-4fa4-a97d-d965ccfc6d4b" outcome="Passed" testListId="8c84fa94-04c1-424b-9868-57a2d4851a1d" relativeResultsDirectory="24a0e1fa-e001-47f3-a160-74ceacbb4638" />
    <UnitTestResult executionId="cd77ebc4-fc02-48e8-a9e5-3627912263f3" testId="9996432f-8d01-ebc3-ef1e-714693e03c4d" testName="USBDeviceManager.Tests.Unit.DevicesControllerTests.DeleteDevice_WithValidId_ShouldDeleteSuccessfully" computerName="BRNMTHF" duration="00:00:00.0010291" startTime="2026-01-19T16:45:08.9911670+01:00" endTime="2026-01-19T16:45:08.9911671+01:00" testType="13cdc9d9-ddb5-4fa4-a97d-d965ccfc6d4b" outcome="Passed" testListId="8c84fa94-04c1-424b-9868-57a2d4851a1d" relativeResultsDirectory="cd77ebc4-fc02-48e8-a9e5-3627912263f3" />
    <UnitTestResult executionId="e9809a65-8735-4d66-9c5c-0692a3331084" testId="6374c80e-2406-27b5-1113-063bb78dce21" testName="USBDeviceManager.Tests.Integration.Regression.HeartbeatRegressionTests.HealthEndpoint_Compatibility_ShouldReturn200" computerName="BRNMTHF" duration="00:00:00.0034319" startTime="2026-01-19T16:45:11.0967772+01:00" endTime="2026-01-19T16:45:11.0967775+01:00" testType="13cdc9d9-ddb5-4fa4-a97d-d965ccfc6d4b" outcome="Passed" testListId="8c84fa94-04c1-424b-9868-57a2d4851a1d" relativeResultsDirectory="e9809a65-8735-4d66-9c5c-0692a3331084" />
    <UnitTestResult executionId="1941d911-15d6-4447-874c-ef536378d4a3" testId="9ac3d203-a2da-300d-dac1-b1011d17ce5a" testName="USBDeviceManager.Tests.Unit.DevicesControllerTests.UpdateDevice_WithMismatchedId_ShouldReturnBadRequest" computerName="BRNMTHF" duration="00:00:00.0005100" startTime="2026-01-19T16:45:08.9917111+01:00" endTime="2026-01-19T16:45:08.9917112+01:00" testType="13cdc9d9-ddb5-4fa4-a97d-d965ccfc6d4b" outcome="Passed" testListId="8c84fa94-04c1-424b-9868-57a2d4851a1d" relativeResultsDirectory="1941d911-15d6-4447-874c-ef536378d4a3" />
    <UnitTestResult executionId="917dc51f-d70a-4088-b7eb-7369e5889b18" testId="66d12bef-80f3-421e-daf5-f613a878904d" testName="USBDeviceManager.Tests.Functional.DashboardFunctionalTests.DataConsistency_ConcurrentModifications_ShouldMaintainIntegrity" computerName="BRNMTHF" duration="00:00:00.0786660" startTime="2026-01-19T16:45:08.5363793+01:00" endTime="2026-01-19T16:45:08.5363794+01:00" testType="13cdc9d9-ddb5-4fa4-a97d-d965ccfc6d4b" outcome="Passed" testListId="8c84fa94-04c1-424b-9868-57a2d4851a1d" relativeResultsDirectory="917dc51f-d70a-4088-b7eb-7369e5889b18" />
    <UnitTestResult executionId="4bd2bbe4-65da-4e51-92b0-8ec906d698dc" testId="251719bd-5bf3-7a07-b8c4-48bb68222006" testName="USBDeviceManager.Tests.Functional.DashboardFunctionalTests.SystemHealthMonitoring_ContinuousMonitoring_ShouldTrackSystemMetrics" computerName="BRNMTHF" duration="00:00:00.0514875" startTime="2026-01-19T16:45:08.7165309+01:00" endTime="2026-01-19T16:45:08.7165310+01:00" testType="13cdc9d9-ddb5-4fa4-a97d-d965ccfc6d4b" outcome="Passed" testListId="8c84fa94-04c1-424b-9868-57a2d4851a1d" relativeResultsDirectory="4bd2bbe4-65da-4e51-92b0-8ec906d698dc" />
    <UnitTestResult executionId="e3401107-e5df-45d7-977f-05518d015a8e" testId="a182f345-7e9e-b2b6-bd8d-91ae4ca7c729" testName="USBDeviceManager.Tests.Integration.DevicesApiIntegrationTests.CreateDevice_ValidDevice_ShouldReturnCreatedWithLocation" computerName="BRNMTHF" duration="00:00:00.0146683" startTime="2026-01-19T16:45:10.8603931+01:00" endTime="2026-01-19T16:45:10.8603932+01:00" testType="13cdc9d9-ddb5-4fa4-a97d-d965ccfc6d4b" outcome="Passed" testListId="8c84fa94-04c1-424b-9868-57a2d4851a1d" relativeResultsDirectory="e3401107-e5df-45d7-977f-05518d015a8e" />
    <UnitTestResult executionId="b3eafe09-530b-4471-839d-94375e66610a" testId="fdf7417d-5e8e-8251-736b-3d3db19207fc" testName="USBDeviceManager.Tests.Integration.CompatControllerConfigsTests.PostConfigs_InvalidPayload_ShouldReturnBadRequest" computerName="BRNMTHF" duration="00:00:00.0064310" startTime="2026-01-19T16:45:09.1214380+01:00" endTime="2026-01-19T16:45:09.1214382+01:00" testType="13cdc9d9-ddb5-4fa4-a97d-d965ccfc6d4b" outcome="Passed" testListId="8c84fa94-04c1-424b-9868-57a2d4851a1d" relativeResultsDirectory="b3eafe09-530b-4471-839d-94375e66610a" />
    <UnitTestResult executionId="feaab5a6-d9b2-4a17-b565-c901aa43cfc3" testId="f715cbcd-2377-202f-c29b-9ca40ce6414f" testName="USBDeviceManager.Tests.Integration.DevicesApiIntegrationTests.DeviceApiWorkflow_CreateReadUpdateDelete_ShouldWorkEndToEnd" computerName="BRNMTHF" duration="00:00:00.0151606" startTime="2026-01-19T16:45:10.9478724+01:00" endTime="2026-01-19T16:45:10.9478725+01:00" testType="13cdc9d9-ddb5-4fa4-a97d-d965ccfc6d4b" outcome="Passed" testListId="8c84fa94-04c1-424b-9868-57a2d4851a1d" relativeResultsDirectory="feaab5a6-d9b2-4a17-b565-c901aa43cfc3" />
    <UnitTestResult executionId="00c65ba6-eb71-465c-8d03-513ac64a89fe" testId="15766d8b-769e-c511-6484-4de5ac266b55" testName="USBDeviceManager.Tests.Integration.DevicesApiIntegrationTests.GetDevice_NonExistentDevice_ShouldReturnNotFound" computerName="BRNMTHF" duration="00:00:00.0074198" startTime="2026-01-19T16:45:11.0110305+01:00" endTime="2026-01-19T16:45:11.0110306+01:00" testType="13cdc9d9-ddb5-4fa4-a97d-d965ccfc6d4b" outcome="Passed" testListId="8c84fa94-04c1-424b-9868-57a2d4851a1d" relativeResultsDirectory="00c65ba6-eb71-465c-8d03-513ac64a89fe" />
    <UnitTestResult executionId="bf63c707-416d-46d3-8137-13498b7df527" testId="a757b74b-5eb6-6ff1-0405-604fe3022a30" testName="USBDeviceManager.Tests.Unit.SimRacingContextTests.RuleExecution_CascadeDelete_ShouldRemoveExecutionsWhenRuleDeleted" computerName="BRNMTHF" duration="00:00:00.0165210" startTime="2026-01-19T16:45:07.9461512+01:00" endTime="2026-01-19T16:45:07.9461514+01:00" testType="13cdc9d9-ddb5-4fa4-a97d-d965ccfc6d4b" outcome="Passed" testListId="8c84fa94-04c1-424b-9868-57a2d4851a1d" relativeResultsDirectory="bf63c707-416d-46d3-8137-13498b7df527" />
    <UnitTestResult executionId="c16bfba7-7df9-4e78-aff3-5b378f97690f" testId="783cdefe-a38c-dfac-ab70-63ce6f1cee2b" testName="USBDeviceManager.Tests.Unit.SimRacingContextTests.AutomationRule_ValidTriggerActionCombinations_ShouldPersistCorrectly(trigger: SystemStartup, action: RunScript)" computerName="BRNMTHF" duration="00:00:00.0578849" startTime="2026-01-19T16:45:07.8076366+01:00" endTime="2026-01-19T16:45:07.8076368+01:00" testType="13cdc9d9-ddb5-4fa4-a97d-d965ccfc6d4b" outcome="Passed" testListId="8c84fa94-04c1-424b-9868-57a2d4851a1d" relativeResultsDirectory="c16bfba7-7df9-4e78-aff3-5b378f97690f" />
    <UnitTestResult executionId="f83373fd-f020-4f53-aaa4-1d2495bb1796" testId="c07b4c16-1b49-3471-966b-a99d04304369" testName="USBDeviceManager.Tests.Unit.DevicesControllerTests.DeleteDevice_WithInvalidId_ShouldReturnNotFound" computerName="BRNMTHF" duration="00:00:00.0005507" startTime="2026-01-19T16:45:08.9746515+01:00" endTime="2026-01-19T16:45:08.9746516+01:00" testType="13cdc9d9-ddb5-4fa4-a97d-d965ccfc6d4b" outcome="Passed" testListId="8c84fa94-04c1-424b-9868-57a2d4851a1d" relativeResultsDirectory="f83373fd-f020-4f53-aaa4-1d2495bb1796" />
    <UnitTestResult executionId="ad608d49-3f5f-42ab-bcb1-e75b03632539" testId="3577e245-324e-33c4-1008-069c2b1446a3" testName="USBDeviceManager.Tests.Unit.DevicesControllerTests.GetDevices_WithNoDevices_ShouldReturnEmptyList" computerName="BRNMTHF" duration="00:00:00.0004896" startTime="2026-01-19T16:45:08.9891915+01:00" endTime="2026-01-19T16:45:08.9891916+01:00" testType="13cdc9d9-ddb5-4fa4-a97d-d965ccfc6d4b" outcome="Passed" testListId="8c84fa94-04c1-424b-9868-57a2d4851a1d" relativeResultsDirectory="ad608d49-3f5f-42ab-bcb1-e75b03632539" />
    <UnitTestResult executionId="a5417f2c-5946-4bef-b373-6e1c5a563c34" testId="d79e71f7-b631-4aad-1118-906af570de45" testName="USBDeviceManager.Tests.Unit.DevicesControllerTests.CreateDevice_WithInvalidName_ShouldHandleValidationError(invalidName: null)" computerName="BRNMTHF" duration="00:00:00.0007639" startTime="2026-01-19T16:45:08.9864064+01:00" endTime="2026-01-19T16:45:08.9864065+01:00" testType="13cdc9d9-ddb5-4fa4-a97d-d965ccfc6d4b" outcome="Passed" testListId="8c84fa94-04c1-424b-9868-57a2d4851a1d" relativeResultsDirectory="a5417f2c-5946-4bef-b373-6e1c5a563c34" />
    <UnitTestResult executionId="1599727f-c929-4a67-a95a-7022d3f71a2c" testId="752133f3-9301-dcc1-abd3-d209d41cc939" testName="USBDeviceManager.Tests.Unit.SimRacingContextTests.UsbDevice_UniqueDeviceId_ShouldEnforceConstraint" computerName="BRNMTHF" duration="00:00:00.0108117" startTime="2026-01-19T16:45:07.8457490+01:00" endTime="2026-01-19T16:45:07.8457491+01:00" testType="13cdc9d9-ddb5-4fa4-a97d-d965ccfc6d4b" outcome="Passed" testListId="8c84fa94-04c1-424b-9868-57a2d4851a1d" relativeResultsDirectory="1599727f-c929-4a67-a95a-7022d3f71a2c" />
    <UnitTestResult executionId="b3beeb69-eda7-462a-9289-05eee4fb65ad" testId="1ec54255-633f-fd54-587f-350cc5bf77ca" testName="USBDeviceManager.Tests.Unit.DevicesControllerTests.GetDeviceStatus_WithNoStatus_ShouldReturnNotFound" computerName="BRNMTHF" duration="00:00:00.0006345" startTime="2026-01-19T16:45:08.9931196+01:00" endTime="2026-01-19T16:45:08.9931197+01:00" testType="13cdc9d9-ddb5-4fa4-a97d-d965ccfc6d4b" outcome="Passed" testListId="8c84fa94-04c1-424b-9868-57a2d4851a1d" relativeResultsDirectory="b3beeb69-eda7-462a-9289-05eee4fb65ad" />
    <UnitTestResult executionId="f4e84bad-43af-44be-ad97-5de7a11788ae" testId="169ca4b2-e1ad-d05f-efb3-4af03e43c044" testName="USBDeviceManager.Tests.Unit.SimRacingContextTests.DeviceStatus_CascadeDelete_ShouldRemoveStatusesWhenDeviceDeleted" computerName="BRNMTHF" duration="00:00:00.0190854" startTime="2026-01-19T16:45:07.8648850+01:00" endTime="2026-01-19T16:45:07.8648851+01:00" testType="13cdc9d9-ddb5-4fa4-a97d-d965ccfc6d4b" outcome="Passed" testListId="8c84fa94-04c1-424b-9868-57a2d4851a1d" relativeResultsDirectory="f4e84bad-43af-44be-ad97-5de7a11788ae" />
    <UnitTestResult executionId="f3df3be2-3b1b-4a7f-b010-1fe26804a3b5" testId="4cadfce5-dfb9-f81b-0695-40b2b2e617e8" testName="USBDeviceManager.Tests.Unit.DevicesControllerTests.GetDevice_WithInvalidId_ShouldReturnNotFound" computerName="BRNMTHF" duration="00:00:00.0060224" startTime="2026-01-19T16:45:08.9740651+01:00" endTime="2026-01-19T16:45:08.9740652+01:00" testType="13cdc9d9-ddb5-4fa4-a97d-d965ccfc6d4b" outcome="Passed" testListId="8c84fa94-04c1-424b-9868-57a2d4851a1d" relativeResultsDirectory="f3df3be2-3b1b-4a7f-b010-1fe26804a3b5" />
    <UnitTestResult executionId="1de60b96-aba6-4221-8b21-a096e03da86f" testId="da0f4753-cc88-a477-6e11-4870ccd80dcd" testName="USBDeviceManager.Tests.Integration.DevicesApiIntegrationTests.ScanForDevices_ShouldReturnSuccessResponse" computerName="BRNMTHF" duration="00:00:00.0065176" startTime="2026-01-19T16:45:10.9324177+01:00" endTime="2026-01-19T16:45:10.9324179+01:00" testType="13cdc9d9-ddb5-4fa4-a97d-d965ccfc6d4b" outcome="Passed" testListId="8c84fa94-04c1-424b-9868-57a2d4851a1d" relativeResultsDirectory="1de60b96-aba6-4221-8b21-a096e03da86f" />
    <UnitTestResult executionId="cff31523-e41c-4f5b-87fa-3df20f905d24" testId="e92f673f-3bbe-c04b-fea9-ee97b2c3754c" testName="USBDeviceManager.Tests.Functional.DashboardFunctionalTests.CreateSoftware_MissingRequiredField_ReturnsBadRequest" computerName="BRNMTHF" duration="00:00:00.0128831" startTime="2026-01-19T16:45:08.6647962+01:00" endTime="2026-01-19T16:45:08.6647964+01:00" testType="13cdc9d9-ddb5-4fa4-a97d-d965ccfc6d4b" outcome="Passed" testListId="8c84fa94-04c1-424b-9868-57a2d4851a1d" relativeResultsDirectory="cff31523-e41c-4f5b-87fa-3df20f905d24" />
    <UnitTestResult executionId="ff8d7070-6832-4ea9-86b8-e06adbf71e03" testId="7f78dc9e-dca3-2220-bd77-eeade20ce57a" testName="USBDeviceManager.Tests.Unit.DevicesControllerTests.ToggleDevice_WithInvalidDevice_ShouldReturnNotFound" computerName="BRNMTHF" duration="00:00:00.0004807" startTime="2026-01-19T16:45:08.9872512+01:00" endTime="2026-01-19T16:45:08.9872513+01:00" testType="13cdc9d9-ddb5-4fa4-a97d-d965ccfc6d4b" outcome="Passed" testListId="8c84fa94-04c1-424b-9868-57a2d4851a1d" relativeResultsDirectory="ff8d7070-6832-4ea9-86b8-e06adbf71e03" />
    <UnitTestResult executionId="0652033d-5e23-4703-878e-b1a21479e5e4" testId="0c040494-76fc-bb27-2c4a-b5f185e69a7c" testName="USBDeviceManager.Tests.Unit.SimRacingContextTests.AutomationRule_ValidTriggerActionCombinations_ShouldPersistCorrectly(trigger: DeviceConnected, action: StartSoftware)" computerName="BRNMTHF" duration="00:00:00.0062818" startTime="2026-01-19T16:45:07.8270931+01:00" endTime="2026-01-19T16:45:07.8270932+01:00" testType="13cdc9d9-ddb5-4fa4-a97d-d965ccfc6d4b" outcome="Passed" testListId="8c84fa94-04c1-424b-9868-57a2d4851a1d" relativeResultsDirectory="0652033d-5e23-4703-878e-b1a21479e5e4" />
    <UnitTestResult executionId="fd3be976-5afa-4309-a8db-eabd8cb91bd7" testId="7b6b3cda-6a73-e7b0-d226-3151edacfb3e" testName="USBDeviceManager.Tests.Integration.DevicesApiIntegrationTests.DeleteDevice_NonExistentDevice_ShouldReturnNotFound" computerName="BRNMTHF" duration="00:00:00.0032369" startTime="2026-01-19T16:45:10.9550686+01:00" endTime="2026-01-19T16:45:10.9550687+01:00" testType="13cdc9d9-ddb5-4fa4-a97d-d965ccfc6d4b" outcome="Passed" testListId="8c84fa94-04c1-424b-9868-57a2d4851a1d" relativeResultsDirectory="fd3be976-5afa-4309-a8db-eabd8cb91bd7" />
    <UnitTestResult executionId="cd10c556-b0d1-4a94-80ee-ddfc9e25f2fc" testId="3242f0f8-413e-4669-5b50-e91c84e4f6f2" testName="USBDeviceManager.Tests.Integration.DevicesApiIntegrationTests.UpdateDevice_MismatchedId_ShouldReturnBadRequest" computerName="BRNMTHF" duration="00:00:00.0034033" startTime="2026-01-19T16:45:10.9515660+01:00" endTime="2026-01-19T16:45:10.9515661+01:00" testType="13cdc9d9-ddb5-4fa4-a97d-d965ccfc6d4b" outcome="Passed" testListId="8c84fa94-04c1-424b-9868-57a2d4851a1d" relativeResultsDirectory="cd10c556-b0d1-4a94-80ee-ddfc9e25f2fc" />
    <UnitTestResult executionId="a9e08689-9518-4657-818b-1172ba64e62e" testId="fcb0a15a-73f9-14ca-21b5-4fba0751720f" testName="USBDeviceManager.Tests.Integration.DevicesApiIntegrationTests.GetDevice_ExistingDevice_ShouldReturnDeviceDetails" computerName="BRNMTHF" duration="00:00:00.0171758" startTime="2026-01-19T16:45:10.9028318+01:00" endTime="2026-01-19T16:45:10.9028320+01:00" testType="13cdc9d9-ddb5-4fa4-a97d-d965ccfc6d4b" outcome="Passed" testListId="8c84fa94-04c1-424b-9868-57a2d4851a1d" relativeResultsDirectory="a9e08689-9518-4657-818b-1172ba64e62e" />
    <UnitTestResult executionId="24f6b747-baae-4c41-8f48-e188756bf4e1" testId="48dd7249-92a0-4a7a-6c43-cdb1f540ec07" testName="USBDeviceManager.Tests.Unit.DevicesControllerTests.GetDeviceStatus_WithExistingStatus_ShouldReturnLatestStatus" computerName="BRNMTHF" duration="00:00:00.0050487" startTime="2026-01-19T16:45:08.9856060+01:00" endTime="2026-01-19T16:45:08.9856061+01:00" testType="13cdc9d9-ddb5-4fa4-a97d-d965ccfc6d4b" outcome="Passed" testListId="8c84fa94-04c1-424b-9868-57a2d4851a1d" relativeResultsDirectory="24f6b747-baae-4c41-8f48-e188756bf4e1" />
    <UnitTestResult executionId="5c7a2580-8024-485b-b01f-7f2fbcfe4c6d" testId="b29cba0b-099c-451c-658e-e4d53b95b7ce" testName="USBDeviceManager.Tests.Functional.DashboardFunctionalTests.ErrorHandlingAndRecovery_InvalidOperations_ShouldHandleGracefully" computerName="BRNMTHF" duration="00:00:00.0320671" startTime="2026-01-19T16:45:08.7488580+01:00" endTime="2026-01-19T16:45:08.7488584+01:00" testType="13cdc9d9-ddb5-4fa4-a97d-d965ccfc6d4b" outcome="Passed" testListId="8c84fa94-04c1-424b-9868-57a2d4851a1d" relativeResultsDirectory="5c7a2580-8024-485b-b01f-7f2fbcfe4c6d" />
    <UnitTestResult executionId="68695be8-0e63-4ef3-b324-6fb3e2a26e39" testId="c9a97ae1-6374-82d6-679b-286cbe676de5" testName="USBDeviceManager.Tests.Integration.DevicesApiIntegrationTests.ToggleDevice_EnableDisable_ShouldUpdateState" computerName="BRNMTHF" duration="00:00:00.0283512" startTime="2026-01-19T16:45:10.8454490+01:00" endTime="2026-01-19T16:45:10.8454491+01:00" testType="13cdc9d9-ddb5-4fa4-a97d-d965ccfc6d4b" outcome="Passed" testListId="8c84fa94-04c1-424b-9868-57a2d4851a1d" relativeResultsDirectory="68695be8-0e63-4ef3-b324-6fb3e2a26e39" />
    <UnitTestResult executionId="7eb6bf57-c0be-4fa0-bc07-a55ff6b385fb" testId="c7c8ad78-d389-e6fc-9486-6211b9776f36" testName="USBDeviceManager.Tests.Functional.DashboardFunctionalTests.StartSoftware_WhenDisabled_ReturnsBadRequest" computerName="BRNMTHF" duration="00:00:00.0068926" startTime="2026-01-19T16:45:08.7559949+01:00" endTime="2026-01-19T16:45:08.7559951+01:00" testType="13cdc9d9-ddb5-4fa4-a97d-d965ccfc6d4b" outcome="Passed" testListId="8c84fa94-04c1-424b-9868-57a2d4851a1d" relativeResultsDirectory="7eb6bf57-c0be-4fa0-bc07-a55ff6b385fb" />
    <UnitTestResult executionId="b81e2f8d-abd4-4621-ab5a-4de671d7d2ec" testId="7fce1116-eee6-8bbf-d272-1140bf7b3e2c" testName="USBDeviceManager.Tests.Unit.SimRacingContextTests.AddUsbDevice_ShouldCreateDeviceSuccessfully" computerName="BRNMTHF" duration="00:00:00.0077669" startTime="2026-01-19T16:45:07.8348980+01:00" endTime="2026-01-19T16:45:07.8348981+01:00" testType="13cdc9d9-ddb5-4fa4-a97d-d965ccfc6d4b" outcome="Passed" testListId="8c84fa94-04c1-424b-9868-57a2d4851a1d" relativeResultsDirectory="b81e2f8d-abd4-4621-ab5a-4de671d7d2ec" />
    <UnitTestResult executionId="d054542a-0aec-4cc7-8845-af06cae8038b" testId="a9ad3787-449b-9a3c-4d0e-e47880fb8dc5" testName="USBDeviceManager.Tests.Integration.CompatControllerIntegrationTests.GetConfigs_EmptyDatabase_ShouldReturnEmptyArray" computerName="BRNMTHF" duration="00:00:00.0393504" startTime="2026-01-19T16:45:09.1869639+01:00" endTime="2026-01-19T16:45:09.1869640+01:00" testType="13cdc9d9-ddb5-4fa4-a97d-d965ccfc6d4b" outcome="Passed" testListId="8c84fa94-04c1-424b-9868-57a2d4851a1d" relativeResultsDirectory="d054542a-0aec-4cc7-8845-af06cae8038b" />
    <UnitTestResult executionId="d0f70c34-9a60-4abd-9939-065ae5b3d5eb" testId="89bafb1a-9f4d-5471-245f-aa81225c0bc1" testName="USBDeviceManager.Tests.Unit.DevicesControllerTests.UpdateDevice_WithValidData_ShouldUpdateSuccessfully" computerName="BRNMTHF" duration="00:00:00.0007100" startTime="2026-01-19T16:45:08.9924541+01:00" endTime="2026-01-19T16:45:08.9924542+01:00" testType="13cdc9d9-ddb5-4fa4-a97d-d965ccfc6d4b" outcome="Passed" testListId="8c84fa94-04c1-424b-9868-57a2d4851a1d" relativeResultsDirectory="d0f70c34-9a60-4abd-9939-065ae5b3d5eb" />
    <UnitTestResult executionId="3cbefa51-bfc7-4f7d-838f-c8b9a4b4f6f3" testId="f212ac7c-2cb5-c260-a38f-2cb3a9c64068" testName="USBDeviceManager.Tests.Integration.DevicesApiIntegrationTests.CreateDevice_InvalidData_ShouldReturnValidationError" computerName="BRNMTHF" duration="00:00:00.0030214" startTime="2026-01-19T16:45:11.0143232+01:00" endTime="2026-01-19T16:45:11.0143233+01:00" testType="13cdc9d9-ddb5-4fa4-a97d-d965ccfc6d4b" outcome="Passed" testListId="8c84fa94-04c1-424b-9868-57a2d4851a1d" relativeResultsDirectory="3cbefa51-bfc7-4f7d-838f-c8b9a4b4f6f3" />
    <UnitTestResult executionId="14c83c84-1425-4403-8873-50d6e4955745" testId="18f30a39-8859-4c68-494a-c13e1c649464" testName="USBDeviceManager.Tests.Integration.Regression.HeartbeatRegressionTests.Heartbeat_Post_WithLegacySchema_ShouldReturnOk" computerName="BRNMTHF" duration="00:00:00.0478965" startTime="2026-01-19T16:45:11.0930721+01:00" endTime="2026-01-19T16:45:11.0930723+01:00" testType="13cdc9d9-ddb5-4fa4-a97d-d965ccfc6d4b" outcome="Passed" testListId="8c84fa94-04c1-424b-9868-57a2d4851a1d" relativeResultsDirectory="14c83c84-1425-4403-8873-50d6e4955745" />
    <UnitTestResult executionId="c7cbfe04-44ee-4247-9f62-3b55fa9e5627" testId="57943011-683c-d008-e817-e7739d5b7bbb" testName="USBDeviceManager.Tests.Unit.DevicesControllerTests.CreateDevice_WithValidDevice_ShouldCreateSuccessfully" computerName="BRNMTHF" duration="00:00:00.0007761" startTime="2026-01-19T16:45:08.9939292+01:00" endTime="2026-01-19T16:45:08.9939293+01:00" testType="13cdc9d9-ddb5-4fa4-a97d-d965ccfc6d4b" outcome="Passed" testListId="8c84fa94-04c1-424b-9868-57a2d4851a1d" relativeResultsDirectory="c7cbfe04-44ee-4247-9f62-3b55fa9e5627" />
    <UnitTestResult executionId="03b78477-8de2-4014-aba3-95d3b9568c80" testId="9a918b46-5485-38e1-6195-d63ff70e4cb3" testName="USBDeviceManager.Tests.Unit.DevicesControllerTests.CreateDevice_WithInvalidName_ShouldHandleValidationError(invalidName: &quot;&quot;)" computerName="BRNMTHF" duration="00:00:00.0003120" startTime="2026-01-19T16:45:08.9867393+01:00" endTime="2026-01-19T16:45:08.9867394+01:00" testType="13cdc9d9-ddb5-4fa4-a97d-d965ccfc6d4b" outcome="Passed" testListId="8c84fa94-04c1-424b-9868-57a2d4851a1d" relativeResultsDirectory="03b78477-8de2-4014-aba3-95d3b9568c80" />
    <UnitTestResult executionId="87fbdd4c-7120-4d40-b510-0e9ac692e535" testId="ced52e83-96b5-9909-989d-25eb4ce217f9" testName="USBDeviceManager.Tests.Unit.SimRacingContextTests.SystemStatus_MultipleEntries_ShouldStoreChronologically" computerName="BRNMTHF" duration="00:00:00.6096118" startTime="2026-01-19T16:45:07.6837484+01:00" endTime="2026-01-19T16:45:07.6837612+01:00" testType="13cdc9d9-ddb5-4fa4-a97d-d965ccfc6d4b" outcome="Passed" testListId="8c84fa94-04c1-424b-9868-57a2d4851a1d" relativeResultsDirectory="87fbdd4c-7120-4d40-b510-0e9ac692e535" />
    <UnitTestResult executionId="be780dee-b5b5-48bb-a45d-a886c004fee1" testId="87f1b0b9-2b70-a7e4-83ed-8d6c0cec1764" testName="USBDeviceManager.Tests.Unit.DevicesControllerTests.ScanForDevices_ShouldReturnSuccessResponse" computerName="BRNMTHF" duration="00:00:00.0013852" startTime="2026-01-19T16:45:08.9886696+01:00" endTime="2026-01-19T16:45:08.9886697+01:00" testType="13cdc9d9-ddb5-4fa4-a97d-d965ccfc6d4b" outcome="Passed" testListId="8c84fa94-04c1-424b-9868-57a2d4851a1d" relativeResultsDirectory="be780dee-b5b5-48bb-a45d-a886c004fee1" />
  </Results>
  <TestDefinitions>
    <UnitTest name="USBDeviceManager.Tests.Unit.SimRacingContextTests.ManagedSoftware_RequiredFields_ShouldEnforceValidation" storage="e:\workspaces\git\simracing\usbdevicemanager\server\usbdevicemanager.tests\bin\debug\net8.0\usbdevicemanager.tests.dll" id="7cb87aea-7170-76dc-3fe3-a772230ccea6">
      <Execution id="82872763-8334-40ba-bb7a-1035a68a9957" />
      <TestMethod codeBase="E:\Workspaces\Git\SimRacing\USBDeviceManager\server\USBDeviceManager.Tests\bin\Debug\net8.0\USBDeviceManager.Tests.dll" adapterTypeName="executor://xunit/VsTestRunner2/netcoreapp" className="USBDeviceManager.Tests.Unit.SimRacingContextTests" name="ManagedSoftware_RequiredFields_ShouldEnforceValidation" />
    </UnitTest>
    <UnitTest name="USBDeviceManager.Tests.Integration.CompatControllerIntegrationTests.GetConfigs_EmptyDatabase_ShouldReturnEmptyArray" storage="e:\workspaces\git\simracing\usbdevicemanager\server\usbdevicemanager.tests\bin\debug\net8.0\usbdevicemanager.tests.dll" id="a9ad3787-449b-9a3c-4d0e-e47880fb8dc5">
      <Execution id="d054542a-0aec-4cc7-8845-af06cae8038b" />
      <TestMethod codeBase="E:\Workspaces\Git\SimRacing\USBDeviceManager\server\USBDeviceManager.Tests\bin\Debug\net8.0\USBDeviceManager.Tests.dll" adapterTypeName="executor://xunit/VsTestRunner2/netcoreapp" className="USBDeviceManager.Tests.Integration.CompatControllerIntegrationTests" name="GetConfigs_EmptyDatabase_ShouldReturnEmptyArray" />
    </UnitTest>
    <UnitTest name="USBDeviceManager.Tests.Functional.DashboardFunctionalTests.CreateSoftware_MissingRequiredField_ReturnsBadRequest" storage="e:\workspaces\git\simracing\usbdevicemanager\server\usbdevicemanager.tests\bin\debug\net8.0\usbdevicemanager.tests.dll" id="e92f673f-3bbe-c04b-fea9-ee97b2c3754c">
      <Execution id="cff31523-e41c-4f5b-87fa-3df20f905d24" />
      <TestMethod codeBase="E:\Workspaces\Git\SimRacing\USBDeviceManager\server\USBDeviceManager.Tests\bin\Debug\net8.0\USBDeviceManager.Tests.dll" adapterTypeName="executor://xunit/VsTestRunner2/netcoreapp" className="USBDeviceManager.Tests.Functional.DashboardFunctionalTests" name="CreateSoftware_MissingRequiredField_ReturnsBadRequest" />
    </UnitTest>
    <UnitTest name="USBDeviceManager.Tests.Unit.SimRacingContextTests.RuleExecution_CascadeDelete_ShouldRemoveExecutionsWhenRuleDeleted" storage="e:\workspaces\git\simracing\usbdevicemanager\server\usbdevicemanager.tests\bin\debug\net8.0\usbdevicemanager.tests.dll" id="a757b74b-5eb6-6ff1-0405-604fe3022a30">
      <Execution id="bf63c707-416d-46d3-8137-13498b7df527" />
      <TestMethod codeBase="E:\Workspaces\Git\SimRacing\USBDeviceManager\server\USBDeviceManager.Tests\bin\Debug\net8.0\USBDeviceManager.Tests.dll" adapterTypeName="executor://xunit/VsTestRunner2/netcoreapp" className="USBDeviceManager.Tests.Unit.SimRacingContextTests" name="RuleExecution_CascadeDelete_ShouldRemoveExecutionsWhenRuleDeleted" />
    </UnitTest>
    <UnitTest name="USBDeviceManager.Tests.Unit.DevicesControllerTests.CreateDevice_WithInvalidName_ShouldHandleValidationError(invalidName: &quot;&quot;)" storage="e:\workspaces\git\simracing\usbdevicemanager\server\usbdevicemanager.tests\bin\debug\net8.0\usbdevicemanager.tests.dll" id="9a918b46-5485-38e1-6195-d63ff70e4cb3">
      <Execution id="03b78477-8de2-4014-aba3-95d3b9568c80" />
      <TestMethod codeBase="E:\Workspaces\Git\SimRacing\USBDeviceManager\server\USBDeviceManager.Tests\bin\Debug\net8.0\USBDeviceManager.Tests.dll" adapterTypeName="executor://xunit/VsTestRunner2/netcoreapp" className="USBDeviceManager.Tests.Unit.DevicesControllerTests" name="CreateDevice_WithInvalidName_ShouldHandleValidationError" />
    </UnitTest>
    <UnitTest name="USBDeviceManager.Tests.Integration.Regression.HeartbeatRegressionTests.HealthEndpoint_Compatibility_ShouldReturn200" storage="e:\workspaces\git\simracing\usbdevicemanager\server\usbdevicemanager.tests\bin\debug\net8.0\usbdevicemanager.tests.dll" id="6374c80e-2406-27b5-1113-063bb78dce21">
      <Execution id="e9809a65-8735-4d66-9c5c-0692a3331084" />
      <TestMethod codeBase="E:\Workspaces\Git\SimRacing\USBDeviceManager\server\USBDeviceManager.Tests\bin\Debug\net8.0\USBDeviceManager.Tests.dll" adapterTypeName="executor://xunit/VsTestRunner2/netcoreapp" className="USBDeviceManager.Tests.Integration.Regression.HeartbeatRegressionTests" name="HealthEndpoint_Compatibility_ShouldReturn200" />
    </UnitTest>
    <UnitTest name="USBDeviceManager.Tests.Functional.DashboardFunctionalTests.AutomationWorkflow_ComplexRuleExecution_ShouldExecuteInCorrectOrder" storage="e:\workspaces\git\simracing\usbdevicemanager\server\usbdevicemanager.tests\bin\debug\net8.0\usbdevicemanager.tests.dll" id="6ace27e5-2097-4fc7-0432-866b105e30d5">
      <Execution id="0b49124b-ef56-4d8e-8919-fb3438fc19f3" />
      <TestMethod codeBase="E:\Workspaces\Git\SimRacing\USBDeviceManager\server\USBDeviceManager.Tests\bin\Debug\net8.0\USBDeviceManager.Tests.dll" adapterTypeName="executor://xunit/VsTestRunner2/netcoreapp" className="USBDeviceManager.Tests.Functional.DashboardFunctionalTests" name="AutomationWorkflow_ComplexRuleExecution_ShouldExecuteInCorrectOrder" />
    </UnitTest>
    <UnitTest name="USBDeviceManager.Tests.Integration.DevicesApiIntegrationTests.ScanForDevices_ShouldReturnSuccessResponse" storage="e:\workspaces\git\simracing\usbdevicemanager\server\usbdevicemanager.tests\bin\debug\net8.0\usbdevicemanager.tests.dll" id="da0f4753-cc88-a477-6e11-4870ccd80dcd">
      <Execution id="1de60b96-aba6-4221-8b21-a096e03da86f" />
      <TestMethod codeBase="E:\Workspaces\Git\SimRacing\USBDeviceManager\server\USBDeviceManager.Tests\bin\Debug\net8.0\USBDeviceManager.Tests.dll" adapterTypeName="executor://xunit/VsTestRunner2/netcoreapp" className="USBDeviceManager.Tests.Integration.DevicesApiIntegrationTests" name="ScanForDevices_ShouldReturnSuccessResponse" />
    </UnitTest>
    <UnitTest name="USBDeviceManager.Tests.Functional.DashboardFunctionalTests.DataConsistency_ConcurrentModifications_ShouldMaintainIntegrity" storage="e:\workspaces\git\simracing\usbdevicemanager\server\usbdevicemanager.tests\bin\debug\net8.0\usbdevicemanager.tests.dll" id="66d12bef-80f3-421e-daf5-f613a878904d">
      <Execution id="917dc51f-d70a-4088-b7eb-7369e5889b18" />
      <TestMethod codeBase="E:\Workspaces\Git\SimRacing\USBDeviceManager\server\USBDeviceManager.Tests\bin\Debug\net8.0\USBDeviceManager.Tests.dll" adapterTypeName="executor://xunit/VsTestRunner2/netcoreapp" className="USBDeviceManager.Tests.Functional.DashboardFunctionalTests" name="DataConsistency_ConcurrentModifications_ShouldMaintainIntegrity" />
    </UnitTest>
    <UnitTest name="USBDeviceManager.Tests.Unit.DevicesControllerTests.CreateDevice_WithInvalidName_ShouldHandleValidationError(invalidName: null)" storage="e:\workspaces\git\simracing\usbdevicemanager\server\usbdevicemanager.tests\bin\debug\net8.0\usbdevicemanager.tests.dll" id="d79e71f7-b631-4aad-1118-906af570de45">
      <Execution id="a5417f2c-5946-4bef-b373-6e1c5a563c34" />
      <TestMethod codeBase="E:\Workspaces\Git\SimRacing\USBDeviceManager\server\USBDeviceManager.Tests\bin\Debug\net8.0\USBDeviceManager.Tests.dll" adapterTypeName="executor://xunit/VsTestRunner2/netcoreapp" className="USBDeviceManager.Tests.Unit.DevicesControllerTests" name="CreateDevice_WithInvalidName_ShouldHandleValidationError" />
    </UnitTest>
    <UnitTest name="USBDeviceManager.Tests.Unit.SimRacingContextTests.AutomationRule_ValidTriggerActionCombinations_ShouldPersistCorrectly(trigger: DeviceDisconnected, action: StopSoftware)" storage="e:\workspaces\git\simracing\usbdevicemanager\server\usbdevicemanager.tests\bin\debug\net8.0\usbdevicemanager.tests.dll" id="14348b90-4ebf-b77f-8737-a77f91c20830">
      <Execution id="d5ab1db8-3394-4452-8298-14b174fffd63" />
      <TestMethod codeBase="E:\Workspaces\Git\SimRacing\USBDeviceManager\server\USBDeviceManager.Tests\bin\Debug\net8.0\USBDeviceManager.Tests.dll" adapterTypeName="executor://xunit/VsTestRunner2/netcoreapp" className="USBDeviceManager.Tests.Unit.SimRacingContextTests" name="AutomationRule_ValidTriggerActionCombinations_ShouldPersistCorrectly" />
    </UnitTest>
    <UnitTest name="USBDeviceManager.Tests.Integration.DevicesApiIntegrationTests.ToggleDevice_EnableDisable_ShouldUpdateState" storage="e:\workspaces\git\simracing\usbdevicemanager\server\usbdevicemanager.tests\bin\debug\net8.0\usbdevicemanager.tests.dll" id="c9a97ae1-6374-82d6-679b-286cbe676de5">
      <Execution id="68695be8-0e63-4ef3-b324-6fb3e2a26e39" />
      <TestMethod codeBase="E:\Workspaces\Git\SimRacing\USBDeviceManager\server\USBDeviceManager.Tests\bin\Debug\net8.0\USBDeviceManager.Tests.dll" adapterTypeName="executor://xunit/VsTestRunner2/netcoreapp" className="USBDeviceManager.Tests.Integration.DevicesApiIntegrationTests" name="ToggleDevice_EnableDisable_ShouldUpdateState" />
    </UnitTest>
    <UnitTest name="USBDeviceManager.Tests.Integration.DevicesApiIntegrationTests.GetDevice_NonExistentDevice_ShouldReturnNotFound" storage="e:\workspaces\git\simracing\usbdevicemanager\server\usbdevicemanager.tests\bin\debug\net8.0\usbdevicemanager.tests.dll" id="15766d8b-769e-c511-6484-4de5ac266b55">
      <Execution id="00c65ba6-eb71-465c-8d03-513ac64a89fe" />
      <TestMethod codeBase="E:\Workspaces\Git\SimRacing\USBDeviceManager\server\USBDeviceManager.Tests\bin\Debug\net8.0\USBDeviceManager.Tests.dll" adapterTypeName="executor://xunit/VsTestRunner2/netcoreapp" className="USBDeviceManager.Tests.Integration.DevicesApiIntegrationTests" name="GetDevice_NonExistentDevice_ShouldReturnNotFound" />
    </UnitTest>
    <UnitTest name="USBDeviceManager.Tests.Unit.DevicesControllerTests.GetDeviceStatusHistory_WithCustomTimeRange_ShouldFilterCorrectly" storage="e:\workspaces\git\simracing\usbdevicemanager\server\usbdevicemanager.tests\bin\debug\net8.0\usbdevicemanager.tests.dll" id="0c4271a2-bc44-cc77-95ca-260e4b31813c">
      <Execution id="c55bb21e-ffa4-445b-8c12-4212ab4e8198" />
      <TestMethod codeBase="E:\Workspaces\Git\SimRacing\USBDeviceManager\server\USBDeviceManager.Tests\bin\Debug\net8.0\USBDeviceManager.Tests.dll" adapterTypeName="executor://xunit/VsTestRunner2/netcoreapp" className="USBDeviceManager.Tests.Unit.DevicesControllerTests" name="GetDeviceStatusHistory_WithCustomTimeRange_ShouldFilterCorrectly" />
    </UnitTest>
    <UnitTest name="USBDeviceManager.Tests.Integration.Regression.HeartbeatRegressionTests.Heartbeat_Post_WithLegacySchema_ShouldReturnOk" storage="e:\workspaces\git\simracing\usbdevicemanager\server\usbdevicemanager.tests\bin\debug\net8.0\usbdevicemanager.tests.dll" id="18f30a39-8859-4c68-494a-c13e1c649464">
      <Execution id="14c83c84-1425-4403-8873-50d6e4955745" />
      <TestMethod codeBase="E:\Workspaces\Git\SimRacing\USBDeviceManager\server\USBDeviceManager.Tests\bin\Debug\net8.0\USBDeviceManager.Tests.dll" adapterTypeName="executor://xunit/VsTestRunner2/netcoreapp" className="USBDeviceManager.Tests.Integration.Regression.HeartbeatRegressionTests" name="Heartbeat_Post_WithLegacySchema_ShouldReturnOk" />
    </UnitTest>
    <UnitTest name="USBDeviceManager.Tests.Unit.DevicesControllerTests.GetDeviceStatus_WithExistingStatus_ShouldReturnLatestStatus" storage="e:\workspaces\git\simracing\usbdevicemanager\server\usbdevicemanager.tests\bin\debug\net8.0\usbdevicemanager.tests.dll" id="48dd7249-92a0-4a7a-6c43-cdb1f540ec07">
      <Execution id="24f6b747-baae-4c41-8f48-e188756bf4e1" />
      <TestMethod codeBase="E:\Workspaces\Git\SimRacing\USBDeviceManager\server\USBDeviceManager.Tests\bin\Debug\net8.0\USBDeviceManager.Tests.dll" adapterTypeName="executor://xunit/VsTestRunner2/netcoreapp" className="USBDeviceManager.Tests.Unit.DevicesControllerTests" name="GetDeviceStatus_WithExistingStatus_ShouldReturnLatestStatus" />
    </UnitTest>
    <UnitTest name="USBDeviceManager.Tests.Integration.CompatControllerConfigsTests.PostConfigs_CreateStandaloneSoftware_ShouldReturnCreatedAndPersistSoftware" storage="e:\workspaces\git\simracing\usbdevicemanager\server\usbdevicemanager.tests\bin\debug\net8.0\usbdevicemanager.tests.dll" id="45d832f0-037f-811a-83dc-839252daf9dd">
      <Execution id="e81f823c-3ab4-42a3-b29d-220521b5fd18" />
      <TestMethod codeBase="E:\Workspaces\Git\SimRacing\USBDeviceManager\server\USBDeviceManager.Tests\bin\Debug\net8.0\USBDeviceManager.Tests.dll" adapterTypeName="executor://xunit/VsTestRunner2/netcoreapp" className="USBDeviceManager.Tests.Integration.CompatControllerConfigsTests" name="PostConfigs_CreateStandaloneSoftware_ShouldReturnCreatedAndPersistSoftware" />
    </UnitTest>
    <UnitTest name="USBDeviceManager.Tests.Functional.DashboardFunctionalTests.StartSoftware_WhenDisabled_ReturnsBadRequest" storage="e:\workspaces\git\simracing\usbdevicemanager\server\usbdevicemanager.tests\bin\debug\net8.0\usbdevicemanager.tests.dll" id="c7c8ad78-d389-e6fc-9486-6211b9776f36">
      <Execution id="7eb6bf57-c0be-4fa0-bc07-a55ff6b385fb" />
      <TestMethod codeBase="E:\Workspaces\Git\SimRacing\USBDeviceManager\server\USBDeviceManager.Tests\bin\Debug\net8.0\USBDeviceManager.Tests.dll" adapterTypeName="executor://xunit/VsTestRunner2/netcoreapp" className="USBDeviceManager.Tests.Functional.DashboardFunctionalTests" name="StartSoftware_WhenDisabled_ReturnsBadRequest" />
    </UnitTest>
    <UnitTest name="USBDeviceManager.Tests.Unit.DevicesControllerTests.DeleteDevice_WithValidId_ShouldDeleteSuccessfully" storage="e:\workspaces\git\simracing\usbdevicemanager\server\usbdevicemanager.tests\bin\debug\net8.0\usbdevicemanager.tests.dll" id="9996432f-8d01-ebc3-ef1e-714693e03c4d">
      <Execution id="cd77ebc4-fc02-48e8-a9e5-3627912263f3" />
      <TestMethod codeBase="E:\Workspaces\Git\SimRacing\USBDeviceManager\server\USBDeviceManager.Tests\bin\Debug\net8.0\USBDeviceManager.Tests.dll" adapterTypeName="executor://xunit/VsTestRunner2/netcoreapp" className="USBDeviceManager.Tests.Unit.DevicesControllerTests" name="DeleteDevice_WithValidId_ShouldDeleteSuccessfully" />
    </UnitTest>
    <UnitTest name="USBDeviceManager.Tests.Unit.DevicesControllerTests.GetDevices_WithMultipleDevices_ShouldReturnAllDevices" storage="e:\workspaces\git\simracing\usbdevicemanager\server\usbdevicemanager.tests\bin\debug\net8.0\usbdevicemanager.tests.dll" id="6215f624-50bc-e02b-aa25-8a2b79fe3900">
      <Execution id="08c4bd3c-1ad1-47ca-ae29-c92d4f31909d" />
      <TestMethod codeBase="E:\Workspaces\Git\SimRacing\USBDeviceManager\server\USBDeviceManager.Tests\bin\Debug\net8.0\USBDeviceManager.Tests.dll" adapterTypeName="executor://xunit/VsTestRunner2/netcoreapp" className="USBDeviceManager.Tests.Unit.DevicesControllerTests" name="GetDevices_WithMultipleDevices_ShouldReturnAllDevices" />
    </UnitTest>
    <UnitTest name="USBDeviceManager.Tests.Unit.SimRacingContextTests.DeviceStatus_TimestampIndexing_ShouldSupportTimeRangeQueries" storage="e:\workspaces\git\simracing\usbdevicemanager\server\usbdevicemanager.tests\bin\debug\net8.0\usbdevicemanager.tests.dll" id="b1dad546-500d-cd56-ee42-50d78ac58dbc">
      <Execution id="25a76b48-0875-4b39-b3c3-06621a3f7442" />
      <TestMethod codeBase="E:\Workspaces\Git\SimRacing\USBDeviceManager\server\USBDeviceManager.Tests\bin\Debug\net8.0\USBDeviceManager.Tests.dll" adapterTypeName="executor://xunit/VsTestRunner2/netcoreapp" className="USBDeviceManager.Tests.Unit.SimRacingContextTests" name="DeviceStatus_TimestampIndexing_ShouldSupportTimeRangeQueries" />
    </UnitTest>
    <UnitTest name="USBDeviceManager.Tests.Integration.DevicesApiIntegrationTests.GetDeviceStatusHistory_WithTimeFilter_ShouldReturnFilteredResults" storage="e:\workspaces\git\simracing\usbdevicemanager\server\usbdevicemanager.tests\bin\debug\net8.0\usbdevicemanager.tests.dll" id="d50f58a8-6253-3b49-6eca-bc8634df1396">
      <Execution id="326fdd32-ae76-4185-98fa-60e87c3d0d78" />
      <TestMethod codeBase="E:\Workspaces\Git\SimRacing\USBDeviceManager\server\USBDeviceManager.Tests\bin\Debug\net8.0\USBDeviceManager.Tests.dll" adapterTypeName="executor://xunit/VsTestRunner2/netcoreapp" className="USBDeviceManager.Tests.Integration.DevicesApiIntegrationTests" name="GetDeviceStatusHistory_WithTimeFilter_ShouldReturnFilteredResults" />
    </UnitTest>
    <UnitTest name="USBDeviceManager.Tests.Integration.DevicesApiIntegrationTests.UpdateDevice_ValidChanges_ShouldUpdateSuccessfully" storage="e:\workspaces\git\simracing\usbdevicemanager\server\usbdevicemanager.tests\bin\debug\net8.0\usbdevicemanager.tests.dll" id="4cb210e3-9f55-d26a-d73c-43b790f46faf">
      <Execution id="4f688445-08f1-4872-85c8-9438e051fd0f" />
      <TestMethod codeBase="E:\Workspaces\Git\SimRacing\USBDeviceManager\server\USBDeviceManager.Tests\bin\Debug\net8.0\USBDeviceManager.Tests.dll" adapterTypeName="executor://xunit/VsTestRunner2/netcoreapp" className="USBDeviceManager.Tests.Integration.DevicesApiIntegrationTests" name="UpdateDevice_ValidChanges_ShouldUpdateSuccessfully" />
    </UnitTest>
    <UnitTest name="USBDeviceManager.Tests.Unit.SimRacingContextTests.AutomationRule_ValidTriggerActionCombinations_ShouldPersistCorrectly(trigger: DeviceConnected, action: StartSoftware)" storage="e:\workspaces\git\simracing\usbdevicemanager\server\usbdevicemanager.tests\bin\debug\net8.0\usbdevicemanager.tests.dll" id="0c040494-76fc-bb27-2c4a-b5f185e69a7c">
      <Execution id="0652033d-5e23-4703-878e-b1a21479e5e4" />
      <TestMethod codeBase="E:\Workspaces\Git\SimRacing\USBDeviceManager\server\USBDeviceManager.Tests\bin\Debug\net8.0\USBDeviceManager.Tests.dll" adapterTypeName="executor://xunit/VsTestRunner2/netcoreapp" className="USBDeviceManager.Tests.Unit.SimRacingContextTests" name="AutomationRule_ValidTriggerActionCombinations_ShouldPersistCorrectly" />
    </UnitTest>
    <UnitTest name="USBDeviceManager.Tests.Unit.SimRacingContextTests.AutomationRule_WithDeviceAndSoftwareReferences_ShouldMaintainRelationships" storage="e:\workspaces\git\simracing\usbdevicemanager\server\usbdevicemanager.tests\bin\debug\net8.0\usbdevicemanager.tests.dll" id="68a205d8-ee11-30f5-8f98-eea37a2e1ff9">
      <Execution id="17ed673a-c951-4a97-a30d-d1860be49723" />
      <TestMethod codeBase="E:\Workspaces\Git\SimRacing\USBDeviceManager\server\USBDeviceManager.Tests\bin\Debug\net8.0\USBDeviceManager.Tests.dll" adapterTypeName="executor://xunit/VsTestRunner2/netcoreapp" className="USBDeviceManager.Tests.Unit.SimRacingContextTests" name="AutomationRule_WithDeviceAndSoftwareReferences_ShouldMaintainRelationships" />
    </UnitTest>
    <UnitTest name="USBDeviceManager.Tests.Unit.SimRacingContextTests.AddUsbDevice_ShouldCreateDeviceSuccessfully" storage="e:\workspaces\git\simracing\usbdevicemanager\server\usbdevicemanager.tests\bin\debug\net8.0\usbdevicemanager.tests.dll" id="7fce1116-eee6-8bbf-d272-1140bf7b3e2c">
      <Execution id="b81e2f8d-abd4-4621-ab5a-4de671d7d2ec" />
      <TestMethod codeBase="E:\Workspaces\Git\SimRacing\USBDeviceManager\server\USBDeviceManager.Tests\bin\Debug\net8.0\USBDeviceManager.Tests.dll" adapterTypeName="executor://xunit/VsTestRunner2/netcoreapp" className="USBDeviceManager.Tests.Unit.SimRacingContextTests" name="AddUsbDevice_ShouldCreateDeviceSuccessfully" />
    </UnitTest>
    <UnitTest name="USBDeviceManager.Tests.Unit.DevicesControllerTests.ToggleDevice_WithInvalidDevice_ShouldReturnNotFound" storage="e:\workspaces\git\simracing\usbdevicemanager\server\usbdevicemanager.tests\bin\debug\net8.0\usbdevicemanager.tests.dll" id="7f78dc9e-dca3-2220-bd77-eeade20ce57a">
      <Execution id="ff8d7070-6832-4ea9-86b8-e06adbf71e03" />
      <TestMethod codeBase="E:\Workspaces\Git\SimRacing\USBDeviceManager\server\USBDeviceManager.Tests\bin\Debug\net8.0\USBDeviceManager.Tests.dll" adapterTypeName="executor://xunit/VsTestRunner2/netcoreapp" className="USBDeviceManager.Tests.Unit.DevicesControllerTests" name="ToggleDevice_WithInvalidDevice_ShouldReturnNotFound" />
    </UnitTest>
    <UnitTest name="USBDeviceManager.Tests.Functional.DashboardFunctionalTests.ErrorHandlingAndRecovery_InvalidOperations_ShouldHandleGracefully" storage="e:\workspaces\git\simracing\usbdevicemanager\server\usbdevicemanager.tests\bin\debug\net8.0\usbdevicemanager.tests.dll" id="b29cba0b-099c-451c-658e-e4d53b95b7ce">
      <Execution id="5c7a2580-8024-485b-b01f-7f2fbcfe4c6d" />
      <TestMethod codeBase="E:\Workspaces\Git\SimRacing\USBDeviceManager\server\USBDeviceManager.Tests\bin\Debug\net8.0\USBDeviceManager.Tests.dll" adapterTypeName="executor://xunit/VsTestRunner2/netcoreapp" className="USBDeviceManager.Tests.Functional.DashboardFunctionalTests" name="ErrorHandlingAndRecovery_InvalidOperations_ShouldHandleGracefully" />
    </UnitTest>
    <UnitTest name="USBDeviceManager.Tests.Integration.DevicesApiIntegrationTests.GetDeviceStatus_ExistingDevice_ShouldReturnLatestStatus" storage="e:\workspaces\git\simracing\usbdevicemanager\server\usbdevicemanager.tests\bin\debug\net8.0\usbdevicemanager.tests.dll" id="6b18ebab-8e0c-05d7-e47d-35219bb342bf">
      <Execution id="24a0e1fa-e001-47f3-a160-74ceacbb4638" />
      <TestMethod codeBase="E:\Workspaces\Git\SimRacing\USBDeviceManager\server\USBDeviceManager.Tests\bin\Debug\net8.0\USBDeviceManager.Tests.dll" adapterTypeName="executor://xunit/VsTestRunner2/netcoreapp" className="USBDeviceManager.Tests.Integration.DevicesApiIntegrationTests" name="GetDeviceStatus_ExistingDevice_ShouldReturnLatestStatus" />
    </UnitTest>
    <UnitTest name="USBDeviceManager.Tests.Integration.CompatControllerIntegrationTests.PostLogs_WithKnownDeviceId_ShouldCreateDeviceStatus" storage="e:\workspaces\git\simracing\usbdevicemanager\server\usbdevicemanager.tests\bin\debug\net8.0\usbdevicemanager.tests.dll" id="24a59ada-687a-3ae6-ccac-b8b090046908">
      <Execution id="6afa422e-8b68-42f1-8bbb-d68bb0668f74" />
      <TestMethod codeBase="E:\Workspaces\Git\SimRacing\USBDeviceManager\server\USBDeviceManager.Tests\bin\Debug\net8.0\USBDeviceManager.Tests.dll" adapterTypeName="executor://xunit/VsTestRunner2/netcoreapp" className="USBDeviceManager.Tests.Integration.CompatControllerIntegrationTests" name="PostLogs_WithKnownDeviceId_ShouldCreateDeviceStatus" />
    </UnitTest>
    <UnitTest name="USBDeviceManager.Tests.Integration.DevicesApiIntegrationTests.CreateDevice_InvalidData_ShouldReturnValidationError" storage="e:\workspaces\git\simracing\usbdevicemanager\server\usbdevicemanager.tests\bin\debug\net8.0\usbdevicemanager.tests.dll" id="f212ac7c-2cb5-c260-a38f-2cb3a9c64068">
      <Execution id="3cbefa51-bfc7-4f7d-838f-c8b9a4b4f6f3" />
      <TestMethod codeBase="E:\Workspaces\Git\SimRacing\USBDeviceManager\server\USBDeviceManager.Tests\bin\Debug\net8.0\USBDeviceManager.Tests.dll" adapterTypeName="executor://xunit/VsTestRunner2/netcoreapp" className="USBDeviceManager.Tests.Integration.DevicesApiIntegrationTests" name="CreateDevice_InvalidData_ShouldReturnValidationError" />
    </UnitTest>
    <UnitTest name="USBDeviceManager.Tests.Unit.DevicesControllerTests.CreateDevice_WithValidDevice_ShouldCreateSuccessfully" storage="e:\workspaces\git\simracing\usbdevicemanager\server\usbdevicemanager.tests\bin\debug\net8.0\usbdevicemanager.tests.dll" id="57943011-683c-d008-e817-e7739d5b7bbb">
      <Execution id="c7cbfe04-44ee-4247-9f62-3b55fa9e5627" />
      <TestMethod codeBase="E:\Workspaces\Git\SimRacing\USBDeviceManager\server\USBDeviceManager.Tests\bin\Debug\net8.0\USBDeviceManager.Tests.dll" adapterTypeName="executor://xunit/VsTestRunner2/netcoreapp" className="USBDeviceManager.Tests.Unit.DevicesControllerTests" name="CreateDevice_WithValidDevice_ShouldCreateSuccessfully" />
    </UnitTest>
    <UnitTest name="USBDeviceManager.Tests.Unit.DevicesControllerTests.GetDevices_WithNoDevices_ShouldReturnEmptyList" storage="e:\workspaces\git\simracing\usbdevicemanager\server\usbdevicemanager.tests\bin\debug\net8.0\usbdevicemanager.tests.dll" id="3577e245-324e-33c4-1008-069c2b1446a3">
      <Execution id="ad608d49-3f5f-42ab-bcb1-e75b03632539" />
      <TestMethod codeBase="E:\Workspaces\Git\SimRacing\USBDeviceManager\server\USBDeviceManager.Tests\bin\Debug\net8.0\USBDeviceManager.Tests.dll" adapterTypeName="executor://xunit/VsTestRunner2/netcoreapp" className="USBDeviceManager.Tests.Unit.DevicesControllerTests" name="GetDevices_WithNoDevices_ShouldReturnEmptyList" />
    </UnitTest>
    <UnitTest name="USBDeviceManager.Tests.Integration.DevicesApiIntegrationTests.UpdateDevice_MismatchedId_ShouldReturnBadRequest" storage="e:\workspaces\git\simracing\usbdevicemanager\server\usbdevicemanager.tests\bin\debug\net8.0\usbdevicemanager.tests.dll" id="3242f0f8-413e-4669-5b50-e91c84e4f6f2">
      <Execution id="cd10c556-b0d1-4a94-80ee-ddfc9e25f2fc" />
      <TestMethod codeBase="E:\Workspaces\Git\SimRacing\USBDeviceManager\server\USBDeviceManager.Tests\bin\Debug\net8.0\USBDeviceManager.Tests.dll" adapterTypeName="executor://xunit/VsTestRunner2/netcoreapp" className="USBDeviceManager.Tests.Integration.DevicesApiIntegrationTests" name="UpdateDevice_MismatchedId_ShouldReturnBadRequest" />
    </UnitTest>
    <UnitTest name="USBDeviceManager.Tests.Integration.DevicesApiIntegrationTests.DeleteDevice_NonExistentDevice_ShouldReturnNotFound" storage="e:\workspaces\git\simracing\usbdevicemanager\server\usbdevicemanager.tests\bin\debug\net8.0\usbdevicemanager.tests.dll" id="7b6b3cda-6a73-e7b0-d226-3151edacfb3e">
      <Execution id="fd3be976-5afa-4309-a8db-eabd8cb91bd7" />
      <TestMethod codeBase="E:\Workspaces\Git\SimRacing\USBDeviceManager\server\USBDeviceManager.Tests\bin\Debug\net8.0\USBDeviceManager.Tests.dll" adapterTypeName="executor://xunit/VsTestRunner2/netcoreapp" className="USBDeviceManager.Tests.Integration.DevicesApiIntegrationTests" name="DeleteDevice_NonExistentDevice_ShouldReturnNotFound" />
    </UnitTest>
    <UnitTest name="USBDeviceManager.Tests.Unit.DevicesControllerTests.ScanForDevices_ShouldReturnSuccessResponse" storage="e:\workspaces\git\simracing\usbdevicemanager\server\usbdevicemanager.tests\bin\debug\net8.0\usbdevicemanager.tests.dll" id="87f1b0b9-2b70-a7e4-83ed-8d6c0cec1764">
      <Execution id="be780dee-b5b5-48bb-a45d-a886c004fee1" />
      <TestMethod codeBase="E:\Workspaces\Git\SimRacing\USBDeviceManager\server\USBDeviceManager.Tests\bin\Debug\net8.0\USBDeviceManager.Tests.dll" adapterTypeName="executor://xunit/VsTestRunner2/netcoreapp" className="USBDeviceManager.Tests.Unit.DevicesControllerTests" name="ScanForDevices_ShouldReturnSuccessResponse" />
    </UnitTest>
    <UnitTest name="USBDeviceManager.Tests.Integration.CompatControllerConfigsTests.PostConfigs_CreateDeviceAndSoftware_ShouldReturnCreatedAndPersistRule" storage="e:\workspaces\git\simracing\usbdevicemanager\server\usbdevicemanager.tests\bin\debug\net8.0\usbdevicemanager.tests.dll" id="d693a885-be4f-e9d7-3a4d-2930f443c076">
      <Execution id="5616a2f0-f614-45e8-a3a0-c9ac0fa16eab" />
      <TestMethod codeBase="E:\Workspaces\Git\SimRacing\USBDeviceManager\server\USBDeviceManager.Tests\bin\Debug\net8.0\USBDeviceManager.Tests.dll" adapterTypeName="executor://xunit/VsTestRunner2/netcoreapp" className="USBDeviceManager.Tests.Integration.CompatControllerConfigsTests" name="PostConfigs_CreateDeviceAndSoftware_ShouldReturnCreatedAndPersistRule" />
    </UnitTest>
    <UnitTest name="USBDeviceManager.Tests.Unit.SimRacingContextTests.AutomationRule_ValidTriggerActionCombinations_ShouldPersistCorrectly(trigger: SystemStartup, action: RunScript)" storage="e:\workspaces\git\simracing\usbdevicemanager\server\usbdevicemanager.tests\bin\debug\net8.0\usbdevicemanager.tests.dll" id="783cdefe-a38c-dfac-ab70-63ce6f1cee2b">
      <Execution id="c16bfba7-7df9-4e78-aff3-5b378f97690f" />
      <TestMethod codeBase="E:\Workspaces\Git\SimRacing\USBDeviceManager\server\USBDeviceManager.Tests\bin\Debug\net8.0\USBDeviceManager.Tests.dll" adapterTypeName="executor://xunit/VsTestRunner2/netcoreapp" className="USBDeviceManager.Tests.Unit.SimRacingContextTests" name="AutomationRule_ValidTriggerActionCombinations_ShouldPersistCorrectly" />
    </UnitTest>
    <UnitTest name="USBDeviceManager.Tests.Unit.DevicesControllerTests.UpdateDevice_WithNonExistentDevice_ShouldReturnNotFound" storage="e:\workspaces\git\simracing\usbdevicemanager\server\usbdevicemanager.tests\bin\debug\net8.0\usbdevicemanager.tests.dll" id="406d650e-8af5-b5ed-34f1-6010e3d56165">
      <Execution id="5fd7c12f-cda9-450c-ac72-df2243355521" />
      <TestMethod codeBase="E:\Workspaces\Git\SimRacing\USBDeviceManager\server\USBDeviceManager.Tests\bin\Debug\net8.0\USBDeviceManager.Tests.dll" adapterTypeName="executor://xunit/VsTestRunner2/netcoreapp" className="USBDeviceManager.Tests.Unit.DevicesControllerTests" name="UpdateDevice_WithNonExistentDevice_ShouldReturnNotFound" />
    </UnitTest>
    <UnitTest name="USBDeviceManager.Tests.Unit.SimRacingContextTests.UsbDevice_UniqueDeviceId_ShouldEnforceConstraint" storage="e:\workspaces\git\simracing\usbdevicemanager\server\usbdevicemanager.tests\bin\debug\net8.0\usbdevicemanager.tests.dll" id="752133f3-9301-dcc1-abd3-d209d41cc939">
      <Execution id="1599727f-c929-4a67-a95a-7022d3f71a2c" />
      <TestMethod codeBase="E:\Workspaces\Git\SimRacing\USBDeviceManager\server\USBDeviceManager.Tests\bin\Debug\net8.0\USBDeviceManager.Tests.dll" adapterTypeName="executor://xunit/VsTestRunner2/netcoreapp" className="USBDeviceManager.Tests.Unit.SimRacingContextTests" name="UsbDevice_UniqueDeviceId_ShouldEnforceConstraint" />
    </UnitTest>
    <UnitTest name="USBDeviceManager.Tests.Unit.DevicesControllerTests.GetDeviceStatusHistory_WithLargeTimeRange_ShouldHandlePerformanceGracefully" storage="e:\workspaces\git\simracing\usbdevicemanager\server\usbdevicemanager.tests\bin\debug\net8.0\usbdevicemanager.tests.dll" id="9fe1b9c4-ef45-0b6f-5097-63e9435ad4df">
      <Execution id="cd8f8d1b-c2b1-47ec-8ad6-84aa1bc4bc85" />
      <TestMethod codeBase="E:\Workspaces\Git\SimRacing\USBDeviceManager\server\USBDeviceManager.Tests\bin\Debug\net8.0\USBDeviceManager.Tests.dll" adapterTypeName="executor://xunit/VsTestRunner2/netcoreapp" className="USBDeviceManager.Tests.Unit.DevicesControllerTests" name="GetDeviceStatusHistory_WithLargeTimeRange_ShouldHandlePerformanceGracefully" />
    </UnitTest>
    <UnitTest name="USBDeviceManager.Tests.Unit.DevicesControllerTests.DeleteDevice_WithInvalidId_ShouldReturnNotFound" storage="e:\workspaces\git\simracing\usbdevicemanager\server\usbdevicemanager.tests\bin\debug\net8.0\usbdevicemanager.tests.dll" id="c07b4c16-1b49-3471-966b-a99d04304369">
      <Execution id="f83373fd-f020-4f53-aaa4-1d2495bb1796" />
      <TestMethod codeBase="E:\Workspaces\Git\SimRacing\USBDeviceManager\server\USBDeviceManager.Tests\bin\Debug\net8.0\USBDeviceManager.Tests.dll" adapterTypeName="executor://xunit/VsTestRunner2/netcoreapp" className="USBDeviceManager.Tests.Unit.DevicesControllerTests" name="DeleteDevice_WithInvalidId_ShouldReturnNotFound" />
    </UnitTest>
    <UnitTest name="USBDeviceManager.Tests.Unit.DevicesControllerTests.GetDeviceStatus_WithNoStatus_ShouldReturnNotFound" storage="e:\workspaces\git\simracing\usbdevicemanager\server\usbdevicemanager.tests\bin\debug\net8.0\usbdevicemanager.tests.dll" id="1ec54255-633f-fd54-587f-350cc5bf77ca">
      <Execution id="b3beeb69-eda7-462a-9289-05eee4fb65ad" />
      <TestMethod codeBase="E:\Workspaces\Git\SimRacing\USBDeviceManager\server\USBDeviceManager.Tests\bin\Debug\net8.0\USBDeviceManager.Tests.dll" adapterTypeName="executor://xunit/VsTestRunner2/netcoreapp" className="USBDeviceManager.Tests.Unit.DevicesControllerTests" name="GetDeviceStatus_WithNoStatus_ShouldReturnNotFound" />
    </UnitTest>
    <UnitTest name="USBDeviceManager.Tests.Unit.DevicesControllerTests.GetDevice_WithInvalidId_ShouldReturnNotFound" storage="e:\workspaces\git\simracing\usbdevicemanager\server\usbdevicemanager.tests\bin\debug\net8.0\usbdevicemanager.tests.dll" id="4cadfce5-dfb9-f81b-0695-40b2b2e617e8">
      <Execution id="f3df3be2-3b1b-4a7f-b010-1fe26804a3b5" />
      <TestMethod codeBase="E:\Workspaces\Git\SimRacing\USBDeviceManager\server\USBDeviceManager.Tests\bin\Debug\net8.0\USBDeviceManager.Tests.dll" adapterTypeName="executor://xunit/VsTestRunner2/netcoreapp" className="USBDeviceManager.Tests.Unit.DevicesControllerTests" name="GetDevice_WithInvalidId_ShouldReturnNotFound" />
    </UnitTest>
    <UnitTest name="USBDeviceManager.Tests.Functional.SmokeServerTests.RunServerAndSmokeEndpoints" storage="e:\workspaces\git\simracing\usbdevicemanager\server\usbdevicemanager.tests\bin\debug\net8.0\usbdevicemanager.tests.dll" id="c1290ef0-b52d-f705-40a4-97d5e4b9346f">
      <Execution id="d280cede-d2f9-447d-ac19-9579cfb9a271" />
      <TestMethod codeBase="E:\Workspaces\Git\SimRacing\USBDeviceManager\server\USBDeviceManager.Tests\bin\Debug\net8.0\USBDeviceManager.Tests.dll" adapterTypeName="executor://xunit/VsTestRunner2/netcoreapp" className="USBDeviceManager.Tests.Functional.SmokeServerTests" name="RunServerAndSmokeEndpoints" />
    </UnitTest>
    <UnitTest name="USBDeviceManager.Tests.Integration.DevicesApiIntegrationTests.CreateDevice_ValidDevice_ShouldReturnCreatedWithLocation" storage="e:\workspaces\git\simracing\usbdevicemanager\server\usbdevicemanager.tests\bin\debug\net8.0\usbdevicemanager.tests.dll" id="a182f345-7e9e-b2b6-bd8d-91ae4ca7c729">
      <Execution id="e3401107-e5df-45d7-977f-05518d015a8e" />
      <TestMethod codeBase="E:\Workspaces\Git\SimRacing\USBDeviceManager\server\USBDeviceManager.Tests\bin\Debug\net8.0\USBDeviceManager.Tests.dll" adapterTypeName="executor://xunit/VsTestRunner2/netcoreapp" className="USBDeviceManager.Tests.Integration.DevicesApiIntegrationTests" name="CreateDevice_ValidDevice_ShouldReturnCreatedWithLocation" />
    </UnitTest>
    <UnitTest name="USBDeviceManager.Tests.Functional.DashboardFunctionalTests.SystemHealthMonitoring_ContinuousMonitoring_ShouldTrackSystemMetrics" storage="e:\workspaces\git\simracing\usbdevicemanager\server\usbdevicemanager.tests\bin\debug\net8.0\usbdevicemanager.tests.dll" id="251719bd-5bf3-7a07-b8c4-48bb68222006">
      <Execution id="4bd2bbe4-65da-4e51-92b0-8ec906d698dc" />
      <TestMethod codeBase="E:\Workspaces\Git\SimRacing\USBDeviceManager\server\USBDeviceManager.Tests\bin\Debug\net8.0\USBDeviceManager.Tests.dll" adapterTypeName="executor://xunit/VsTestRunner2/netcoreapp" className="USBDeviceManager.Tests.Functional.DashboardFunctionalTests" name="SystemHealthMonitoring_ContinuousMonitoring_ShouldTrackSystemMetrics" />
    </UnitTest>
    <UnitTest name="USBDeviceManager.Tests.Unit.SimRacingContextTests.HealthMetric_DifferentSources_ShouldGroupByMetricName" storage="e:\workspaces\git\simracing\usbdevicemanager\server\usbdevicemanager.tests\bin\debug\net8.0\usbdevicemanager.tests.dll" id="6ad19d2e-a5a2-77e2-d835-2be38a21fbe5">
      <Execution id="7333952d-affc-4297-acfe-1d7c68aab4ad" />
      <TestMethod codeBase="E:\Workspaces\Git\SimRacing\USBDeviceManager\server\USBDeviceManager.Tests\bin\Debug\net8.0\USBDeviceManager.Tests.dll" adapterTypeName="executor://xunit/VsTestRunner2/netcoreapp" className="USBDeviceManager.Tests.Unit.SimRacingContextTests" name="HealthMetric_DifferentSources_ShouldGroupByMetricName" />
    </UnitTest>
    <UnitTest name="USBDeviceManager.Tests.Unit.SimRacingContextTests.AutomationRule_ValidTriggerActionCombinations_ShouldPersistCorrectly(trigger: Manual, action: SendNotification)" storage="e:\workspaces\git\simracing\usbdevicemanager\server\usbdevicemanager.tests\bin\debug\net8.0\usbdevicemanager.tests.dll" id="fb6164b5-5fdd-0363-b1d1-8e0ac579e14b">
      <Execution id="c19024d3-75f5-40f2-8741-fe9123cd86fe" />
      <TestMethod codeBase="E:\Workspaces\Git\SimRacing\USBDeviceManager\server\USBDeviceManager.Tests\bin\Debug\net8.0\USBDeviceManager.Tests.dll" adapterTypeName="executor://xunit/VsTestRunner2/netcoreapp" className="USBDeviceManager.Tests.Unit.SimRacingContextTests" name="AutomationRule_ValidTriggerActionCombinations_ShouldPersistCorrectly" />
    </UnitTest>
    <UnitTest name="USBDeviceManager.Tests.Integration.DevicesApiIntegrationTests.GetDevices_WithSeedData_ShouldReturnAllDevices" storage="e:\workspaces\git\simracing\usbdevicemanager\server\usbdevicemanager.tests\bin\debug\net8.0\usbdevicemanager.tests.dll" id="f1cf935a-2026-44fc-c4e7-bc74f5dfc657">
      <Execution id="6a249daa-ee5b-41e2-bbbd-57c1028b98cd" />
      <TestMethod codeBase="E:\Workspaces\Git\SimRacing\USBDeviceManager\server\USBDeviceManager.Tests\bin\Debug\net8.0\USBDeviceManager.Tests.dll" adapterTypeName="executor://xunit/VsTestRunner2/netcoreapp" className="USBDeviceManager.Tests.Integration.DevicesApiIntegrationTests" name="GetDevices_WithSeedData_ShouldReturnAllDevices" />
    </UnitTest>
    <UnitTest name="USBDeviceManager.Tests.Functional.DashboardFunctionalTests.MultiDeviceRacingSetup_ComplexAutomation_ShouldHandleMultipleDevicesAndSoftware" storage="e:\workspaces\git\simracing\usbdevicemanager\server\usbdevicemanager.tests\bin\debug\net8.0\usbdevicemanager.tests.dll" id="d4754b5b-c16d-3b6c-f7bb-bdf9b03ef847">
      <Execution id="026a9de4-8ad5-4976-84f9-fdb419674dca" />
      <TestMethod codeBase="E:\Workspaces\Git\SimRacing\USBDeviceManager\server\USBDeviceManager.Tests\bin\Debug\net8.0\USBDeviceManager.Tests.dll" adapterTypeName="executor://xunit/VsTestRunner2/netcoreapp" className="USBDeviceManager.Tests.Functional.DashboardFunctionalTests" name="MultiDeviceRacingSetup_ComplexAutomation_ShouldHandleMultipleDevicesAndSoftware" />
    </UnitTest>
    <UnitTest name="USBDeviceManager.Tests.Functional.DashboardFunctionalTests.PerformanceUnderLoad_MultipleSimultaneousRequests_ShouldMaintainResponsiveness" storage="e:\workspaces\git\simracing\usbdevicemanager\server\usbdevicemanager.tests\bin\debug\net8.0\usbdevicemanager.tests.dll" id="2580a49a-bc5f-601c-7982-c413b36eb5f3">
      <Execution id="d8630346-ea00-45a9-8234-2ff3f2ec618f" />
      <TestMethod codeBase="E:\Workspaces\Git\SimRacing\USBDeviceManager\server\USBDeviceManager.Tests\bin\Debug\net8.0\USBDeviceManager.Tests.dll" adapterTypeName="executor://xunit/VsTestRunner2/netcoreapp" className="USBDeviceManager.Tests.Functional.DashboardFunctionalTests" name="PerformanceUnderLoad_MultipleSimultaneousRequests_ShouldMaintainResponsiveness" />
    </UnitTest>
    <UnitTest name="USBDeviceManager.Tests.Integration.DevicesApiIntegrationTests.GetDevices_EmptyDatabase_ShouldReturnEmptyArray" storage="e:\workspaces\git\simracing\usbdevicemanager\server\usbdevicemanager.tests\bin\debug\net8.0\usbdevicemanager.tests.dll" id="c3bb1a46-72db-23eb-6ec3-087ddddae496">
      <Execution id="8425bdfa-b681-4dac-87b2-07aefd8ce70b" />
      <TestMethod codeBase="E:\Workspaces\Git\SimRacing\USBDeviceManager\server\USBDeviceManager.Tests\bin\Debug\net8.0\USBDeviceManager.Tests.dll" adapterTypeName="executor://xunit/VsTestRunner2/netcoreapp" className="USBDeviceManager.Tests.Integration.DevicesApiIntegrationTests" name="GetDevices_EmptyDatabase_ShouldReturnEmptyArray" />
    </UnitTest>
    <UnitTest name="USBDeviceManager.Tests.Unit.DevicesControllerTests.UpdateDevice_WithMismatchedId_ShouldReturnBadRequest" storage="e:\workspaces\git\simracing\usbdevicemanager\server\usbdevicemanager.tests\bin\debug\net8.0\usbdevicemanager.tests.dll" id="9ac3d203-a2da-300d-dac1-b1011d17ce5a">
      <Execution id="1941d911-15d6-4447-874c-ef536378d4a3" />
      <TestMethod codeBase="E:\Workspaces\Git\SimRacing\USBDeviceManager\server\USBDeviceManager.Tests\bin\Debug\net8.0\USBDeviceManager.Tests.dll" adapterTypeName="executor://xunit/VsTestRunner2/netcoreapp" className="USBDeviceManager.Tests.Unit.DevicesControllerTests" name="UpdateDevice_WithMismatchedId_ShouldReturnBadRequest" />
    </UnitTest>
    <UnitTest name="USBDeviceManager.Tests.Integration.CompatControllerConfigsTests.PostConfigs_InvalidPayload_ShouldReturnBadRequest" storage="e:\workspaces\git\simracing\usbdevicemanager\server\usbdevicemanager.tests\bin\debug\net8.0\usbdevicemanager.tests.dll" id="fdf7417d-5e8e-8251-736b-3d3db19207fc">
      <Execution id="b3eafe09-530b-4471-839d-94375e66610a" />
      <TestMethod codeBase="E:\Workspaces\Git\SimRacing\USBDeviceManager\server\USBDeviceManager.Tests\bin\Debug\net8.0\USBDeviceManager.Tests.dll" adapterTypeName="executor://xunit/VsTestRunner2/netcoreapp" className="USBDeviceManager.Tests.Integration.CompatControllerConfigsTests" name="PostConfigs_InvalidPayload_ShouldReturnBadRequest" />
    </UnitTest>
    <UnitTest name="USBDeviceManager.Tests.Unit.SimRacingContextTests.DeviceStatus_CascadeDelete_ShouldRemoveStatusesWhenDeviceDeleted" storage="e:\workspaces\git\simracing\usbdevicemanager\server\usbdevicemanager.tests\bin\debug\net8.0\usbdevicemanager.tests.dll" id="169ca4b2-e1ad-d05f-efb3-4af03e43c044">
      <Execution id="f4e84bad-43af-44be-ad97-5de7a11788ae" />
      <TestMethod codeBase="E:\Workspaces\Git\SimRacing\USBDeviceManager\server\USBDeviceManager.Tests\bin\Debug\net8.0\USBDeviceManager.Tests.dll" adapterTypeName="executor://xunit/VsTestRunner2/netcoreapp" className="USBDeviceManager.Tests.Unit.SimRacingContextTests" name="DeviceStatus_CascadeDelete_ShouldRemoveStatusesWhenDeviceDeleted" />
    </UnitTest>
    <UnitTest name="USBDeviceManager.Tests.Integration.DevicesApiIntegrationTests.DeleteDevice_ExistingDevice_ShouldDeleteSuccessfully" storage="e:\workspaces\git\simracing\usbdevicemanager\server\usbdevicemanager.tests\bin\debug\net8.0\usbdevicemanager.tests.dll" id="f44b5a09-0e41-5296-ee59-c2187e327deb">
      <Execution id="64ab7392-7109-42d6-96df-817fb9a97f22" />
      <TestMethod codeBase="E:\Workspaces\Git\SimRacing\USBDeviceManager\server\USBDeviceManager.Tests\bin\Debug\net8.0\USBDeviceManager.Tests.dll" adapterTypeName="executor://xunit/VsTestRunner2/netcoreapp" className="USBDeviceManager.Tests.Integration.DevicesApiIntegrationTests" name="DeleteDevice_ExistingDevice_ShouldDeleteSuccessfully" />
    </UnitTest>
    <UnitTest name="USBDeviceManager.Tests.Functional.DashboardFunctionalTests.SimRacingWorkflow_SetupDeviceAndSoftwareWithAutomation_ShouldWorkEndToEnd" storage="e:\workspaces\git\simracing\usbdevicemanager\server\usbdevicemanager.tests\bin\debug\net8.0\usbdevicemanager.tests.dll" id="693950b6-2366-ab72-6393-6039701e115c">
      <Execution id="99822867-5b10-4db6-b7ea-7418fe7afc9b" />
      <TestMethod codeBase="E:\Workspaces\Git\SimRacing\USBDeviceManager\server\USBDeviceManager.Tests\bin\Debug\net8.0\USBDeviceManager.Tests.dll" adapterTypeName="executor://xunit/VsTestRunner2/netcoreapp" className="USBDeviceManager.Tests.Functional.DashboardFunctionalTests" name="SimRacingWorkflow_SetupDeviceAndSoftwareWithAutomation_ShouldWorkEndToEnd" />
    </UnitTest>
[...]
   at System.Runtime.CompilerServices.AsyncTaskMethodBuilder`1.AsyncStateMachineBox`1.MoveNext(Thread threadPoolThread)&#xD;
   at System.Runtime.CompilerServices.AsyncTaskMethodBuilder`1.AsyncStateMachineBox`1.MoveNext()&#xD;
   at System.Threading.Tasks.AwaitTaskContinuation.RunOrScheduleAction(IAsyncStateMachineBox box, Boolean allowInlining)&#xD;
   at System.Threading.Tasks.Task.RunContinuations(Object continuationObject)&#xD;
   at System.Threading.Tasks.Task`1.TrySetResult(TResult result)&#xD;
   at System.Runtime.CompilerServices.AsyncTaskMethodBuilder`1.SetExistingTaskResult(Task`1 task, TResult result)&#xD;
   at System.Runtime.CompilerServices.AsyncTaskMethodBuilder`1.SetResult(TResult result)&#xD;
   at Xunit.Sdk.TestInvoker`1.&lt;RunAsync&gt;b__47_0() in /_/src/xunit.execution/Sdk/Frameworks/Runners/TestInvoker.cs:line 222&#xD;
   at System.Runtime.CompilerServices.AsyncTaskMethodBuilder`1.AsyncStateMachineBox`1.ExecutionContextCallback(Object s)&#xD;
   at System.Threading.ExecutionContext.RunInternal(ExecutionContext executionContext, ContextCallback callback, Object state)&#xD;
   at System.Runtime.CompilerServices.AsyncTaskMethodBuilder`1.AsyncStateMachineBox`1.MoveNext(Thread threadPoolThread)&#xD;
   at System.Runtime.CompilerServices.AsyncTaskMethodBuilder`1.AsyncStateMachineBox`1.MoveNext()&#xD;
   at System.Threading.Tasks.AwaitTaskContinuation.RunOrScheduleAction(IAsyncStateMachineBox box, Boolean allowInlining)&#xD;
   at System.Threading.Tasks.Task.RunContinuations(Object continuationObject)&#xD;
   at System.Threading.Tasks.Task`1.TrySetResult(TResult result)&#xD;
   at System.Runtime.CompilerServices.AsyncTaskMethodBuilder`1.SetExistingTaskResult(Task`1 task, TResult result)&#xD;
   at System.Runtime.CompilerServices.AsyncTaskMethodBuilder`1.SetResult(TResult result)&#xD;
   at Xunit.Sdk.TestInvoker`1.InvokeTestMethodAsync(Object testClassInstance) in /_/src/xunit.execution/Sdk/Frameworks/Runners/TestInvoker.cs:line 304&#xD;
   at System.Runtime.CompilerServices.AsyncTaskMethodBuilder`1.AsyncStateMachineBox`1.ExecutionContextCallback(Object s)&#xD;
   at System.Threading.ExecutionContext.RunInternal(ExecutionContext executionContext, ContextCallback callback, Object state)&#xD;
   at System.Runtime.CompilerServices.AsyncTaskMethodBuilder`1.AsyncStateMachineBox`1.MoveNext(Thread threadPoolThread)&#xD;
   at System.Runtime.CompilerServices.AsyncTaskMethodBuilder`1.AsyncStateMachineBox`1.MoveNext()&#xD;
   at Xunit.Sdk.AsyncTestSyncContext.&lt;&gt;c__DisplayClass7_0.&lt;Post&gt;b__0() in /_/src/xunit.execution/Sdk/AsyncTestSyncContext.cs:line 58&#xD;
   at Xunit.Sdk.XunitWorkerThread.&lt;&gt;c.&lt;QueueUserWorkItem&gt;b__5_0(Object _) in /_/src/common/XunitWorkerThread.cs:line 37&#xD;
   at System.Threading.ExecutionContext.RunInternal(ExecutionContext executionContext, ContextCallback callback, Object state)&#xD;
   at System.Threading.Tasks.Task.ExecuteWithThreadLocal(Task&amp; currentTaskSlot, Thread threadPoolThread)&#xD;
[DIAG] ApplicationStopped: 2026-01-19T15:45:11.0158380Z&#xD;
[DIAG] app.Run() exited normally.&#xD;
SimRacingTestFactory: failed to delete temp DB on dispose 'C:\Users\Sbatta\AppData\Local\Temp\SimRacingTest_20260119154510_3160.db': System.IO.IOException: The process cannot access the file 'C:\Users\Sbatta\AppData\Local\Temp\SimRacingTest_20260119154510_3160.db' because it is being used by another process.&#xD;
   at System.IO.FileSystem.DeleteFile(String fullPath)&#xD;
   at USBDeviceManager.Tests.Fixtures.SimRacingTestFactory.Dispose(Boolean disposing) in E:\Workspaces\Git\SimRacing\USBDeviceManager\server\USBDeviceManager.Tests\Fixtures\SimRacingTestFactory.cs:line 286&#xD;
[DIAG] ContentRootPath: E:\Workspaces\Git\SimRacing\USBDeviceManager\server\USBDeviceManager&#xD;
[DIAG] WebRootPath: E:\Workspaces\Git\SimRacing\USBDeviceManager\server\USBDeviceManager\wwwroot&#xD;
USB Device Manager Server starting...&#xD;
Dashboard: http://localhost:5000&#xD;
API Documentation: http://localhost:5000/swagger&#xD;
Press Ctrl+C to shut down.&#xD;
[DIAG] ApplicationStarted: 2026-01-19T15:45:11.0845646Z&#xD;
[DIAG] ApplicationStopping: 2026-01-19T15:45:11.0970192Z&#xD;
SimRacingTestFactory: failed to delete temp DB on dispose 'C:\Users\Sbatta\AppData\Local\Temp\SimRacingTest_20260119154511_3160.db': System.IO.IOException: The process cannot access the file 'C:\Users\Sbatta\AppData\Local\Temp\SimRacingTest_20260119154511_3160.db' because it is being used by another process.&#xD;
   at System.IO.FileSystem.DeleteFile(String fullPath)&#xD;
   at USBDeviceManager.Tests.Fixtures.SimRacingTestFactory.Dispose(Boolean disposing) in E:\Workspaces\Git\SimRacing\USBDeviceManager\server\USBDeviceManager.Tests\Fixtures\SimRacingTestFactory.cs:line 286&#xD;
[DIAG] Environment.ExitCode = 0&#xD;
[DIAG] Managed thread id: 404&#xD;
[DIAG] StackTrace:&#xD;
   at System.Environment.get_StackTrace()&#xD;
   at Program.&lt;&gt;c.&lt;&lt;Main&gt;$&gt;b__0_8() in E:\Workspaces\Git\SimRacing\USBDeviceManager\server\USBDeviceManager\Program.cs:line 170&#xD;
   at System.Threading.CancellationTokenSource.Invoke(Delegate d, Object state, CancellationTokenSource source)&#xD;
   at System.Threading.ExecutionContext.RunInternal(ExecutionContext executionContext, ContextCallback callback, Object state)&#xD;
   at System.Threading.CancellationTokenSource.ExecuteCallbackHandlers(Boolean throwOnFirstException)&#xD;
   at Microsoft.Extensions.Hosting.Internal.ApplicationLifetime.StopApplication()&#xD;
   at Microsoft.Extensions.Hosting.Internal.Host.StopAsync(CancellationToken cancellationToken)&#xD;
   at System.Runtime.CompilerServices.AsyncMethodBuilderCore.Start[TStateMachine](TStateMachine&amp; stateMachine)&#xD;
   at Microsoft.Extensions.Hosting.Internal.Host.StopAsync(CancellationToken cancellationToken)&#xD;
   at Microsoft.AspNetCore.Mvc.Testing.DeferredHostBuilder.DeferredHost.StopAsync(CancellationToken cancellationToken)&#xD;
   at Microsoft.AspNetCore.Mvc.Testing.WebApplicationFactory`1.DisposeAsync()&#xD;
   at System.Runtime.CompilerServices.AsyncMethodBuilderCore.Start[TStateMachine](TStateMachine&amp; stateMachine)&#xD;
   at Microsoft.AspNetCore.Mvc.Testing.WebApplicationFactory`1.DisposeAsync()&#xD;
   at Microsoft.AspNetCore.Mvc.Testing.WebApplicationFactory`1.Dispose(Boolean disposing)&#xD;
   at USBDeviceManager.Tests.Fixtures.SimRacingTestFactory.Dispose(Boolean disposing) in E:\Workspaces\Git\SimRacing\USBDeviceManager\server\USBDeviceManager.Tests\Fixtures\SimRacingTestFactory.cs:line 296&#xD;
   at Microsoft.AspNetCore.Mvc.Testing.WebApplicationFactory`1.Dispose()&#xD;
   at Xunit.Sdk.ExceptionAggregator.Run(Action code) in /_/src/xunit.core/Sdk/ExceptionAggregator.cs:line 73&#xD;
   at Xunit.Sdk.XunitTestClassRunner.BeforeTestClassFinishedAsync() in /_/src/xunit.execution/Sdk/Frameworks/Runners/XunitTestClassRunner.cs:line 194&#xD;
   at System.Runtime.CompilerServices.AsyncMethodBuilderCore.Start[TStateMachine](TStateMachine&amp; stateMachine)&#xD;
   at Xunit.Sdk.XunitTestClassRunner.BeforeTestClassFinishedAsync()&#xD;
   at Xunit.Sdk.TestClassRunner`1.RunAsync() in /_/src/xunit.execution/Sdk/Frameworks/Runners/TestClassRunner.cs:line 178&#xD;
   at System.Runtime.CompilerServices.AsyncTaskMethodBuilder`1.AsyncStateMachineBox`1.ExecutionContextCallback(Object s)&#xD;
   at System.Threading.ExecutionContext.RunInternal(ExecutionContext executionContext, ContextCallback callback, Object state)&#xD;
   at System.Runtime.CompilerServices.AsyncTaskMethodBuilder`1.AsyncStateMachineBox`1.MoveNext(Thread threadPoolThread)&#xD;
   at System.Runtime.CompilerServices.AsyncTaskMethodBuilder`1.AsyncStateMachineBox`1.MoveNext()&#xD;
   at System.Threading.Tasks.AwaitTaskContinuation.RunOrScheduleAction(IAsyncStateMachineBox box, Boolean allowInlining)&#xD;
   at System.Threading.Tasks.Task.RunContinuations(Object continuationObject)&#xD;
   at System.Threading.Tasks.Task`1.TrySetResult(TResult result)&#xD;
   at System.Runtime.CompilerServices.AsyncTaskMethodBuilder`1.SetExistingTaskResult(Task`1 task, TResult result)&#xD;
   at Xunit.Sdk.TestClassRunner`1.RunTestMethodsAsync() in /_/src/xunit.execution/Sdk/Frameworks/Runners/TestClassRunner.cs:line 234&#xD;
   at System.Runtime.CompilerServices.AsyncTaskMethodBuilder`1.AsyncStateMachineBox`1.ExecutionContextCallback(Object s)&#xD;
   at System.Threading.ExecutionContext.RunInternal(ExecutionContext executionContext, ContextCallback callback, Object state)&#xD;
   at System.Runtime.CompilerServices.AsyncTaskMethodBuilder`1.AsyncStateMachineBox`1.MoveNext(Thread threadPoolThread)&#xD;
   at System.Runtime.CompilerServices.AsyncTaskMethodBuilder`1.AsyncStateMachineBox`1.MoveNext()&#xD;
   at System.Threading.Tasks.AwaitTaskContinuation.RunOrScheduleAction(IAsyncStateMachineBox box, Boolean allowInlining)&#xD;
   at System.Threading.Tasks.Task.RunContinuations(Object continuationObject)&#xD;
   at System.Threading.Tasks.Task`1.TrySetResult(TResult result)&#xD;
   at System.Runtime.CompilerServices.AsyncTaskMethodBuilder`1.SetExistingTaskResult(Task`1 task, TResult result)&#xD;
   at Xunit.Sdk.TestMethodRunner`1.RunAsync() in /_/src/xunit.execution/Sdk/Frameworks/Runners/TestMethodRunner.cs:line 124&#xD;
   at System.Runtime.CompilerServices.AsyncTaskMethodBuilder`1.AsyncStateMachineBox`1.ExecutionContextCallback(Object s)&#xD;
   at System.Threading.ExecutionContext.RunInternal(ExecutionContext executionContext, ContextCallback callback, Object state)&#xD;
   at System.Runtime.CompilerServices.AsyncTaskMethodBuilder`1.AsyncStateMachineBox`1.MoveNext(Thread threadPoolThread)&#xD;
   at System.Runtime.CompilerServices.AsyncTaskMethodBuilder`1.AsyncStateMachineBox`1.MoveNext()&#xD;
   at System.Threading.Tasks.AwaitTaskContinuation.RunOrScheduleAction(IAsyncStateMachineBox box, Boolean allowInlining)&#xD;
   at System.Threading.Tasks.Task.RunContinuations(Object continuationObject)&#xD;
   at System.Threading.Tasks.Task`1.TrySetResult(TResult result)&#xD;
   at System.Runtime.CompilerServices.AsyncTaskMethodBuilder`1.SetExistingTaskResult(Task`1 task, TResult result)&#xD;
   at Xunit.Sdk.TestMethodRunner`1.RunTestCasesAsync() in /_/src/xunit.execution/Sdk/Frameworks/Runners/TestMethodRunner.cs:line 142&#xD;
   at System.Runtime.CompilerServices.AsyncTaskMethodBuilder`1.AsyncStateMachineBox`1.ExecutionContextCallback(Object s)&#xD;
   at System.Threading.ExecutionContext.RunInternal(ExecutionContext executionContext, ContextCallback callback, Object state)&#xD;
   at System.Runtime.CompilerServices.AsyncTaskMethodBuilder`1.AsyncStateMachineBox`1.MoveNext(Thread threadPoolThread)&#xD;
   at System.Runtime.CompilerServices.AsyncTaskMethodBuilder`1.AsyncStateMachineBox`1.MoveNext()&#xD;
   at System.Threading.Tasks.AwaitTaskContinuation.RunOrScheduleAction(IAsyncStateMachineBox box, Boolean allowInlining)&#xD;
   at System.Threading.Tasks.Task.RunContinuations(Object continuationObject)&#xD;
   at System.Threading.Tasks.Task`1.TrySetResult(TResult result)&#xD;
   at System.Runtime.CompilerServices.AsyncTaskMethodBuilder`1.SetExistingTaskResult(Task`1 task, TResult result)&#xD;
   at Xunit.Sdk.TestCaseRunner`1.RunAsync() in /_/src/xunit.execution/Sdk/Frameworks/Runners/TestCaseRunner.cs:line 99&#xD;
   at System.Runtime.CompilerServices.AsyncTaskMethodBuilder`1.AsyncStateMachineBox`1.ExecutionContextCallback(Object s)&#xD;
   at System.Threading.ExecutionContext.RunInternal(ExecutionContext executionContext, ContextCallback callback, Object state)&#xD;
   at System.Runtime.CompilerServices.AsyncTaskMethodBuilder`1.AsyncStateMachineBox`1.MoveNext(Thread threadPoolThread)&#xD;
   at System.Runtime.CompilerServices.AsyncTaskMethodBuilder`1.AsyncStateMachineBox`1.MoveNext()&#xD;
   at System.Threading.Tasks.AwaitTaskContinuation.RunOrScheduleAction(IAsyncStateMachineBox box, Boolean allowInlining)&#xD;
   at System.Threading.Tasks.Task.RunContinuations(Object continuationObject)&#xD;
   at System.Threading.Tasks.Task`1.TrySetResult(TResult result)&#xD;
   at System.Runtime.CompilerServices.AsyncTaskMethodBuilder`1.SetExistingTaskResult(Task`1 task, TResult result)&#xD;
   at Xunit.Sdk.TestRunner`1.RunAsync() in /_/src/xunit.execution/Sdk/Frameworks/Runners/TestRunner.cs:line 185&#xD;
   at System.Runtime.CompilerServices.AsyncTaskMethodBuilder`1.AsyncStateMachineBox`1.ExecutionContextCallback(Object s)&#xD;
   at System.Threading.ExecutionContext.RunInternal(ExecutionContext executionContext, ContextCallback callback, Object state)&#xD;
   at System.Runtime.CompilerServices.AsyncTaskMethodBuilder`1.AsyncStateMachineBox`1.MoveNext(Thread threadPoolThread)&#xD;
   at System.Runtime.CompilerServices.AsyncTaskMethodBuilder`1.AsyncStateMachineBox`1.MoveNext()&#xD;
   at System.Threading.Tasks.AwaitTaskContinuation.RunOrScheduleAction(IAsyncStateMachineBox box, Boolean allowInlining)&#xD;
   at System.Threading.Tasks.Task.RunContinuations(Object continuationObject)&#xD;
   at System.Threading.Tasks.Task`1.TrySetResult(TResult result)&#xD;
   at System.Runtime.CompilerServices.AsyncTaskMethodBuilder`1.SetExistingTaskResult(Task`1 task, TResult result)&#xD;
   at Xunit.Sdk.ExceptionAggregator.RunAsync[T](Func`1 code) in /_/src/xunit.core/Sdk/ExceptionAggregator.cs:line 114&#xD;
   at System.Runtime.CompilerServices.AsyncTaskMethodBuilder`1.AsyncStateMachineBox`1.ExecutionContextCallback(Object s)&#xD;
   at System.Threading.ExecutionContext.RunInternal(ExecutionContext executionContext, ContextCallback callback, Object state)&#xD;
   at System.Runtime.CompilerServices.AsyncTaskMethodBuilder`1.AsyncStateMachineBox`1.MoveNext(Thread threadPoolThread)&#xD;
   at System.Runtime.CompilerServices.AsyncTaskMethodBuilder`1.AsyncStateMachineBox`1.MoveNext()&#xD;
   at System.Threading.Tasks.AwaitTaskContinuation.RunOrScheduleAction(IAsyncStateMachineBox box, Boolean allowInlining)&#xD;
   at System.Threading.Tasks.Task.RunContinuations(Object continuationObject)&#xD;
   at System.Threading.Tasks.Task`1.TrySetResult(TResult result)&#xD;
   at System.Runtime.CompilerServices.AsyncTaskMethodBuilder`1.SetExistingTaskResult(Task`1 task, TResult result)&#xD;
   at Xunit.Sdk.XunitTestRunner.InvokeTestAsync(ExceptionAggregator aggregator) in /_/src/xunit.execution/Sdk/Frameworks/Runners/XunitTestRunner.cs:line 76&#xD;
   at System.Runtime.CompilerServices.AsyncTaskMethodBuilder`1.AsyncStateMachineBox`1.ExecutionContextCallback(Object s)&#xD;
   at System.Threading.ExecutionContext.RunInternal(ExecutionContext executionContext, ContextCallback callback, Object state)&#xD;
   at System.Runtime.CompilerServices.AsyncTaskMethodBuilder`1.AsyncStateMachineBox`1.MoveNext(Thread threadPoolThread)&#xD;
   at System.Runtime.CompilerServices.AsyncTaskMethodBuilder`1.AsyncStateMachineBox`1.MoveNext()&#xD;
   at System.Threading.Tasks.AwaitTaskContinuation.RunOrScheduleAction(IAsyncStateMachineBox box, Boolean allowInlining)&#xD;
   at System.Threading.Tasks.Task.RunContinuations(Object continuationObject)&#xD;
   at System.Threading.Tasks.Task`1.TrySetResult(TResult result)&#xD;
   at System.Runtime.CompilerServices.AsyncTaskMethodBuilder`1.SetExistingTaskResult(Task`1 task, TResult result)&#xD;
   at System.Runtime.CompilerServices.AsyncTaskMethodBuilder`1.SetResult(TResult result)&#xD;
   at Xunit.Sdk.ExceptionAggregator.RunAsync[T](Func`1 code) in /_/src/xunit.core/Sdk/ExceptionAggregator.cs:line 114&#xD;
   at System.Runtime.CompilerServices.AsyncTaskMethodBuilder`1.AsyncStateMachineBox`1.ExecutionContextCallback(Object s)&#xD;
   at System.Threading.ExecutionContext.RunInternal(ExecutionContext executionContext, ContextCallback callback, Object state)&#xD;
   at System.Runtime.CompilerServices.AsyncTaskMethodBuilder`1.AsyncStateMachineBox`1.MoveNext(Thread threadPoolThread)&#xD;
   at System.Runtime.CompilerServices.AsyncTaskMethodBuilder`1.AsyncStateMachineBox`1.MoveNext()&#xD;
   at System.Threading.Tasks.AwaitTaskContinuation.RunOrScheduleAction(IAsyncStateMachineBox box, Boolean allowInlining)&#xD;
   at System.Threading.Tasks.Task.RunContinuations(Object continuationObject)&#xD;
   at System.Threading.Tasks.Task`1.TrySetResult(TResult result)&#xD;
   at System.Runtime.CompilerServices.AsyncTaskMethodBuilder`1.SetExistingTaskResult(Task`1 task, TResult result)&#xD;
   at System.Runtime.CompilerServices.AsyncTaskMethodBuilder`1.SetResult(TResult result)&#xD;
   at Xunit.Sdk.TestInvoker`1.&lt;RunAsync&gt;b__47_0() in /_/src/xunit.execution/Sdk/Frameworks/Runners/TestInvoker.cs:line 222&#xD;
   at System.Runtime.CompilerServices.AsyncTaskMethodBuilder`1.AsyncStateMachineBox`1.ExecutionContextCallback(Object s)&#xD;
   at System.Threading.ExecutionContext.RunInternal(ExecutionContext executionContext, ContextCallback callback, Object state)&#xD;
   at System.Runtime.CompilerServices.AsyncTaskMethodBuilder`1.AsyncStateMachineBox`1.MoveNext(Thread threadPoolThread)&#xD;
   at System.Runtime.CompilerServices.AsyncTaskMethodBuilder`1.AsyncStateMachineBox`1.MoveNext()&#xD;
   at System.Threading.Tasks.AwaitTaskContinuation.RunOrScheduleAction(IAsyncStateMachineBox box, Boolean allowInlining)&#xD;
   at System.Threading.Tasks.Task.RunContinuations(Object continuationObject)&#xD;
   at System.Threading.Tasks.Task`1.TrySetResult(TResult result)&#xD;
   at System.Runtime.CompilerServices.AsyncTaskMethodBuilder`1.SetExistingTaskResult(Task`1 task, TResult result)&#xD;
   at System.Runtime.CompilerServices.AsyncTaskMethodBuilder`1.SetResult(TResult result)&#xD;
   at Xunit.Sdk.TestInvoker`1.InvokeTestMethodAsync(Object testClassInstance) in /_/src/xunit.execution/Sdk/Frameworks/Runners/TestInvoker.cs:line 304&#xD;
   at System.Runtime.CompilerServices.AsyncTaskMethodBuilder`1.AsyncStateMachineBox`1.ExecutionContextCallback(Object s)&#xD;
   at System.Threading.ExecutionContext.RunInternal(ExecutionContext executionContext, ContextCallback callback, Object state)&#xD;
   at System.Runtime.CompilerServices.AsyncTaskMethodBuilder`1.AsyncStateMachineBox`1.MoveNext(Thread threadPoolThread)&#xD;
   at System.Runtime.CompilerServices.AsyncTaskMethodBuilder`1.AsyncStateMachineBox`1.MoveNext()&#xD;
   at Xunit.Sdk.AsyncTestSyncContext.&lt;&gt;c__DisplayClass7_0.&lt;Post&gt;b__0() in /_/src/xunit.execution/Sdk/AsyncTestSyncContext.cs:line 58&#xD;
   at Xunit.Sdk.XunitWorkerThread.&lt;&gt;c.&lt;QueueUserWorkItem&gt;b__5_0(Object _) in /_/src/common/XunitWorkerThread.cs:line 37&#xD;
   at System.Threading.ExecutionContext.RunInternal(ExecutionContext executionContext, ContextCallback callback, Object state)&#xD;
   at System.Threading.Tasks.Task.ExecuteWithThreadLocal(Task&amp; currentTaskSlot, Thread threadPoolThread)&#xD;
[DIAG] ApplicationStopped: 2026-01-19T15:45:11.0981452Z&#xD;
[DIAG] app.Run() exited normally.&#xD;
SimRacingTestFactory: failed to delete temp DB on dispose 'C:\Users\Sbatta\AppData\Local\Temp\SimRacingTest_20260119154511_3160.db': System.IO.IOException: The process cannot access the file 'C:\Users\Sbatta\AppData\Local\Temp\SimRacingTest_20260119154511_3160.db' because it is being used by another process.&#xD;
   at System.IO.FileSystem.DeleteFile(String fullPath)&#xD;
   at USBDeviceManager.Tests.Fixtures.SimRacingTestFactory.Dispose(Boolean disposing) in E:\Workspaces\Git\SimRacing\USBDeviceManager\server\USBDeviceManager.Tests\Fixtures\SimRacingTestFactory.cs:line 286&#xD;
[xUnit.net 00:00:04.14]   Finished:    USBDeviceManager.Tests&#xD;
[DIAG] ProcessExit event fired at 2026-01-19T15:45:11.1362826Z. ExitCode=0&#xD;
[DIAG] ProcessExit event fired at 2026-01-19T15:45:11.1363107Z. ExitCode=0&#xD;
[DIAG] ProcessExit event fired at 2026-01-19T15:45:11.1363137Z. ExitCode=0&#xD;
[DIAG] ProcessExit event fired at 2026-01-19T15:45:11.1363158Z. ExitCode=0&#xD;
[DIAG] ProcessExit event fired at 2026-01-19T15:45:11.1363188Z. ExitCode=0&#xD;
</StdOut>
    </Output>
  </ResultSummary>
</TestRun>

