<?xml version="1.0" encoding="utf-8"?>
<TestRun id="e0734032-2ae8-4c93-9627-df068fffdb6c" name="sbatt@LITTLE_BEAST 2026-01-19 12:39:49" runUser="LITTLE_BEAST\sbatt" xmlns="http://microsoft.com/schemas/VisualStudio/TeamTest/2010">
  <Times creation="2026-01-19T12:39:49.8220708+01:00" queuing="2026-01-19T12:39:49.8220709+01:00" start="2026-01-19T12:39:48.0641380+01:00" finish="2026-01-19T12:39:52.8163651+01:00" />
  <TestSettings name="default" id="f6a42ee5-a71c-44b1-b220-47d09f06c66c">
    <Deployment runDeploymentRoot="sbatt_LITTLE_BEAST_2026-01-19_12_39_49" />
  </TestSettings>
  <Results>
    <UnitTestResult executionId="39e79dd6-7502-4c7d-906d-910a05b61be7" testId="fb96665f-3e91-03cd-2bcd-39f89220b85d" testName="USBDeviceManager.Tests.Unit.DevicesControllerTests.ToggleDevice_WithInvalidDevice_ShouldReturnNotFound" computerName="LITTLE_BEAST" duration="00:00:00.0006027" startTime="2026-01-19T12:39:52.7008534+01:00" endTime="2026-01-19T12:39:52.7008535+01:00" testType="13cdc9d9-ddb5-4fa4-a97d-d965ccfc6d4b" outcome="Passed" testListId="8c84fa94-04c1-424b-9868-57a2d4851a1d" relativeResultsDirectory="39e79dd6-7502-4c7d-906d-910a05b61be7" />
    <UnitTestResult executionId="f56d1879-1d21-40f1-82ea-f4b4f82a55f7" testId="5720cfb9-bb65-af27-f83e-b888aaa1e807" testName="USBDeviceManager.Tests.Functional.DashboardFunctionalTests.CreateSoftware_MissingRequiredField_ReturnsBadRequest" computerName="LITTLE_BEAST" duration="00:00:00.0069584" startTime="2026-01-19T12:39:51.7651706+01:00" endTime="2026-01-19T12:39:51.7651708+01:00" testType="13cdc9d9-ddb5-4fa4-a97d-d965ccfc6d4b" outcome="Passed" testListId="8c84fa94-04c1-424b-9868-57a2d4851a1d" relativeResultsDirectory="f56d1879-1d21-40f1-82ea-f4b4f82a55f7" />
    <UnitTestResult executionId="39251c2c-b958-4fb8-9b0a-7b600834c41e" testId="eed20189-9bca-2f90-aebc-ab38655de7bb" testName="USBDeviceManager.Tests.Functional.DashboardFunctionalTests.MultiDeviceRacingSetup_ComplexAutomation_ShouldHandleMultipleDevicesAndSoftware" computerName="LITTLE_BEAST" duration="00:00:00.1095070" startTime="2026-01-19T12:39:51.6718293+01:00" endTime="2026-01-19T12:39:51.6718295+01:00" testType="13cdc9d9-ddb5-4fa4-a97d-d965ccfc6d4b" outcome="Passed" testListId="8c84fa94-04c1-424b-9868-57a2d4851a1d" relativeResultsDirectory="39251c2c-b958-4fb8-9b0a-7b600834c41e" />
    <UnitTestResult executionId="9399ce70-ad6a-4004-ae4a-2dcaba0259bc" testId="45d4317e-6b7e-1ca7-6b77-8b4d393d67d7" testName="USBDeviceManager.Tests.Unit.SimRacingContextTests.ManagedSoftware_RequiredFields_ShouldEnforceValidation" computerName="LITTLE_BEAST" duration="00:00:00.0281211" startTime="2026-01-19T12:39:52.0760978+01:00" endTime="2026-01-19T12:39:52.0760980+01:00" testType="13cdc9d9-ddb5-4fa4-a97d-d965ccfc6d4b" outcome="Passed" testListId="8c84fa94-04c1-424b-9868-57a2d4851a1d" relativeResultsDirectory="9399ce70-ad6a-4004-ae4a-2dcaba0259bc" />
    <UnitTestResult executionId="3401f78c-3f87-43ba-a17c-62029c3d011c" testId="76ff7144-89b2-9fd2-0b1d-11c2486102d1" testName="USBDeviceManager.Tests.Unit.DevicesControllerTests.GetDevice_WithInvalidId_ShouldReturnNotFound" computerName="LITTLE_BEAST" duration="00:00:00.0006503" startTime="2026-01-19T12:39:52.7337956+01:00" endTime="2026-01-19T12:39:52.7337957+01:00" testType="13cdc9d9-ddb5-4fa4-a97d-d965ccfc6d4b" outcome="Passed" testListId="8c84fa94-04c1-424b-9868-57a2d4851a1d" relativeResultsDirectory="3401f78c-3f87-43ba-a17c-62029c3d011c" />
    <UnitTestResult executionId="7aadae81-283d-40a1-8abc-86663f6925b9" testId="eff962bb-b6a0-8a72-61fb-74f874378494" testName="USBDeviceManager.Tests.Unit.SimRacingContextTests.UsbDevice_UniqueDeviceId_ShouldEnforceConstraint" computerName="LITTLE_BEAST" duration="00:00:00.0370736" startTime="2026-01-19T12:39:51.9424585+01:00" endTime="2026-01-19T12:39:51.9424586+01:00" testType="13cdc9d9-ddb5-4fa4-a97d-d965ccfc6d4b" outcome="Passed" testListId="8c84fa94-04c1-424b-9868-57a2d4851a1d" relativeResultsDirectory="7aadae81-283d-40a1-8abc-86663f6925b9" />
    <UnitTestResult executionId="701b3a41-66bf-4706-a2e7-3c14c9324b26" testId="d2c1cbea-bdf5-0fef-1c86-f7bed305a214" testName="USBDeviceManager.Tests.Integration.DevicesApiIntegrationTests.CreateDevice_ValidDevice_ShouldReturnCreatedWithLocation" computerName="LITTLE_BEAST" duration="00:00:00.0062088" startTime="2026-01-19T12:39:52.5199179+01:00" endTime="2026-01-19T12:39:52.5199180+01:00" testType="13cdc9d9-ddb5-4fa4-a97d-d965ccfc6d4b" outcome="Passed" testListId="8c84fa94-04c1-424b-9868-57a2d4851a1d" relativeResultsDirectory="701b3a41-66bf-4706-a2e7-3c14c9324b26" />
    <UnitTestResult executionId="19705120-324b-4fae-910f-867b2303eede" testId="05515f8f-7189-a113-62c5-a157a1898dd5" testName="USBDeviceManager.Tests.Functional.DashboardFunctionalTests.SystemHealthMonitoring_ContinuousMonitoring_ShouldTrackSystemMetrics" computerName="LITTLE_BEAST" duration="00:00:00.1868207" startTime="2026-01-19T12:39:51.3949480+01:00" endTime="2026-01-19T12:39:51.3949481+01:00" testType="13cdc9d9-ddb5-4fa4-a97d-d965ccfc6d4b" outcome="Passed" testListId="8c84fa94-04c1-424b-9868-57a2d4851a1d" relativeResultsDirectory="19705120-324b-4fae-910f-867b2303eede" />
    <UnitTestResult executionId="5c88eebe-ef96-432e-a056-36aa4305b433" testId="d938d72e-bbbb-7608-3018-a601776da4fe" testName="USBDeviceManager.Tests.Unit.DevicesControllerTests.GetDevice_WithValidId_ShouldReturnDevice" computerName="LITTLE_BEAST" duration="00:00:00.0006986" startTime="2026-01-19T12:39:52.6986753+01:00" endTime="2026-01-19T12:39:52.6986754+01:00" testType="13cdc9d9-ddb5-4fa4-a97d-d965ccfc6d4b" outcome="Passed" testListId="8c84fa94-04c1-424b-9868-57a2d4851a1d" relativeResultsDirectory="5c88eebe-ef96-432e-a056-36aa4305b433" />
    <UnitTestResult executionId="8c93b2bf-925e-4d23-8845-6567fc1a27bf" testId="4a947d56-2ea7-157d-1ff8-598787ea08fa" testName="USBDeviceManager.Tests.Integration.DevicesApiIntegrationTests.DeleteDevice_ExistingDevice_ShouldDeleteSuccessfully" computerName="LITTLE_BEAST" duration="00:00:00.0218475" startTime="2026-01-19T12:39:52.3767553+01:00" endTime="2026-01-19T12:39:52.3767555+01:00" testType="13cdc9d9-ddb5-4fa4-a97d-d965ccfc6d4b" outcome="Passed" testListId="8c84fa94-04c1-424b-9868-57a2d4851a1d" relativeResultsDirectory="8c93b2bf-925e-4d23-8845-6567fc1a27bf" />
    <UnitTestResult executionId="fe313d99-cde8-47eb-8a93-56b60285a671" testId="7fd7ca87-855e-845b-088a-7ed2a5781891" testName="USBDeviceManager.Tests.Functional.DashboardFunctionalTests.AutomationWorkflow_ComplexRuleExecution_ShouldExecuteInCorrectOrder" computerName="LITTLE_BEAST" duration="00:00:00.0793336" startTime="2026-01-19T12:39:51.5619727+01:00" endTime="2026-01-19T12:39:51.5619729+01:00" testType="13cdc9d9-ddb5-4fa4-a97d-d965ccfc6d4b" outcome="Passed" testListId="8c84fa94-04c1-424b-9868-57a2d4851a1d" relativeResultsDirectory="fe313d99-cde8-47eb-8a93-56b60285a671" />
    <UnitTestResult executionId="8a21a044-3c91-4a55-8b0d-bc8708e3cbcd" testId="a7e5764a-e9bf-5a4c-2210-1f100dab02a8" testName="USBDeviceManager.Tests.Unit.SimRacingContextTests.AutomationRule_WithDeviceAndSoftwareReferences_ShouldMaintainRelationships" computerName="LITTLE_BEAST" duration="00:00:00.0203458" startTime="2026-01-19T12:39:52.1617144+01:00" endTime="2026-01-19T12:39:52.1617145+01:00" testType="13cdc9d9-ddb5-4fa4-a97d-d965ccfc6d4b" outcome="Passed" testListId="8c84fa94-04c1-424b-9868-57a2d4851a1d" relativeResultsDirectory="8a21a044-3c91-4a55-8b0d-bc8708e3cbcd" />
    <UnitTestResult executionId="6be4c865-46f9-4a1a-bc4a-29bdc6bb4ffb" testId="511ac0bf-0216-9294-7e95-fbccc8fb73d4" testName="USBDeviceManager.Tests.Unit.SimRacingContextTests.AutomationRule_ValidTriggerActionCombinations_ShouldPersistCorrectly(trigger: Manual, action: SendNotification)" computerName="LITTLE_BEAST" duration="00:00:00.0113501" startTime="2026-01-19T12:39:52.1412972+01:00" endTime="2026-01-19T12:39:52.1412973+01:00" testType="13cdc9d9-ddb5-4fa4-a97d-d965ccfc6d4b" outcome="Passed" testListId="8c84fa94-04c1-424b-9868-57a2d4851a1d" relativeResultsDirectory="6be4c865-46f9-4a1a-bc4a-29bdc6bb4ffb" />
    <UnitTestResult executionId="09e231ce-5a3f-4dbf-8f70-45e52c57cde5" testId="cf0c0b57-c7ad-16c2-135d-7ceaae6755d2" testName="USBDeviceManager.Tests.Functional.DashboardFunctionalTests.ErrorHandlingAndRecovery_InvalidOperations_ShouldHandleGracefully" computerName="LITTLE_BEAST" duration="00:00:00.0870095" startTime="2026-01-19T12:39:51.4823161+01:00" endTime="2026-01-19T12:39:51.4823163+01:00" testType="13cdc9d9-ddb5-4fa4-a97d-d965ccfc6d4b" outcome="Passed" testListId="8c84fa94-04c1-424b-9868-57a2d4851a1d" relativeResultsDirectory="09e231ce-5a3f-4dbf-8f70-45e52c57cde5" />
    <UnitTestResult executionId="2799266b-c163-4f9f-8099-f4093e04b3e3" testId="fcf79e4e-cf75-7ada-320e-6dca1a0866b8" testName="USBDeviceManager.Tests.Unit.SimRacingContextTests.AutomationRule_ValidTriggerActionCombinations_ShouldPersistCorrectly(trigger: DeviceDisconnected, action: StopSoftware)" computerName="LITTLE_BEAST" duration="00:00:00.0299115" startTime="2026-01-19T12:39:52.1060948+01:00" endTime="2026-01-19T12:39:52.1060951+01:00" testType="13cdc9d9-ddb5-4fa4-a97d-d965ccfc6d4b" outcome="Passed" testListId="8c84fa94-04c1-424b-9868-57a2d4851a1d" relativeResultsDirectory="2799266b-c163-4f9f-8099-f4093e04b3e3" />
    <UnitTestResult executionId="2e6a15f1-64d4-4c88-b72a-d3c9c56524ac" testId="923b6fa5-61bc-949a-041c-61701374d191" testName="USBDeviceManager.Tests.Unit.SimRacingContextTests.DeviceStatus_CascadeDelete_ShouldRemoveStatusesWhenDeviceDeleted" computerName="LITTLE_BEAST" duration="00:00:00.0183996" startTime="2026-01-19T12:39:52.0229300+01:00" endTime="2026-01-19T12:39:52.0229301+01:00" testType="13cdc9d9-ddb5-4fa4-a97d-d965ccfc6d4b" outcome="Passed" testListId="8c84fa94-04c1-424b-9868-57a2d4851a1d" relativeResultsDirectory="2e6a15f1-64d4-4c88-b72a-d3c9c56524ac" />
    <UnitTestResult executionId="834232b3-9059-4f06-9c43-a1e4fd01aea5" testId="4ae5b725-0ce1-6c3b-2123-4dc29ac269a3" testName="USBDeviceManager.Tests.Functional.SmokeServerTests.RunServerAndSmokeEndpoints" computerName="LITTLE_BEAST" duration="00:00:01.4404860" startTime="2026-01-19T12:39:51.1743594+01:00" endTime="2026-01-19T12:39:51.1743598+01:00" testType="13cdc9d9-ddb5-4fa4-a97d-d965ccfc6d4b" outcome="Passed" testListId="8c84fa94-04c1-424b-9868-57a2d4851a1d" relativeResultsDirectory="834232b3-9059-4f06-9c43-a1e4fd01aea5" />
    <UnitTestResult executionId="61259116-672d-4608-9853-e5b8f4cc26bb" testId="1b75a3db-7082-3fba-0052-9900647a1e82" testName="USBDeviceManager.Tests.Integration.DevicesApiIntegrationTests.ConcurrentDeviceOperations_ShouldHandleGracefully" computerName="LITTLE_BEAST" duration="00:00:00.0203775" startTime="2026-01-19T12:39:52.4429417+01:00" endTime="2026-01-19T12:39:52.4429418+01:00" testType="13cdc9d9-ddb5-4fa4-a97d-d965ccfc6d4b" outcome="Passed" testListId="8c84fa94-04c1-424b-9868-57a2d4851a1d" relativeResultsDirectory="61259116-672d-4608-9853-e5b8f4cc26bb" />
    <UnitTestResult executionId="bfe10fb3-fb31-4074-8113-2a9c845c0317" testId="b1dbaf41-f156-c77c-a78f-df5414952082" testName="USBDeviceManager.Tests.Integration.DevicesApiIntegrationTests.ToggleDevice_EnableDisable_ShouldUpdateState" computerName="LITTLE_BEAST" duration="00:00:00.0193923" startTime="2026-01-19T12:39:52.4222702+01:00" endTime="2026-01-19T12:39:52.4222705+01:00" testType="13cdc9d9-ddb5-4fa4-a97d-d965ccfc6d4b" outcome="Passed" testListId="8c84fa94-04c1-424b-9868-57a2d4851a1d" relativeResultsDirectory="bfe10fb3-fb31-4074-8113-2a9c845c0317" />
    <UnitTestResult executionId="e0d167e7-d126-4688-a8cb-220f1ad9929f" testId="1ad45dda-0ada-e0f3-be3f-fbd30816048a" testName="USBDeviceManager.Tests.Unit.DevicesControllerTests.ScanForDevices_ShouldReturnSuccessResponse" computerName="LITTLE_BEAST" duration="00:00:00.0014838" startTime="2026-01-19T12:39:52.7002166+01:00" endTime="2026-01-19T12:39:52.7002167+01:00" testType="13cdc9d9-ddb5-4fa4-a97d-d965ccfc6d4b" outcome="Passed" testListId="8c84fa94-04c1-424b-9868-57a2d4851a1d" relativeResultsDirectory="e0d167e7-d126-4688-a8cb-220f1ad9929f" />
    <UnitTestResult executionId="2b32eb74-4686-4b60-8a83-e1f47ff26bfc" testId="7b85a8f9-b3d1-4731-afe1-72221347563f" testName="USBDeviceManager.Tests.Integration.CompatControllerConfigsTests.PostConfigs_InvalidPayload_ShouldReturnBadRequest" computerName="LITTLE_BEAST" duration="00:00:00.0160353" startTime="2026-01-19T12:39:49.7228982+01:00" endTime="2026-01-19T12:39:49.7228983+01:00" testType="13cdc9d9-ddb5-4fa4-a97d-d965ccfc6d4b" outcome="Passed" testListId="8c84fa94-04c1-424b-9868-57a2d4851a1d" relativeResultsDirectory="2b32eb74-4686-4b60-8a83-e1f47ff26bfc" />
    <UnitTestResult executionId="9ce80c11-c759-4d58-b4be-027757971ffc" testId="dd04b99a-9047-c149-de40-78b127265ff3" testName="USBDeviceManager.Tests.Integration.DevicesApiIntegrationTests.UpdateDevice_MismatchedId_ShouldReturnBadRequest" computerName="LITTLE_BEAST" duration="00:00:00.0024244" startTime="2026-01-19T12:39:52.5106051+01:00" endTime="2026-01-19T12:39:52.5106052+01:00" testType="13cdc9d9-ddb5-4fa4-a97d-d965ccfc6d4b" outcome="Passed" testListId="8c84fa94-04c1-424b-9868-57a2d4851a1d" relativeResultsDirectory="9ce80c11-c759-4d58-b4be-027757971ffc" />
    <UnitTestResult executionId="5d8564b3-dc78-4651-8222-6377917ef9f7" testId="0a704340-f59c-4d86-a1ba-7bc8ac3e496d" testName="USBDeviceManager.Tests.Unit.SimRacingContextTests.HealthMetric_DifferentSources_ShouldGroupByMetricName" computerName="LITTLE_BEAST" duration="00:00:00.0248829" startTime="2026-01-19T12:39:52.0478887+01:00" endTime="2026-01-19T12:39:52.0478892+01:00" testType="13cdc9d9-ddb5-4fa4-a97d-d965ccfc6d4b" outcome="Passed" testListId="8c84fa94-04c1-424b-9868-57a2d4851a1d" relativeResultsDirectory="5d8564b3-dc78-4651-8222-6377917ef9f7" />
    <UnitTestResult executionId="a154c6ad-5da6-4fac-89f2-5c9c3d2778d9" testId="a000da17-0ffc-7f63-2783-efbc3d0d1a82" testName="USBDeviceManager.Tests.Functional.DashboardFunctionalTests.StartSoftware_WhenDisabled_ReturnsBadRequest" computerName="LITTLE_BEAST" duration="00:00:00.0124644" startTime="2026-01-19T12:39:51.6846133+01:00" endTime="2026-01-19T12:39:51.6846135+01:00" testType="13cdc9d9-ddb5-4fa4-a97d-d965ccfc6d4b" outcome="Passed" testListId="8c84fa94-04c1-424b-9868-57a2d4851a1d" relativeResultsDirectory="a154c6ad-5da6-4fac-89f2-5c9c3d2778d9" />
    <UnitTestResult executionId="9cce311b-2537-4a25-9c7e-173c6c37cfa9" testId="204e4069-0793-b0f2-349b-b1f4daed5ed5" testName="USBDeviceManager.Tests.Integration.DevicesApiIntegrationTests.DeleteDevice_NonExistentDevice_ShouldReturnNotFound" computerName="LITTLE_BEAST" duration="00:00:00.0305111" startTime="2026-01-19T12:39:52.3358891+01:00" endTime="2026-01-19T12:39:52.3358893+01:00" testType="13cdc9d9-ddb5-4fa4-a97d-d965ccfc6d4b" outcome="Passed" testListId="8c84fa94-04c1-424b-9868-57a2d4851a1d" relativeResultsDirectory="9cce311b-2537-4a25-9c7e-173c6c37cfa9" />
    <UnitTestResult executionId="51c20910-e930-4a0b-9fff-f495748f951e" testId="50c340a7-43b6-930c-91fc-fbce4f290ca7" testName="USBDeviceManager.Tests.Unit.DevicesControllerTests.UpdateDevice_WithValidData_ShouldUpdateSuccessfully" computerName="LITTLE_BEAST" duration="00:00:00.0252188" startTime="2026-01-19T12:39:52.6644793+01:00" endTime="2026-01-19T12:39:52.6644796+01:00" testType="13cdc9d9-ddb5-4fa4-a97d-d965ccfc6d4b" outcome="Passed" testListId="8c84fa94-04c1-424b-9868-57a2d4851a1d" relativeResultsDirectory="51c20910-e930-4a0b-9fff-f495748f951e" />
    <UnitTestResult executionId="85102a82-5b70-48d0-9e46-8d327d702f3d" testId="2449e661-a89b-3206-aeb7-82a1204670d7" testName="USBDeviceManager.Tests.Unit.DevicesControllerTests.GetDeviceStatus_WithNoStatus_ShouldReturnNotFound" computerName="LITTLE_BEAST" duration="00:00:00.0007748" startTime="2026-01-19T12:39:52.6979368+01:00" endTime="2026-01-19T12:39:52.6979369+01:00" testType="13cdc9d9-ddb5-4fa4-a97d-d965ccfc6d4b" outcome="Passed" testListId="8c84fa94-04c1-424b-9868-57a2d4851a1d" relativeResultsDirectory="85102a82-5b70-48d0-9e46-8d327d702f3d" />
    <UnitTestResult executionId="c0d4fe86-6352-4ec1-9325-563934dd2adc" testId="240c5a5d-7033-9838-11d3-39f8c8b8bfb8" testName="USBDeviceManager.Tests.Unit.DevicesControllerTests.CreateDevice_WithInvalidName_ShouldHandleValidationError(invalidName: &quot;&quot;)" computerName="LITTLE_BEAST" duration="00:00:00.0004864" startTime="2026-01-19T12:39:52.6662958+01:00" endTime="2026-01-19T12:39:52.6662958+01:00" testType="13cdc9d9-ddb5-4fa4-a97d-d965ccfc6d4b" outcome="Passed" testListId="8c84fa94-04c1-424b-9868-57a2d4851a1d" relativeResultsDirectory="c0d4fe86-6352-4ec1-9325-563934dd2adc" />
    <UnitTestResult executionId="34c53b55-5ba4-4453-9452-7890f860ccd8" testId="36c2c650-f075-95ec-5fa7-ab8689fb0742" testName="USBDeviceManager.Tests.Unit.DevicesControllerTests.CreateDevice_WithInvalidName_ShouldHandleValidationError(invalidName: null)" computerName="LITTLE_BEAST" duration="00:00:00.0012048" startTime="2026-01-19T12:39:52.6657589+01:00" endTime="2026-01-19T12:39:52.6657589+01:00" testType="13cdc9d9-ddb5-4fa4-a97d-d965ccfc6d4b" outcome="Passed" testListId="8c84fa94-04c1-424b-9868-57a2d4851a1d" relativeResultsDirectory="34c53b55-5ba4-4453-9452-7890f860ccd8" />
    <UnitTestResult executionId="10d8fc65-a0e8-4762-b6af-1e4c44192079" testId="1f2a93b4-cee5-c735-17dc-61bb093a979b" testName="USBDeviceManager.Tests.Unit.SimRacingContextTests.AutomationRule_ValidTriggerActionCombinations_ShouldPersistCorrectly(trigger: SystemStartup, action: RunScript)" computerName="LITTLE_BEAST" duration="00:00:00.0118695" startTime="2026-01-19T12:39:52.1180282+01:00" endTime="2026-01-19T12:39:52.1180284+01:00" testType="13cdc9d9-ddb5-4fa4-a97d-d965ccfc6d4b" outcome="Passed" testListId="8c84fa94-04c1-424b-9868-57a2d4851a1d" relativeResultsDirectory="10d8fc65-a0e8-4762-b6af-1e4c44192079" />
    <UnitTestResult executionId="213bceda-3fe7-42da-8f84-9bc1e5a53fd4" testId="09440f66-73bc-2b02-da13-6c360f90a439" testName="USBDeviceManager.Tests.Unit.DevicesControllerTests.GetDeviceStatusHistory_WithCustomTimeRange_ShouldFilterCorrectly" computerName="LITTLE_BEAST" duration="00:00:00.0077503" startTime="2026-01-19T12:39:52.6741225+01:00" endTime="2026-01-19T12:39:52.6741227+01:00" testType="13cdc9d9-ddb5-4fa4-a97d-d965ccfc6d4b" outcome="Passed" testListId="8c84fa94-04c1-424b-9868-57a2d4851a1d" relativeResultsDirectory="213bceda-3fe7-42da-8f84-9bc1e5a53fd4" />
    <UnitTestResult executionId="75f47060-cd3f-4146-8ac3-55e420bfdbfb" testId="ef0526f3-19a1-37aa-1f28-86d1290c76ee" testName="USBDeviceManager.Tests.Integration.DevicesApiIntegrationTests.GetDevice_ExistingDevice_ShouldReturnDeviceDetails" computerName="LITTLE_BEAST" duration="00:00:00.0156637" startTime="2026-01-19T12:39:52.4766035+01:00" endTime="2026-01-19T12:39:52.4766037+01:00" testType="13cdc9d9-ddb5-4fa4-a97d-d965ccfc6d4b" outcome="Passed" testListId="8c84fa94-04c1-424b-9868-57a2d4851a1d" relativeResultsDirectory="75f47060-cd3f-4146-8ac3-55e420bfdbfb" />
    <UnitTestResult executionId="d73e9c25-5389-4a29-8574-154580931c36" testId="2db08305-c5bd-80da-53be-cf06b78487f0" testName="USBDeviceManager.Tests.Unit.SimRacingContextTests.DeviceStatus_TimestampIndexing_ShouldSupportTimeRangeQueries" computerName="LITTLE_BEAST" duration="00:00:00.0618896" startTime="2026-01-19T12:39:52.0044358+01:00" endTime="2026-01-19T12:39:52.0044360+01:00" testType="13cdc9d9-ddb5-4fa4-a97d-d965ccfc6d4b" outcome="Passed" testListId="8c84fa94-04c1-424b-9868-57a2d4851a1d" relativeResultsDirectory="d73e9c25-5389-4a29-8574-154580931c36" />
    <UnitTestResult executionId="2251cfa3-f64e-4d58-bece-8825f1183302" testId="6e51f9d4-c4b1-f47f-1235-73aa83131b6a" testName="USBDeviceManager.Tests.Unit.DevicesControllerTests.GetDevices_WithNoDevices_ShouldReturnEmptyList" computerName="LITTLE_BEAST" duration="00:00:00.0088676" startTime="2026-01-19T12:39:52.6391827+01:00" endTime="2026-01-19T12:39:52.6391830+01:00" testType="13cdc9d9-ddb5-4fa4-a97d-d965ccfc6d4b" outcome="Passed" testListId="8c84fa94-04c1-424b-9868-57a2d4851a1d" relativeResultsDirectory="2251cfa3-f64e-4d58-bece-8825f1183302" />
    <UnitTestResult executionId="59cd918d-9c5e-4d34-a1d6-efc8222216ea" testId="b2a06b05-c066-8907-9910-c853ed8b8af9" testName="USBDeviceManager.Tests.Unit.SimRacingContextTests.AddUsbDevice_ShouldCreateDeviceSuccessfully" computerName="LITTLE_BEAST" duration="00:00:00.0120217" startTime="2026-01-19T12:39:52.1738072+01:00" endTime="2026-01-19T12:39:52.1738074+01:00" testType="13cdc9d9-ddb5-4fa4-a97d-d965ccfc6d4b" outcome="Passed" testListId="8c84fa94-04c1-424b-9868-57a2d4851a1d" relativeResultsDirectory="59cd918d-9c5e-4d34-a1d6-efc8222216ea" />
    <UnitTestResult executionId="2b2acf09-75bd-44d0-8eb8-68b483dd00d7" testId="c728337c-c634-31d7-5778-c0571b7d7cd7" testName="USBDeviceManager.Tests.Unit.SimRacingContextTests.SystemStatus_MultipleEntries_ShouldStoreChronologically" computerName="LITTLE_BEAST" duration="00:00:00.0947675" startTime="2026-01-19T12:39:51.9052997+01:00" endTime="2026-01-19T12:39:51.9052999+01:00" testType="13cdc9d9-ddb5-4fa4-a97d-d965ccfc6d4b" outcome="Passed" testListId="8c84fa94-04c1-424b-9868-57a2d4851a1d" relativeResultsDirectory="2b2acf09-75bd-44d0-8eb8-68b483dd00d7" />
    <UnitTestResult executionId="11b0b29e-acdb-42a0-9440-51ee1a96b644" testId="92cc9743-4394-a994-2fdc-194a1c074fab" testName="USBDeviceManager.Tests.Integration.CompatControllerIntegrationTests.PostLogs_WithKnownDeviceId_ShouldCreateDeviceStatus" computerName="LITTLE_BEAST" duration="00:00:00.2406241" startTime="2026-01-19T12:39:49.5995584+01:00" endTime="2026-01-19T12:39:49.5995586+01:00" testType="13cdc9d9-ddb5-4fa4-a97d-d965ccfc6d4b" outcome="Passed" testListId="8c84fa94-04c1-424b-9868-57a2d4851a1d" relativeResultsDirectory="11b0b29e-acdb-42a0-9440-51ee1a96b644" />
    <UnitTestResult executionId="82802502-df13-482b-b9d8-c55c89f851ec" testId="3e5347b2-aca5-d833-6470-aaf8acad540d" testName="USBDeviceManager.Tests.Integration.CompatControllerConfigsTests.PostConfigs_CreateDeviceAndSoftware_ShouldReturnCreatedAndPersistRule" computerName="LITTLE_BEAST" duration="00:00:00.1037783" startTime="2026-01-19T12:39:49.7066233+01:00" endTime="2026-01-19T12:39:49.7066235+01:00" testType="13cdc9d9-ddb5-4fa4-a97d-d965ccfc6d4b" outcome="Passed" testListId="8c84fa94-04c1-424b-9868-57a2d4851a1d" relativeResultsDirectory="82802502-df13-482b-b9d8-c55c89f851ec" />
    <UnitTestResult executionId="46a4e9d1-5696-4ea1-bacb-67a290c57c3a" testId="4ee0acea-0c0a-845d-537b-10c41ce9ae64" testName="USBDeviceManager.Tests.Integration.DevicesApiIntegrationTests.DeviceApiWorkflow_CreateReadUpdateDelete_ShouldWorkEndToEnd" computerName="LITTLE_BEAST" duration="00:00:00.0193781" startTime="2026-01-19T12:39:52.4025926+01:00" endTime="2026-01-19T12:39:52.4025927+01:00" testType="13cdc9d9-ddb5-4fa4-a97d-d965ccfc6d4b" outcome="Passed" testListId="8c84fa94-04c1-424b-9868-57a2d4851a1d" relativeResultsDirectory="46a4e9d1-5696-4ea1-bacb-67a290c57c3a" />
    <UnitTestResult executionId="ffe0664b-5c6c-4618-8388-00a714cdd387" testId="228d5f08-7547-4422-0486-9b9caa388ab0" testName="USBDeviceManager.Tests.Unit.DevicesControllerTests.UpdateDevice_WithNonExistentDevice_ShouldReturnNotFound" computerName="LITTLE_BEAST" duration="00:00:00.0006444" startTime="2026-01-19T12:39:52.6971228+01:00" endTime="2026-01-19T12:39:52.6971229+01:00" testType="13cdc9d9-ddb5-4fa4-a97d-d965ccfc6d4b" outcome="Passed" testListId="8c84fa94-04c1-424b-9868-57a2d4851a1d" relativeResultsDirectory="ffe0664b-5c6c-4618-8388-00a714cdd387" />
    <UnitTestResult executionId="d23b18e5-45ab-49da-a698-55af5ec7b9ab" testId="63d62ff6-fdcc-3c2c-d906-b695701f826b" testName="USBDeviceManager.Tests.Integration.DevicesApiIntegrationTests.CreateDevice_InvalidData_ShouldReturnValidationError" computerName="LITTLE_BEAST" duration="00:00:00.0026056" startTime="2026-01-19T12:39:52.5134469+01:00" endTime="2026-01-19T12:39:52.5134470+01:00" testType="13cdc9d9-ddb5-4fa4-a97d-d965ccfc6d4b" outcome="Passed" testListId="8c84fa94-04c1-424b-9868-57a2d4851a1d" relativeResultsDirectory="d23b18e5-45ab-49da-a698-55af5ec7b9ab" />
    <UnitTestResult executionId="34b73cfd-85ad-4ad7-a5b2-61cf38f87de5" testId="c188c081-0b9e-f241-e371-15cdd478a837" testName="USBDeviceManager.Tests.Unit.DevicesControllerTests.GetDevices_WithMultipleDevices_ShouldReturnAllDevices" computerName="LITTLE_BEAST" duration="00:00:00.0225005" startTime="2026-01-19T12:39:52.7234070+01:00" endTime="2026-01-19T12:39:52.7234071+01:00" testType="13cdc9d9-ddb5-4fa4-a97d-d965ccfc6d4b" outcome="Passed" testListId="8c84fa94-04c1-424b-9868-57a2d4851a1d" relativeResultsDirectory="34b73cfd-85ad-4ad7-a5b2-61cf38f87de5" />
    <UnitTestResult executionId="67e51fe8-0c5f-41de-8a1b-c172430341f0" testId="c12b8c78-a1fd-77a9-6aca-65941d3ea498" testName="USBDeviceManager.Tests.Integration.CompatControllerIntegrationTests.GetConfigs_EmptyDatabase_ShouldReturnEmptyArray" computerName="LITTLE_BEAST" duration="00:00:00.0869116" startTime="2026-01-19T12:39:49.3586653+01:00" endTime="2026-01-19T12:39:49.3586654+01:00" testType="13cdc9d9-ddb5-4fa4-a97d-d965ccfc6d4b" outcome="Passed" testListId="8c84fa94-04c1-424b-9868-57a2d4851a1d" relativeResultsDirectory="67e51fe8-0c5f-41de-8a1b-c172430341f0" />
    <UnitTestResult executionId="3ff56366-5443-427c-b714-bc6e21115fca" testId="7347fc50-76eb-c402-0878-92510669a555" testName="USBDeviceManager.Tests.Integration.DevicesApiIntegrationTests.GetDevices_WithSeedData_ShouldReturnAllDevices" computerName="LITTLE_BEAST" duration="00:00:00.0184580" startTime="2026-01-19T12:39:52.3546177+01:00" endTime="2026-01-19T12:39:52.3546179+01:00" testType="13cdc9d9-ddb5-4fa4-a97d-d965ccfc6d4b" outcome="Passed" testListId="8c84fa94-04c1-424b-9868-57a2d4851a1d" relativeResultsDirectory="3ff56366-5443-427c-b714-bc6e21115fca" />
    <UnitTestResult executionId="5d951282-0329-4a11-bdaf-8d4611d4ce25" testId="160b9b56-2e99-9200-7b6f-bd71144fde6c" testName="USBDeviceManager.Tests.Functional.DashboardFunctionalTests.DataConsistency_ConcurrentModifications_ShouldMaintainIntegrity" computerName="LITTLE_BEAST" duration="00:00:00.0427901" startTime="2026-01-19T12:39:51.8082940+01:00" endTime="2026-01-19T12:39:51.8082941+01:00" testType="13cdc9d9-ddb5-4fa4-a97d-d965ccfc6d4b" outcome="Passed" testListId="8c84fa94-04c1-424b-9868-57a2d4851a1d" relativeResultsDirectory="5d951282-0329-4a11-bdaf-8d4611d4ce25" />
    <UnitTestResult executionId="0fcef97a-cd97-4e51-9b08-7ace237a5072" testId="707917e6-2c1a-d62c-9202-0d5eac87ac02" testName="USBDeviceManager.Tests.Unit.SimRacingContextTests.RuleExecution_CascadeDelete_ShouldRemoveExecutionsWhenRuleDeleted" computerName="LITTLE_BEAST" duration="00:00:00.0218893" startTime="2026-01-19T12:39:52.1957578+01:00" endTime="2026-01-19T12:39:52.1957580+01:00" testType="13cdc9d9-ddb5-4fa4-a97d-d965ccfc6d4b" outcome="Passed" testListId="8c84fa94-04c1-424b-9868-57a2d4851a1d" relativeResultsDirectory="0fcef97a-cd97-4e51-9b08-7ace237a5072" />
    <UnitTestResult executionId="143367ce-36a8-4039-b405-b8d2fe97c933" testId="59609bee-0d7e-6caa-9bab-2715eddc6aa0" testName="USBDeviceManager.Tests.Unit.SimRacingContextTests.AutomationRule_ValidTriggerActionCombinations_ShouldPersistCorrectly(trigger: DeviceConnected, action: StartSoftware)" computerName="LITTLE_BEAST" duration="00:00:00.0117936" startTime="2026-01-19T12:39:52.1298922+01:00" endTime="2026-01-19T12:39:52.1298924+01:00" testType="13cdc9d9-ddb5-4fa4-a97d-d965ccfc6d4b" outcome="Passed" testListId="8c84fa94-04c1-424b-9868-57a2d4851a1d" relativeResultsDirectory="143367ce-36a8-4039-b405-b8d2fe97c933" />
    <UnitTestResult executionId="6bb85f29-c59a-447d-9755-e4e8a84094f9" testId="efdc5dbb-f773-ccb1-4b6c-443cdc1a4265" testName="USBDeviceManager.Tests.Unit.DevicesControllerTests.DeleteDevice_WithValidId_ShouldDeleteSuccessfully" computerName="LITTLE_BEAST" duration="00:00:00.0014298" startTime="2026-01-19T12:39:52.7248793+01:00" endTime="2026-01-19T12:39:52.7248794+01:00" testType="13cdc9d9-ddb5-4fa4-a97d-d965ccfc6d4b" outcome="Passed" testListId="8c84fa94-04c1-424b-9868-57a2d4851a1d" relativeResultsDirectory="6bb85f29-c59a-447d-9755-e4e8a84094f9" />
    <UnitTestResult executionId="44222562-b751-472c-aa2e-3ef0c528b720" testId="b74795d4-0af8-3460-b39e-c57ad1192dc5" testName="USBDeviceManager.Tests.Integration.Regression.HeartbeatRegressionTests.Heartbeat_Post_WithLegacySchema_ShouldReturnOk" computerName="LITTLE_BEAST" duration="00:00:00.1170593" startTime="2026-01-19T12:39:49.2139838+01:00" endTime="2026-01-19T12:39:49.2139840+01:00" testType="13cdc9d9-ddb5-4fa4-a97d-d965ccfc6d4b" outcome="Passed" testListId="8c84fa94-04c1-424b-9868-57a2d4851a1d" relativeResultsDirectory="44222562-b751-472c-aa2e-3ef0c528b720" />
    <UnitTestResult executionId="7914e93e-b338-4585-9c69-d0352606f37d" testId="1b5c510c-6260-e496-ede0-8c4b4900a0bf" testName="USBDeviceManager.Tests.Integration.DevicesApiIntegrationTests.UpdateDevice_ValidChanges_ShouldUpdateSuccessfully" computerName="LITTLE_BEAST" duration="00:00:00.0174837" startTime="2026-01-19T12:39:52.4606815+01:00" endTime="2026-01-19T12:39:52.4606817+01:00" testType="13cdc9d9-ddb5-4fa4-a97d-d965ccfc6d4b" outcome="Passed" testListId="8c84fa94-04c1-424b-9868-57a2d4851a1d" relativeResultsDirectory="7914e93e-b338-4585-9c69-d0352606f37d" />
    <UnitTestResult executionId="904ad51d-3f05-4a69-92f1-b957297929f2" testId="0cd48300-ee7d-c5e5-5a06-1690dded8003" testName="USBDeviceManager.Tests.Integration.DevicesApiIntegrationTests.GetDevice_NonExistentDevice_ShouldReturnNotFound" computerName="LITTLE_BEAST" duration="00:00:00.0024531" startTime="2026-01-19T12:39:52.5079488+01:00" endTime="2026-01-19T12:39:52.5079489+01:00" testType="13cdc9d9-ddb5-4fa4-a97d-d965ccfc6d4b" outcome="Passed" testListId="8c84fa94-04c1-424b-9868-57a2d4851a1d" relativeResultsDirectory="904ad51d-3f05-4a69-92f1-b957297929f2" />
    <UnitTestResult executionId="dee27bc6-958a-45c5-8ade-10a0465c200c" testId="f8c89c03-f813-ce27-9d5f-c09f0e5115eb" testName="USBDeviceManager.Tests.Integration.Regression.HeartbeatRegressionTests.HealthEndpoint_Compatibility_ShouldReturn200" computerName="LITTLE_BEAST" duration="00:00:00.2526541" startTime="2026-01-19T12:39:49.0962338+01:00" endTime="2026-01-19T12:39:49.0962443+01:00" testType="13cdc9d9-ddb5-4fa4-a97d-d965ccfc6d4b" outcome="Passed" testListId="8c84fa94-04c1-424b-9868-57a2d4851a1d" relativeResultsDirectory="dee27bc6-958a-45c5-8ade-10a0465c200c" />
    <UnitTestResult executionId="e8c68ee0-beb6-4b8a-9f15-377c781efe95" testId="bc165b0a-f779-87ad-7cfd-c4da174afc03" testName="USBDeviceManager.Tests.Integration.DevicesApiIntegrationTests.GetDevices_EmptyDatabase_ShouldReturnEmptyArray" computerName="LITTLE_BEAST" duration="00:00:00.0058582" startTime="2026-01-19T12:39:52.3828853+01:00" endTime="2026-01-19T12:39:52.3828854+01:00" testType="13cdc9d9-ddb5-4fa4-a97d-d965ccfc6d4b" outcome="Passed" testListId="8c84fa94-04c1-424b-9868-57a2d4851a1d" relativeResultsDirectory="e8c68ee0-beb6-4b8a-9f15-377c781efe95" />
    <UnitTestResult executionId="a3092549-fcbb-4f01-9bf5-9e6d4e063be3" testId="a9f971bf-4095-49d4-565b-126c22cceadc" testName="USBDeviceManager.Tests.Unit.DevicesControllerTests.GetDeviceStatusHistory_WithLargeTimeRange_ShouldHandlePerformanceGracefully" computerName="LITTLE_BEAST" duration="00:00:00.0081784" startTime="2026-01-19T12:39:52.7331028+01:00" endTime="2026-01-19T12:39:52.7331029+01:00" testType="13cdc9d9-ddb5-4fa4-a97d-d965ccfc6d4b" outcome="Passed" testListId="8c84fa94-04c1-424b-9868-57a2d4851a1d" relativeResultsDirectory="a3092549-fcbb-4f01-9bf5-9e6d4e063be3" />
    <UnitTestResult executionId="b653efcf-de1c-441e-a387-d1b3811ecdb1" testId="17cb305e-51d1-7e8b-8516-c336f88f51cc" testName="USBDeviceManager.Tests.Functional.DashboardFunctionalTests.SimRacingWorkflow_SetupDeviceAndSoftwareWithAutomation_ShouldWorkEndToEnd" computerName="LITTLE_BEAST" duration="00:00:00.0502070" startTime="2026-01-19T12:39:51.7351565+01:00" endTime="2026-01-19T12:39:51.7351567+01:00" testType="13cdc9d9-ddb5-4fa4-a97d-d965ccfc6d4b" outcome="Passed" testListId="8c84fa94-04c1-424b-9868-57a2d4851a1d" relativeResultsDirectory="b653efcf-de1c-441e-a387-d1b3811ecdb1" />
    <UnitTestResult executionId="12a976c3-3b45-4265-9a64-bcacf8cf5ebb" testId="b61930bf-62ce-0d76-25e2-27c48ccd6263" testName="USBDeviceManager.Tests.Unit.DevicesControllerTests.ToggleDevice_WithValidDevice_ShouldUpdateEnabledState" computerName="LITTLE_BEAST" duration="00:00:00.0144498" startTime="2026-01-19T12:39:52.6886177+01:00" endTime="2026-01-19T12:39:52.6886179+01:00" testType="13cdc9d9-ddb5-4fa4-a97d-d965ccfc6d4b" outcome="Passed" testListId="8c84fa94-04c1-424b-9868-57a2d4851a1d" relativeResultsDirectory="12a976c3-3b45-4265-9a64-bcacf8cf5ebb" />
    <UnitTestResult executionId="54984054-a148-48f5-ad8f-20778c5ef927" testId="8501ab0e-75b1-f5fe-fe86-e8de0703e0b6" testName="USBDeviceManager.Tests.Integration.DevicesApiIntegrationTests.GetDeviceStatusHistory_WithTimeFilter_ShouldReturnFilteredResults" computerName="LITTLE_BEAST" duration="00:00:00.0225110" startTime="2026-01-19T12:39:52.4993773+01:00" endTime="2026-01-19T12:39:52.4993775+01:00" testType="13cdc9d9-ddb5-4fa4-a97d-d965ccfc6d4b" outcome="Passed" testListId="8c84fa94-04c1-424b-9868-57a2d4851a1d" relativeResultsDirectory="54984054-a148-48f5-ad8f-20778c5ef927" />
    <UnitTestResult executionId="4ecef6a6-c8c4-4423-8846-04943403378c" testId="a5c96c20-cf53-febd-1c0c-48be15470f22" testName="USBDeviceManager.Tests.Unit.DevicesControllerTests.GetDeviceStatus_WithExistingStatus_ShouldReturnLatestStatus" computerName="LITTLE_BEAST" duration="00:00:00.1084988" startTime="2026-01-19T12:39:52.6302282+01:00" endTime="2026-01-19T12:39:52.6302284+01:00" testType="13cdc9d9-ddb5-4fa4-a97d-d965ccfc6d4b" outcome="Passed" testListId="8c84fa94-04c1-424b-9868-57a2d4851a1d" relativeResultsDirectory="4ecef6a6-c8c4-4423-8846-04943403378c" />
    <UnitTestResult executionId="8dd5e842-1bdd-43b2-abe1-57db78413e99" testId="9485d60b-1486-fdf6-1931-9c3ffcc93d14" testName="USBDeviceManager.Tests.Integration.DevicesApiIntegrationTests.ScanForDevices_ShouldReturnSuccessResponse" computerName="LITTLE_BEAST" duration="00:00:00.0056275" startTime="2026-01-19T12:39:52.5052499+01:00" endTime="2026-01-19T12:39:52.5052500+01:00" testType="13cdc9d9-ddb5-4fa4-a97d-d965ccfc6d4b" outcome="Passed" testListId="8c84fa94-04c1-424b-9868-57a2d4851a1d" relativeResultsDirectory="8dd5e842-1bdd-43b2-abe1-57db78413e99" />
    <UnitTestResult executionId="5785bc7f-e4c7-481d-9bf2-7ab07bc84eaa" testId="b20690b7-6e0d-5b2f-ff80-bde92d387ec9" testName="USBDeviceManager.Tests.Integration.DevicesApiIntegrationTests.GetDeviceStatus_ExistingDevice_ShouldReturnLatestStatus" computerName="LITTLE_BEAST" duration="00:00:00.0776934" startTime="2026-01-19T12:39:52.3050957+01:00" endTime="2026-01-19T12:39:52.3050959+01:00" testType="13cdc9d9-ddb5-4fa4-a97d-d965ccfc6d4b" outcome="Passed" testListId="8c84fa94-04c1-424b-9868-57a2d4851a1d" relativeResultsDirectory="5785bc7f-e4c7-481d-9bf2-7ab07bc84eaa" />
    <UnitTestResult executionId="918dc630-970e-43ac-bd84-772b328c5bca" testId="b4e3dcee-ad41-e131-9bbe-d2efb5a4773e" testName="USBDeviceManager.Tests.Unit.DevicesControllerTests.CreateDevice_WithValidDevice_ShouldCreateSuccessfully" computerName="LITTLE_BEAST" duration="00:00:00.0008672" startTime="2026-01-19T12:39:52.6964375+01:00" endTime="2026-01-19T12:39:52.6964375+01:00" testType="13cdc9d9-ddb5-4fa4-a97d-d965ccfc6d4b" outcome="Passed" testListId="8c84fa94-04c1-424b-9868-57a2d4851a1d" relativeResultsDirectory="918dc630-970e-43ac-bd84-772b328c5bca" />
    <UnitTestResult executionId="d816896f-7b5a-4ac8-a06c-966b07c07702" testId="3e52b3a7-ad63-6452-3d75-eeef5c99e998" testName="USBDeviceManager.Tests.Unit.DevicesControllerTests.DeleteDevice_WithInvalidId_ShouldReturnNotFound" computerName="LITTLE_BEAST" duration="00:00:00.0061243" startTime="2026-01-19T12:39:52.6947823+01:00" endTime="2026-01-19T12:39:52.6947824+01:00" testType="13cdc9d9-ddb5-4fa4-a97d-d965ccfc6d4b" outcome="Passed" testListId="8c84fa94-04c1-424b-9868-57a2d4851a1d" relativeResultsDirectory="d816896f-7b5a-4ac8-a06c-966b07c07702" />
    <UnitTestResult executionId="178e177c-6865-49d1-83b2-5615c03ca97a" testId="0c344259-4c0b-1199-0160-d721d0c37fdb" testName="USBDeviceManager.Tests.Integration.CompatControllerConfigsTests.PostConfigs_CreateStandaloneSoftware_ShouldReturnCreatedAndPersistSoftware" computerName="LITTLE_BEAST" duration="00:00:00.0091024" startTime="2026-01-19T12:39:49.7322782+01:00" endTime="2026-01-19T12:39:49.7322784+01:00" testType="13cdc9d9-ddb5-4fa4-a97d-d965ccfc6d4b" outcome="Passed" testListId="8c84fa94-04c1-424b-9868-57a2d4851a1d" relativeResultsDirectory="178e177c-6865-49d1-83b2-5615c03ca97a" />
    <UnitTestResult executionId="eea37864-49a8-40d2-a00c-32131a230ec3" testId="a333914f-4598-9384-b2f0-71ced259f393" testName="USBDeviceManager.Tests.Unit.DevicesControllerTests.UpdateDevice_WithMismatchedId_ShouldReturnBadRequest" computerName="LITTLE_BEAST" duration="00:00:00.0007069" startTime="2026-01-19T12:39:52.6955271+01:00" endTime="2026-01-19T12:39:52.6955272+01:00" testType="13cdc9d9-ddb5-4fa4-a97d-d965ccfc6d4b" outcome="Passed" testListId="8c84fa94-04c1-424b-9868-57a2d4851a1d" relativeResultsDirectory="eea37864-49a8-40d2-a00c-32131a230ec3" />
    <UnitTestResult executionId="ab63ac72-7e6c-4472-ad99-fd1c61bc3166" testId="4b81c906-00b6-791e-8ee3-9d74dd5580c1" testName="USBDeviceManager.Tests.Functional.DashboardFunctionalTests.PerformanceUnderLoad_MultipleSimultaneousRequests_ShouldMaintainResponsiveness" computerName="LITTLE_BEAST" duration="00:00:00.0224542" startTime="2026-01-19T12:39:51.7579396+01:00" endTime="2026-01-19T12:39:51.7579398+01:00" testType="13cdc9d9-ddb5-4fa4-a97d-d965ccfc6d4b" outcome="Passed" testListId="8c84fa94-04c1-424b-9868-57a2d4851a1d" relativeResultsDirectory="ab63ac72-7e6c-4472-ad99-fd1c61bc3166" />
  </Results>
  <TestDefinitions>
    <UnitTest name="USBDeviceManager.Tests.Integration.CompatControllerConfigsTests.PostConfigs_InvalidPayload_ShouldReturnBadRequest" storage="e:\workspaces\git\simracing\usbdevicemanager\server\usbdevicemanager.tests\bin\debug\net8.0\simracingdashboard.tests.dll" id="7b85a8f9-b3d1-4731-afe1-72221347563f">
      <Execution id="2b32eb74-4686-4b60-8a83-e1f47ff26bfc" />
      <TestMethod codeBase="E:\Workspaces\Git\SimRacing\USBDeviceManager\server\USBDeviceManager.Tests\bin\Debug\net8.0\SimRacingDashboard.Tests.dll" adapterTypeName="executor://xunit/VsTestRunner2/netcoreapp" className="USBDeviceManager.Tests.Integration.CompatControllerConfigsTests" name="PostConfigs_InvalidPayload_ShouldReturnBadRequest" />
    </UnitTest>
    <UnitTest name="USBDeviceManager.Tests.Unit.DevicesControllerTests.CreateDevice_WithInvalidName_ShouldHandleValidationError(invalidName: null)" storage="e:\workspaces\git\simracing\usbdevicemanager\server\usbdevicemanager.tests\bin\debug\net8.0\simracingdashboard.tests.dll" id="36c2c650-f075-95ec-5fa7-ab8689fb0742">
      <Execution id="34c53b55-5ba4-4453-9452-7890f860ccd8" />
      <TestMethod codeBase="E:\Workspaces\Git\SimRacing\USBDeviceManager\server\USBDeviceManager.Tests\bin\Debug\net8.0\SimRacingDashboard.Tests.dll" adapterTypeName="executor://xunit/VsTestRunner2/netcoreapp" className="USBDeviceManager.Tests.Unit.DevicesControllerTests" name="CreateDevice_WithInvalidName_ShouldHandleValidationError" />
    </UnitTest>
    <UnitTest name="USBDeviceManager.Tests.Integration.DevicesApiIntegrationTests.GetDevices_EmptyDatabase_ShouldReturnEmptyArray" storage="e:\workspaces\git\simracing\usbdevicemanager\server\usbdevicemanager.tests\bin\debug\net8.0\simracingdashboard.tests.dll" id="bc165b0a-f779-87ad-7cfd-c4da174afc03">
      <Execution id="e8c68ee0-beb6-4b8a-9f15-377c781efe95" />
      <TestMethod codeBase="E:\Workspaces\Git\SimRacing\USBDeviceManager\server\USBDeviceManager.Tests\bin\Debug\net8.0\SimRacingDashboard.Tests.dll" adapterTypeName="executor://xunit/VsTestRunner2/netcoreapp" className="USBDeviceManager.Tests.Integration.DevicesApiIntegrationTests" name="GetDevices_EmptyDatabase_ShouldReturnEmptyArray" />
    </UnitTest>
    <UnitTest name="USBDeviceManager.Tests.Functional.DashboardFunctionalTests.SimRacingWorkflow_SetupDeviceAndSoftwareWithAutomation_ShouldWorkEndToEnd" storage="e:\workspaces\git\simracing\usbdevicemanager\server\usbdevicemanager.tests\bin\debug\net8.0\simracingdashboard.tests.dll" id="17cb305e-51d1-7e8b-8516-c336f88f51cc">
      <Execution id="b653efcf-de1c-441e-a387-d1b3811ecdb1" />
      <TestMethod codeBase="E:\Workspaces\Git\SimRacing\USBDeviceManager\server\USBDeviceManager.Tests\bin\Debug\net8.0\SimRacingDashboard.Tests.dll" adapterTypeName="executor://xunit/VsTestRunner2/netcoreapp" className="USBDeviceManager.Tests.Functional.DashboardFunctionalTests" name="SimRacingWorkflow_SetupDeviceAndSoftwareWithAutomation_ShouldWorkEndToEnd" />
    </UnitTest>
    <UnitTest name="USBDeviceManager.Tests.Unit.DevicesControllerTests.GetDevice_WithInvalidId_ShouldReturnNotFound" storage="e:\workspaces\git\simracing\usbdevicemanager\server\usbdevicemanager.tests\bin\debug\net8.0\simracingdashboard.tests.dll" id="76ff7144-89b2-9fd2-0b1d-11c2486102d1">
      <Execution id="3401f78c-3f87-43ba-a17c-62029c3d011c" />
      <TestMethod codeBase="E:\Workspaces\Git\SimRacing\USBDeviceManager\server\USBDeviceManager.Tests\bin\Debug\net8.0\SimRacingDashboard.Tests.dll" adapterTypeName="executor://xunit/VsTestRunner2/netcoreapp" className="USBDeviceManager.Tests.Unit.DevicesControllerTests" name="GetDevice_WithInvalidId_ShouldReturnNotFound" />
    </UnitTest>
    <UnitTest name="USBDeviceManager.Tests.Unit.DevicesControllerTests.GetDevices_WithMultipleDevices_ShouldReturnAllDevices" storage="e:\workspaces\git\simracing\usbdevicemanager\server\usbdevicemanager.tests\bin\debug\net8.0\simracingdashboard.tests.dll" id="c188c081-0b9e-f241-e371-15cdd478a837">
      <Execution id="34b73cfd-85ad-4ad7-a5b2-61cf38f87de5" />
      <TestMethod codeBase="E:\Workspaces\Git\SimRacing\USBDeviceManager\server\USBDeviceManager.Tests\bin\Debug\net8.0\SimRacingDashboard.Tests.dll" adapterTypeName="executor://xunit/VsTestRunner2/netcoreapp" className="USBDeviceManager.Tests.Unit.DevicesControllerTests" name="GetDevices_WithMultipleDevices_ShouldReturnAllDevices" />
    </UnitTest>
    <UnitTest name="USBDeviceManager.Tests.Integration.DevicesApiIntegrationTests.GetDeviceStatusHistory_WithTimeFilter_ShouldReturnFilteredResults" storage="e:\workspaces\git\simracing\usbdevicemanager\server\usbdevicemanager.tests\bin\debug\net8.0\simracingdashboard.tests.dll" id="8501ab0e-75b1-f5fe-fe86-e8de0703e0b6">
      <Execution id="54984054-a148-48f5-ad8f-20778c5ef927" />
      <TestMethod codeBase="E:\Workspaces\Git\SimRacing\USBDeviceManager\server\USBDeviceManager.Tests\bin\Debug\net8.0\SimRacingDashboard.Tests.dll" adapterTypeName="executor://xunit/VsTestRunner2/netcoreapp" className="USBDeviceManager.Tests.Integration.DevicesApiIntegrationTests" name="GetDeviceStatusHistory_WithTimeFilter_ShouldReturnFilteredResults" />
    </UnitTest>
    <UnitTest name="USBDeviceManager.Tests.Unit.DevicesControllerTests.GetDeviceStatusHistory_WithLargeTimeRange_ShouldHandlePerformanceGracefully" storage="e:\workspaces\git\simracing\usbdevicemanager\server\usbdevicemanager.tests\bin\debug\net8.0\simracingdashboard.tests.dll" id="a9f971bf-4095-49d4-565b-126c22cceadc">
      <Execution id="a3092549-fcbb-4f01-9bf5-9e6d4e063be3" />
      <TestMethod codeBase="E:\Workspaces\Git\SimRacing\USBDeviceManager\server\USBDeviceManager.Tests\bin\Debug\net8.0\SimRacingDashboard.Tests.dll" adapterTypeName="executor://xunit/VsTestRunner2/netcoreapp" className="USBDeviceManager.Tests.Unit.DevicesControllerTests" name="GetDeviceStatusHistory_WithLargeTimeRange_ShouldHandlePerformanceGracefully" />
    </UnitTest>
    <UnitTest name="USBDeviceManager.Tests.Unit.DevicesControllerTests.UpdateDevice_WithValidData_ShouldUpdateSuccessfully" storage="e:\workspaces\git\simracing\usbdevicemanager\server\usbdevicemanager.tests\bin\debug\net8.0\simracingdashboard.tests.dll" id="50c340a7-43b6-930c-91fc-fbce4f290ca7">
      <Execution id="51c20910-e930-4a0b-9fff-f495748f951e" />
      <TestMethod codeBase="E:\Workspaces\Git\SimRacing\USBDeviceManager\server\USBDeviceManager.Tests\bin\Debug\net8.0\SimRacingDashboard.Tests.dll" adapterTypeName="executor://xunit/VsTestRunner2/netcoreapp" className="USBDeviceManager.Tests.Unit.DevicesControllerTests" name="UpdateDevice_WithValidData_ShouldUpdateSuccessfully" />
    </UnitTest>
    <UnitTest name="USBDeviceManager.Tests.Unit.SimRacingContextTests.AutomationRule_ValidTriggerActionCombinations_ShouldPersistCorrectly(trigger: DeviceDisconnected, action: StopSoftware)" storage="e:\workspaces\git\simracing\usbdevicemanager\server\usbdevicemanager.tests\bin\debug\net8.0\simracingdashboard.tests.dll" id="fcf79e4e-cf75-7ada-320e-6dca1a0866b8">
      <Execution id="2799266b-c163-4f9f-8099-f4093e04b3e3" />
      <TestMethod codeBase="E:\Workspaces\Git\SimRacing\USBDeviceManager\server\USBDeviceManager.Tests\bin\Debug\net8.0\SimRacingDashboard.Tests.dll" adapterTypeName="executor://xunit/VsTestRunner2/netcoreapp" className="USBDeviceManager.Tests.Unit.SimRacingContextTests" name="AutomationRule_ValidTriggerActionCombinations_ShouldPersistCorrectly" />
    </UnitTest>
    <UnitTest name="USBDeviceManager.Tests.Functional.DashboardFunctionalTests.CreateSoftware_MissingRequiredField_ReturnsBadRequest" storage="e:\workspaces\git\simracing\usbdevicemanager\server\usbdevicemanager.tests\bin\debug\net8.0\simracingdashboard.tests.dll" id="5720cfb9-bb65-af27-f83e-b888aaa1e807">
      <Execution id="f56d1879-1d21-40f1-82ea-f4b4f82a55f7" />
      <TestMethod codeBase="E:\Workspaces\Git\SimRacing\USBDeviceManager\server\USBDeviceManager.Tests\bin\Debug\net8.0\SimRacingDashboard.Tests.dll" adapterTypeName="executor://xunit/VsTestRunner2/netcoreapp" className="USBDeviceManager.Tests.Functional.DashboardFunctionalTests" name="CreateSoftware_MissingRequiredField_ReturnsBadRequest" />
    </UnitTest>
    <UnitTest name="USBDeviceManager.Tests.Integration.DevicesApiIntegrationTests.GetDeviceStatus_ExistingDevice_ShouldReturnLatestStatus" storage="e:\workspaces\git\simracing\usbdevicemanager\server\usbdevicemanager.tests\bin\debug\net8.0\simracingdashboard.tests.dll" id="b20690b7-6e0d-5b2f-ff80-bde92d387ec9">
      <Execution id="5785bc7f-e4c7-481d-9bf2-7ab07bc84eaa" />
      <TestMethod codeBase="E:\Workspaces\Git\SimRacing\USBDeviceManager\server\USBDeviceManager.Tests\bin\Debug\net8.0\SimRacingDashboard.Tests.dll" adapterTypeName="executor://xunit/VsTestRunner2/netcoreapp" className="USBDeviceManager.Tests.Integration.DevicesApiIntegrationTests" name="GetDeviceStatus_ExistingDevice_ShouldReturnLatestStatus" />
    </UnitTest>
    <UnitTest name="USBDeviceManager.Tests.Unit.DevicesControllerTests.CreateDevice_WithValidDevice_ShouldCreateSuccessfully" storage="e:\workspaces\git\simracing\usbdevicemanager\server\usbdevicemanager.tests\bin\debug\net8.0\simracingdashboard.tests.dll" id="b4e3dcee-ad41-e131-9bbe-d2efb5a4773e">
      <Execution id="918dc630-970e-43ac-bd84-772b328c5bca" />
      <TestMethod codeBase="E:\Workspaces\Git\SimRacing\USBDeviceManager\server\USBDeviceManager.Tests\bin\Debug\net8.0\SimRacingDashboard.Tests.dll" adapterTypeName="executor://xunit/VsTestRunner2/netcoreapp" className="USBDeviceManager.Tests.Unit.DevicesControllerTests" name="CreateDevice_WithValidDevice_ShouldCreateSuccessfully" />
    </UnitTest>
    <UnitTest name="USBDeviceManager.Tests.Integration.DevicesApiIntegrationTests.CreateDevice_ValidDevice_ShouldReturnCreatedWithLocation" storage="e:\workspaces\git\simracing\usbdevicemanager\server\usbdevicemanager.tests\bin\debug\net8.0\simracingdashboard.tests.dll" id="d2c1cbea-bdf5-0fef-1c86-f7bed305a214">
      <Execution id="701b3a41-66bf-4706-a2e7-3c14c9324b26" />
      <TestMethod codeBase="E:\Workspaces\Git\SimRacing\USBDeviceManager\server\USBDeviceManager.Tests\bin\Debug\net8.0\SimRacingDashboard.Tests.dll" adapterTypeName="executor://xunit/VsTestRunner2/netcoreapp" className="USBDeviceManager.Tests.Integration.DevicesApiIntegrationTests" name="CreateDevice_ValidDevice_ShouldReturnCreatedWithLocation" />
    </UnitTest>
    <UnitTest name="USBDeviceManager.Tests.Integration.DevicesApiIntegrationTests.ScanForDevices_ShouldReturnSuccessResponse" storage="e:\workspaces\git\simracing\usbdevicemanager\server\usbdevicemanager.tests\bin\debug\net8.0\simracingdashboard.tests.dll" id="9485d60b-1486-fdf6-1931-9c3ffcc93d14">
      <Execution id="8dd5e842-1bdd-43b2-abe1-57db78413e99" />
      <TestMethod codeBase="E:\Workspaces\Git\SimRacing\USBDeviceManager\server\USBDeviceManager.Tests\bin\Debug\net8.0\SimRacingDashboard.Tests.dll" adapterTypeName="executor://xunit/VsTestRunner2/netcoreapp" className="USBDeviceManager.Tests.Integration.DevicesApiIntegrationTests" name="ScanForDevices_ShouldReturnSuccessResponse" />
    </UnitTest>
    <UnitTest name="USBDeviceManager.Tests.Unit.DevicesControllerTests.ToggleDevice_WithValidDevice_ShouldUpdateEnabledState" storage="e:\workspaces\git\simracing\usbdevicemanager\server\usbdevicemanager.tests\bin\debug\net8.0\simracingdashboard.tests.dll" id="b61930bf-62ce-0d76-25e2-27c48ccd6263">
      <Execution id="12a976c3-3b45-4265-9a64-bcacf8cf5ebb" />
      <TestMethod codeBase="E:\Workspaces\Git\SimRacing\USBDeviceManager\server\USBDeviceManager.Tests\bin\Debug\net8.0\SimRacingDashboard.Tests.dll" adapterTypeName="executor://xunit/VsTestRunner2/netcoreapp" className="USBDeviceManager.Tests.Unit.DevicesControllerTests" name="ToggleDevice_WithValidDevice_ShouldUpdateEnabledState" />
    </UnitTest>
    <UnitTest name="USBDeviceManager.Tests.Integration.CompatControllerConfigsTests.PostConfigs_CreateDeviceAndSoftware_ShouldReturnCreatedAndPersistRule" storage="e:\workspaces\git\simracing\usbdevicemanager\server\usbdevicemanager.tests\bin\debug\net8.0\simracingdashboard.tests.dll" id="3e5347b2-aca5-d833-6470-aaf8acad540d">
      <Execution id="82802502-df13-482b-b9d8-c55c89f851ec" />
      <TestMethod codeBase="E:\Workspaces\Git\SimRacing\USBDeviceManager\server\USBDeviceManager.Tests\bin\Debug\net8.0\SimRacingDashboard.Tests.dll" adapterTypeName="executor://xunit/VsTestRunner2/netcoreapp" className="USBDeviceManager.Tests.Integration.CompatControllerConfigsTests" name="PostConfigs_CreateDeviceAndSoftware_ShouldReturnCreatedAndPersistRule" />
    </UnitTest>
    <UnitTest name="USBDeviceManager.Tests.Unit.DevicesControllerTests.CreateDevice_WithInvalidName_ShouldHandleValidationError(invalidName: &quot;&quot;)" storage="e:\workspaces\git\simracing\usbdevicemanager\server\usbdevicemanager.tests\bin\debug\net8.0\simracingdashboard.tests.dll" id="240c5a5d-7033-9838-11d3-39f8c8b8bfb8">
      <Execution id="c0d4fe86-6352-4ec1-9325-563934dd2adc" />
      <TestMethod codeBase="E:\Workspaces\Git\SimRacing\USBDeviceManager\server\USBDeviceManager.Tests\bin\Debug\net8.0\SimRacingDashboard.Tests.dll" adapterTypeName="executor://xunit/VsTestRunner2/netcoreapp" className="USBDeviceManager.Tests.Unit.DevicesControllerTests" name="CreateDevice_WithInvalidName_ShouldHandleValidationError" />
    </UnitTest>
    <UnitTest name="USBDeviceManager.Tests.Integration.Regression.HeartbeatRegressionTests.Heartbeat_Post_WithLegacySchema_ShouldReturnOk" storage="e:\workspaces\git\simracing\usbdevicemanager\server\usbdevicemanager.tests\bin\debug\net8.0\simracingdashboard.tests.dll" id="b74795d4-0af8-3460-b39e-c57ad1192dc5">
      <Execution id="44222562-b751-472c-aa2e-3ef0c528b720" />
      <TestMethod codeBase="E:\Workspaces\Git\SimRacing\USBDeviceManager\server\USBDeviceManager.Tests\bin\Debug\net8.0\SimRacingDashboard.Tests.dll" adapterTypeName="executor://xunit/VsTestRunner2/netcoreapp" className="USBDeviceManager.Tests.Integration.Regression.HeartbeatRegressionTests" name="Heartbeat_Post_WithLegacySchema_ShouldReturnOk" />
    </UnitTest>
    <UnitTest name="USBDeviceManager.Tests.Integration.CompatControllerConfigsTests.PostConfigs_CreateStandaloneSoftware_ShouldReturnCreatedAndPersistSoftware" storage="e:\workspaces\git\simracing\usbdevicemanager\server\usbdevicemanager.tests\bin\debug\net8.0\simracingdashboard.tests.dll" id="0c344259-4c0b-1199-0160-d721d0c37fdb">
      <Execution id="178e177c-6865-49d1-83b2-5615c03ca97a" />
      <TestMethod codeBase="E:\Workspaces\Git\SimRacing\USBDeviceManager\server\USBDeviceManager.Tests\bin\Debug\net8.0\SimRacingDashboard.Tests.dll" adapterTypeName="executor://xunit/VsTestRunner2/netcoreapp" className="USBDeviceManager.Tests.Integration.CompatControllerConfigsTests" name="PostConfigs_CreateStandaloneSoftware_ShouldReturnCreatedAndPersistSoftware" />
    </UnitTest>
    <UnitTest name="USBDeviceManager.Tests.Unit.SimRacingContextTests.ManagedSoftware_RequiredFields_ShouldEnforceValidation" storage="e:\workspaces\git\simracing\usbdevicemanager\server\usbdevicemanager.tests\bin\debug\net8.0\simracingdashboard.tests.dll" id="45d4317e-6b7e-1ca7-6b77-8b4d393d67d7">
      <Execution id="9399ce70-ad6a-4004-ae4a-2dcaba0259bc" />
      <TestMethod codeBase="E:\Workspaces\Git\SimRacing\USBDeviceManager\server\USBDeviceManager.Tests\bin\Debug\net8.0\SimRacingDashboard.Tests.dll" adapterTypeName="executor://xunit/VsTestRunner2/netcoreapp" className="USBDeviceManager.Tests.Unit.SimRacingContextTests" name="ManagedSoftware_RequiredFields_ShouldEnforceValidation" />
    </UnitTest>
    <UnitTest name="USBDeviceManager.Tests.Unit.SimRacingContextTests.AddUsbDevice_ShouldCreateDeviceSuccessfully" storage="e:\workspaces\git\simracing\usbdevicemanager\server\usbdevicemanager.tests\bin\debug\net8.0\simracingdashboard.tests.dll" id="b2a06b05-c066-8907-9910-c853ed8b8af9">
      <Execution id="59cd918d-9c5e-4d34-a1d6-efc8222216ea" />
      <TestMethod codeBase="E:\Workspaces\Git\SimRacing\USBDeviceManager\server\USBDeviceManager.Tests\bin\Debug\net8.0\SimRacingDashboard.Tests.dll" adapterTypeName="executor://xunit/VsTestRunner2/netcoreapp" className="USBDeviceManager.Tests.Unit.SimRacingContextTests" name="AddUsbDevice_ShouldCreateDeviceSuccessfully" />
    </UnitTest>
    <UnitTest name="USBDeviceManager.Tests.Integration.DevicesApiIntegrationTests.DeviceApiWorkflow_CreateReadUpdateDelete_ShouldWorkEndToEnd" storage="e:\workspaces\git\simracing\usbdevicemanager\server\usbdevicemanager.tests\bin\debug\net8.0\simracingdashboard.tests.dll" id="4ee0acea-0c0a-845d-537b-10c41ce9ae64">
      <Execution id="46a4e9d1-5696-4ea1-bacb-67a290c57c3a" />
      <TestMethod codeBase="E:\Workspaces\Git\SimRacing\USBDeviceManager\server\USBDeviceManager.Tests\bin\Debug\net8.0\SimRacingDashboard.Tests.dll" adapterTypeName="executor://xunit/VsTestRunner2/netcoreapp" className="USBDeviceManager.Tests.Integration.DevicesApiIntegrationTests" name="DeviceApiWorkflow_CreateReadUpdateDelete_ShouldWorkEndToEnd" />
    </UnitTest>
    <UnitTest name="USBDeviceManager.Tests.Integration.Regression.HeartbeatRegressionTests.HealthEndpoint_Compatibility_ShouldReturn200" storage="e:\workspaces\git\simracing\usbdevicemanager\server\usbdevicemanager.tests\bin\debug\net8.0\simracingdashboard.tests.dll" id="f8c89c03-f813-ce27-9d5f-c09f0e5115eb">
      <Execution id="dee27bc6-958a-45c5-8ade-10a0465c200c" />
      <TestMethod codeBase="E:\Workspaces\Git\SimRacing\USBDeviceManager\server\USBDeviceManager.Tests\bin\Debug\net8.0\SimRacingDashboard.Tests.dll" adapterTypeName="executor://xunit/VsTestRunner2/netcoreapp" className="USBDeviceManager.Tests.Integration.Regression.HeartbeatRegressionTests" name="HealthEndpoint_Compatibility_ShouldReturn200" />
    </UnitTest>
    <UnitTest name="USBDeviceManager.Tests.Unit.SimRacingContextTests.AutomationRule_ValidTriggerActionCombinations_ShouldPersistCorrectly(trigger: DeviceConnected, action: StartSoftware)" storage="e:\workspaces\git\simracing\usbdevicemanager\server\usbdevicemanager.tests\bin\debug\net8.0\simracingdashboard.tests.dll" id="59609bee-0d7e-6caa-9bab-2715eddc6aa0">
      <Execution id="143367ce-36a8-4039-b405-b8d2fe97c933" />
      <TestMethod codeBase="E:\Workspaces\Git\SimRacing\USBDeviceManager\server\USBDeviceManager.Tests\bin\Debug\net8.0\SimRacingDashboard.Tests.dll" adapterTypeName="executor://xunit/VsTestRunner2/netcoreapp" className="USBDeviceManager.Tests.Unit.SimRacingContextTests" name="AutomationRule_ValidTriggerActionCombinations_ShouldPersistCorrectly" />
    </UnitTest>
    <UnitTest name="USBDeviceManager.Tests.Functional.DashboardFunctionalTests.StartSoftware_WhenDisabled_ReturnsBadRequest" storage="e:\workspaces\git\simracing\usbdevicemanager\server\usbdevicemanager.tests\bin\debug\net8.0\simracingdashboard.tests.dll" id="a000da17-0ffc-7f63-2783-efbc3d0d1a82">
      <Execution id="a154c6ad-5da6-4fac-89f2-5c9c3d2778d9" />
      <TestMethod codeBase="E:\Workspaces\Git\SimRacing\USBDeviceManager\server\USBDeviceManager.Tests\bin\Debug\net8.0\SimRacingDashboard.Tests.dll" adapterTypeName="executor://xunit/VsTestRunner2/netcoreapp" className="USBDeviceManager.Tests.Functional.DashboardFunctionalTests" name="StartSoftware_WhenDisabled_ReturnsBadRequest" />
    </UnitTest>
    <UnitTest name="USBDeviceManager.Tests.Integration.DevicesApiIntegrationTests.UpdateDevice_ValidChanges_ShouldUpdateSuccessfully" storage="e:\workspaces\git\simracing\usbdevicemanager\server\usbdevicemanager.tests\bin\debug\net8.0\simracingdashboard.tests.dll" id="1b5c510c-6260-e496-ede0-8c4b4900a0bf">
      <Execution id="7914e93e-b338-4585-9c69-d0352606f37d" />
      <TestMethod codeBase="E:\Workspaces\Git\SimRacing\USBDeviceManager\server\USBDeviceManager.Tests\bin\Debug\net8.0\SimRacingDashboard.Tests.dll" adapterTypeName="executor://xunit/VsTestRunner2/netcoreapp" className="USBDeviceManager.Tests.Integration.DevicesApiIntegrationTests" name="UpdateDevice_ValidChanges_ShouldUpdateSuccessfully" />
    </UnitTest>
    <UnitTest name="USBDeviceManager.Tests.Unit.SimRacingContextTests.SystemStatus_MultipleEntries_ShouldStoreChronologically" storage="e:\workspaces\git\simracing\usbdevicemanager\server\usbdevicemanager.tests\bin\debug\net8.0\simracingdashboard.tests.dll" id="c728337c-c634-31d7-5778-c0571b7d7cd7">
      <Execution id="2b2acf09-75bd-44d0-8eb8-68b483dd00d7" />
      <TestMethod codeBase="E:\Workspaces\Git\SimRacing\USBDeviceManager\server\USBDeviceManager.Tests\bin\Debug\net8.0\SimRacingDashboard.Tests.dll" adapterTypeName="executor://xunit/VsTestRunner2/netcoreapp" className="USBDeviceManager.Tests.Unit.SimRacingContextTests" name="SystemStatus_MultipleEntries_ShouldStoreChronologically" />
    </UnitTest>
    <UnitTest name="USBDeviceManager.Tests.Unit.SimRacingContextTests.UsbDevice_UniqueDeviceId_ShouldEnforceConstraint" storage="e:\workspaces\git\simracing\usbdevicemanager\server\usbdevicemanager.tests\bin\debug\net8.0\simracingdashboard.tests.dll" id="eff962bb-b6a0-8a72-61fb-74f874378494">
      <Execution id="7aadae81-283d-40a1-8abc-86663f6925b9" />
      <TestMethod codeBase="E:\Workspaces\Git\SimRacing\USBDeviceManager\server\USBDeviceManager.Tests\bin\Debug\net8.0\SimRacingDashboard.Tests.dll" adapterTypeName="executor://xunit/VsTestRunner2/netcoreapp" className="USBDeviceManager.Tests.Unit.SimRacingContextTests" name="UsbDevice_UniqueDeviceId_ShouldEnforceConstraint" />
    </UnitTest>
    <UnitTest name="USBDeviceManager.Tests.Unit.DevicesControllerTests.UpdateDevice_WithMismatchedId_ShouldReturnBadRequest" storage="e:\workspaces\git\simracing\usbdevicemanager\server\usbdevicemanager.tests\bin\debug\net8.0\simracingdashboard.tests.dll" id="a333914f-4598-9384-b2f0-71ced259f393">
      <Execution id="eea37864-49a8-40d2-a00c-32131a230ec3" />
      <TestMethod codeBase="E:\Workspaces\Git\SimRacing\USBDeviceManager\server\USBDeviceManager.Tests\bin\Debug\net8.0\SimRacingDashboard.Tests.dll" adapterTypeName="executor://xunit/VsTestRunner2/netcoreapp" className="USBDeviceManager.Tests.Unit.DevicesControllerTests" name="UpdateDevice_WithMismatchedId_ShouldReturnBadRequest" />
    </UnitTest>
    <UnitTest name="USBDeviceManager.Tests.Integration.DevicesApiIntegrationTests.GetDevice_NonExistentDevice_ShouldReturnNotFound" storage="e:\workspaces\git\simracing\usbdevicemanager\server\usbdevicemanager.tests\bin\debug\net8.0\simracingdashboard.tests.dll" id="0cd48300-ee7d-c5e5-5a06-1690dded8003">
      <Execution id="904ad51d-3f05-4a69-92f1-b957297929f2" />
      <TestMethod codeBase="E:\Workspaces\Git\SimRacing\USBDeviceManager\server\USBDeviceManager.Tests\bin\Debug\net8.0\SimRacingDashboard.Tests.dll" adapterTypeName="executor://xunit/VsTestRunner2/netcoreapp" className="USBDeviceManager.Tests.Integration.DevicesApiIntegrationTests" name="GetDevice_NonExistentDevice_ShouldReturnNotFound" />
    </UnitTest>
    <UnitTest name="USBDeviceManager.Tests.Unit.SimRacingContextTests.AutomationRule_ValidTriggerActionCombinations_ShouldPersistCorrectly(trigger: Manual, action: SendNotification)" storage="e:\workspaces\git\simracing\usbdevicemanager\server\usbdevicemanager.tests\bin\debug\net8.0\simracingdashboard.tests.dll" id="511ac0bf-0216-9294-7e95-fbccc8fb73d4">
      <Execution id="6be4c865-46f9-4a1a-bc4a-29bdc6bb4ffb" />
      <TestMethod codeBase="E:\Workspaces\Git\SimRacing\USBDeviceManager\server\USBDeviceManager.Tests\bin\Debug\net8.0\SimRacingDashboard.Tests.dll" adapterTypeName="executor://xunit/VsTestRunner2/netcoreapp" className="USBDeviceManager.Tests.Unit.SimRacingContextTests" name="AutomationRule_ValidTriggerActionCombinations_ShouldPersistCorrectly" />
    </UnitTest>
    <UnitTest name="USBDeviceManager.Tests.Unit.DevicesControllerTests.GetDevices_WithNoDevices_ShouldReturnEmptyList" storage="e:\workspaces\git\simracing\usbdevicemanager\server\usbdevicemanager.tests\bin\debug\net8.0\simracingdashboard.tests.dll" id="6e51f9d4-c4b1-f47f-1235-73aa83131b6a">
      <Execution id="2251cfa3-f64e-4d58-bece-8825f1183302" />
      <TestMethod codeBase="E:\Workspaces\Git\SimRacing\USBDeviceManager\server\USBDeviceManager.Tests\bin\Debug\net8.0\SimRacingDashboard.Tests.dll" adapterTypeName="executor://xunit/VsTestRunner2/netcoreapp" className="USBDeviceManager.Tests.Unit.DevicesControllerTests" name="GetDevices_WithNoDevices_ShouldReturnEmptyList" />
    </UnitTest>
    <UnitTest name="USBDeviceManager.Tests.Integration.DevicesApiIntegrationTests.CreateDevice_InvalidData_ShouldReturnValidationError" storage="e:\workspaces\git\simracing\usbdevicemanager\server\usbdevicemanager.tests\bin\debug\net8.0\simracingdashboard.tests.dll" id="63d62ff6-fdcc-3c2c-d906-b695701f826b">
      <Execution id="d23b18e5-45ab-49da-a698-55af5ec7b9ab" />
      <TestMethod codeBase="E:\Workspaces\Git\SimRacing\USBDeviceManager\server\USBDeviceManager.Tests\bin\Debug\net8.0\SimRacingDashboard.Tests.dll" adapterTypeName="executor://xunit/VsTestRunner2/netcoreapp" className="USBDeviceManager.Tests.Integration.DevicesApiIntegrationTests" name="CreateDevice_InvalidData_ShouldReturnValidationError" />
    </UnitTest>
    <UnitTest name="USBDeviceManager.Tests.Functional.DashboardFunctionalTests.SystemHealthMonitoring_ContinuousMonitoring_ShouldTrackSystemMetrics" storage="e:\workspaces\git\simracing\usbdevicemanager\server\usbdevicemanager.tests\bin\debug\net8.0\simracingdashboard.tests.dll" id="05515f8f-7189-a113-62c5-a157a1898dd5">
      <Execution id="19705120-324b-4fae-910f-867b2303eede" />
      <TestMethod codeBase="E:\Workspaces\Git\SimRacing\USBDeviceManager\server\USBDeviceManager.Tests\bin\Debug\net8.0\SimRacingDashboard.Tests.dll" adapterTypeName="executor://xunit/VsTestRunner2/netcoreapp" className="USBDeviceManager.Tests.Functional.DashboardFunctionalTests" name="SystemHealthMonitoring_ContinuousMonitoring_ShouldTrackSystemMetrics" />
    </UnitTest>
    <UnitTest name="USBDeviceManager.Tests.Integration.DevicesApiIntegrationTests.ToggleDevice_EnableDisable_ShouldUpdateState" storage="e:\workspaces\git\simracing\usbdevicemanager\server\usbdevicemanager.tests\bin\debug\net8.0\simracingdashboard.tests.dll" id="b1dbaf41-f156-c77c-a78f-df5414952082">
      <Execution id="bfe10fb3-fb31-4074-8113-2a9c845c0317" />
      <TestMethod codeBase="E:\Workspaces\Git\SimRacing\USBDeviceManager\server\USBDeviceManager.Tests\bin\Debug\net8.0\SimRacingDashboard.Tests.dll" adapterTypeName="executor://xunit/VsTestRunner2/netcoreapp" className="USBDeviceManager.Tests.Integration.DevicesApiIntegrationTests" name="ToggleDevice_EnableDisable_ShouldUpdateState" />
    </UnitTest>
    <UnitTest name="USBDeviceManager.Tests.Integration.DevicesApiIntegrationTests.GetDevice_ExistingDevice_ShouldReturnDeviceDetails" storage="e:\workspaces\git\simracing\usbdevicemanager\server\usbdevicemanager.tests\bin\debug\net8.0\simracingdashboard.tests.dll" id="ef0526f3-19a1-37aa-1f28-86d1290c76ee">
      <Execution id="75f47060-cd3f-4146-8ac3-55e420bfdbfb" />
      <TestMethod codeBase="E:\Workspaces\Git\SimRacing\USBDeviceManager\server\USBDeviceManager.Tests\bin\Debug\net8.0\SimRacingDashboard.Tests.dll" adapterTypeName="executor://xunit/VsTestRunner2/netcoreapp" className="USBDeviceManager.Tests.Integration.DevicesApiIntegrationTests" name="GetDevice_ExistingDevice_ShouldReturnDeviceDetails" />
    </UnitTest>
    <UnitTest name="USBDeviceManager.Tests.Integration.DevicesApiIntegrationTests.GetDevices_WithSeedData_ShouldReturnAllDevices" storage="e:\workspaces\git\simracing\usbdevicemanager\server\usbdevicemanager.tests\bin\debug\net8.0\simracingdashboard.tests.dll" id="7347fc50-76eb-c402-0878-92510669a555">
      <Execution id="3ff56366-5443-427c-b714-bc6e21115fca" />
      <TestMethod codeBase="E:\Workspaces\Git\SimRacing\USBDeviceManager\server\USBDeviceManager.Tests\bin\Debug\net8.0\SimRacingDashboard.Tests.dll" adapterTypeName="executor://xunit/VsTestRunner2/netcoreapp" className="USBDeviceManager.Tests.Integration.DevicesApiIntegrationTests" name="GetDevices_WithSeedData_ShouldReturnAllDevices" />
    </UnitTest>
    <UnitTest name="USBDeviceManager.Tests.Unit.SimRacingContextTests.DeviceStatus_CascadeDelete_ShouldRemoveStatusesWhenDeviceDeleted" storage="e:\workspaces\git\simracing\usbdevicemanager\server\usbdevicemanager.tests\bin\debug\net8.0\simracingdashboard.tests.dll" id="923b6fa5-61bc-949a-041c-61701374d191">
      <Execution id="2e6a15f1-64d4-4c88-b72a-d3c9c56524ac" />
      <TestMethod codeBase="E:\Workspaces\Git\SimRacing\USBDeviceManager\server\USBDeviceManager.Tests\bin\Debug\net8.0\SimRacingDashboard.Tests.dll" adapterTypeName="executor://xunit/VsTestRunner2/netcoreapp" className="USBDeviceManager.Tests.Unit.SimRacingContextTests" name="DeviceStatus_CascadeDelete_ShouldRemoveStatusesWhenDeviceDeleted" />
    </UnitTest>
    <UnitTest name="USBDeviceManager.Tests.Functional.DashboardFunctionalTests.AutomationWorkflow_ComplexRuleExecution_ShouldExecuteInCorrectOrder" storage="e:\workspaces\git\simracing\usbdevicemanager\server\usbdevicemanager.tests\bin\debug\net8.0\simracingdashboard.tests.dll" id="7fd7ca87-855e-845b-088a-7ed2a5781891">
      <Execution id="fe313d99-cde8-47eb-8a93-56b60285a671" />
      <TestMethod codeBase="E:\Workspaces\Git\SimRacing\USBDeviceManager\server\USBDeviceManager.Tests\bin\Debug\net8.0\SimRacingDashboard.Tests.dll" adapterTypeName="executor://xunit/VsTestRunner2/netcoreapp" className="USBDeviceManager.Tests.Functional.DashboardFunctionalTests" name="AutomationWorkflow_ComplexRuleExecution_ShouldExecuteInCorrectOrder" />
    </UnitTest>
    <UnitTest name="USBDeviceManager.Tests.Unit.SimRacingContextTests.AutomationRule_WithDeviceAndSoftwareReferences_ShouldMaintainRelationships" storage="e:\workspaces\git\simracing\usbdevicemanager\server\usbdevicemanager.tests\bin\debug\net8.0\simracingdashboard.tests.dll" id="a7e5764a-e9bf-5a4c-2210-1f100dab02a8">
      <Execution id="8a21a044-3c91-4a55-8b0d-bc8708e3cbcd" />
      <TestMethod codeBase="E:\Workspaces\Git\SimRacing\USBDeviceManager\server\USBDeviceManager.Tests\bin\Debug\net8.0\SimRacingDashboard.Tests.dll" adapterTypeName="executor://xunit/VsTestRunner2/netcoreapp" className="USBDeviceManager.Tests.Unit.SimRacingContextTests" name="AutomationRule_WithDeviceAndSoftwareReferences_ShouldMaintainRelationships" />
    </UnitTest>
    <UnitTest name="USBDeviceManager.Tests.Unit.SimRacingContextTests.AutomationRule_ValidTriggerActionCombinations_ShouldPersistCorrectly(trigger: SystemStartup, action: RunScript)" storage="e:\workspaces\git\simracing\usbdevicemanager\server\usbdevicemanager.tests\bin\debug\net8.0\simracingdashboard.tests.dll" id="1f2a93b4-cee5-c735-17dc-61bb093a979b">
      <Execution id="10d8fc65-a0e8-4762-b6af-1e4c44192079" />
      <TestMethod codeBase="E:\Workspaces\Git\SimRacing\USBDeviceManager\server\USBDeviceManager.Tests\bin\Debug\net8.0\SimRacingDashboard.Tests.dll" adapterTypeName="executor://xunit/VsTestRunner2/netcoreapp" className="USBDeviceManager.Tests.Unit.SimRacingContextTests" name="AutomationRule_ValidTriggerActionCombinations_ShouldPersistCorrectly" />
    </UnitTest>
    <UnitTest name="USBDeviceManager.Tests.Unit.DevicesControllerTests.GetDevice_WithValidId_ShouldReturnDevice" storage="e:\workspaces\git\simracing\usbdevicemanager\server\usbdevicemanager.tests\bin\debug\net8.0\simracingdashboard.tests.dll" id="d938d72e-bbbb-7608-3018-a601776da4fe">
      <Execution id="5c88eebe-ef96-432e-a056-36aa4305b433" />
      <TestMethod codeBase="E:\Workspaces\Git\SimRacing\USBDeviceManager\server\USBDeviceManager.Tests\bin\Debug\net8.0\SimRacingDashboard.Tests.dll" adapterTypeName="executor://xunit/VsTestRunner2/netcoreapp" className="USBDeviceManager.Tests.Unit.DevicesControllerTests" name="GetDevice_WithValidId_ShouldReturnDevice" />
    </UnitTest>
    <UnitTest name="USBDeviceManager.Tests.Functional.DashboardFunctionalTests.ErrorHandlingAndRecovery_InvalidOperations_ShouldHandleGracefully" storage="e:\workspaces\git\simracing\usbdevicemanager\server\usbdevicemanager.tests\bin\debug\net8.0\simracingdashboard.tests.dll" id="cf0c0b57-c7ad-16c2-135d-7ceaae6755d2">
      <Execution id="09e231ce-5a3f-4dbf-8f70-45e52c57cde5" />
      <TestMethod codeBase="E:\Workspaces\Git\SimRacing\USBDeviceManager\server\USBDeviceManager.Tests\bin\Debug\net8.0\SimRacingDashboard.Tests.dll" adapterTypeName="executor://xunit/VsTestRunner2/netcoreapp" className="USBDeviceManager.Tests.Functional.DashboardFunctionalTests" name="ErrorHandlingAndRecovery_InvalidOperations_ShouldHandleGracefully" />
    </UnitTest>
    <UnitTest name="USBDeviceManager.Tests.Integration.DevicesApiIntegrationTests.ConcurrentDeviceOperations_ShouldHandleGracefully" storage="e:\workspaces\git\simracing\usbdevicemanager\server\usbdevicemanager.tests\bin\debug\net8.0\simracingdashboard.tests.dll" id="1b75a3db-7082-3fba-0052-9900647a1e82">
      <Execution id="61259116-672d-4608-9853-e5b8f4cc26bb" />
      <TestMethod codeBase="E:\Workspaces\Git\SimRacing\USBDeviceManager\server\USBDeviceManager.Tests\bin\Debug\net8.0\SimRacingDashboard.Tests.dll" adapterTypeName="executor://xunit/VsTestRunner2/netcoreapp" className="USBDeviceManager.Tests.Integration.DevicesApiIntegrationTests" name="ConcurrentDeviceOperations_ShouldHandleGracefully" />
    </UnitTest>
    <UnitTest name="USBDeviceManager.Tests.Integration.CompatControllerIntegrationTests.GetConfigs_EmptyDatabase_ShouldReturnEmptyArray" storage="e:\workspaces\git\simracing\usbdevicemanager\server\usbdevicemanager.tests\bin\debug\net8.0\simracingdashboard.tests.dll" id="c12b8c78-a1fd-77a9-6aca-65941d3ea498">
      <Execution id="67e51fe8-0c5f-41de-8a1b-c172430341f0" />
      <TestMethod codeBase="E:\Workspaces\Git\SimRacing\USBDeviceManager\server\USBDeviceManager.Tests\bin\Debug\net8.0\SimRacingDashboard.Tests.dll" adapterTypeName="executor://xunit/VsTestRunner2/netcoreapp" className="USBDeviceManager.Tests.Integration.CompatControllerIntegrationTests" name="GetConfigs_EmptyDatabase_ShouldReturnEmptyArray" />
    </UnitTest>
    <UnitTest name="USBDeviceManager.Tests.Functional.DashboardFunctionalTests.PerformanceUnderLoad_MultipleSimultaneousRequests_ShouldMaintainResponsiveness" storage="e:\workspaces\git\simracing\usbdevicemanager\server\usbdevicemanager.tests\bin\debug\net8.0\simracingdashboard.tests.dll" id="4b81c906-00b6-791e-8ee3-9d74dd5580c1">
      <Execution id="ab63ac72-7e6c-4472-ad99-fd1c61bc3166" />
      <TestMethod codeBase="E:\Workspaces\Git\SimRacing\USBDeviceManager\server\USBDeviceManager.Tests\bin\Debug\net8.0\SimRacingDashboard.Tests.dll" adapterTypeName="executor://xunit/VsTestRunner2/netcoreapp" className="USBDeviceManager.Tests.Functional.DashboardFunctionalTests" name="PerformanceUnderLoad_MultipleSimultaneousRequests_ShouldMaintainResponsiveness" />
    </UnitTest>
    <UnitTest name="USBDeviceManager.Tests.Unit.DevicesControllerTests.ToggleDevice_WithInvalidDevice_ShouldReturnNotFound" storage="e:\workspaces\git\simracing\usbdevicemanager\server\usbdevicemanager.tests\bin\debug\net8.0\simracingdashboard.tests.dll" id="fb96665f-3e91-03cd-2bcd-39f89220b85d">
      <Execution id="39e79dd6-7502-4c7d-906d-910a05b61be7" />
      <TestMethod codeBase="E:\Workspaces\Git\SimRacing\USBDeviceManager\server\USBDeviceManager.Tests\bin\Debug\net8.0\SimRacingDashboard.Tests.dll" adapterTypeName="executor://xunit/VsTestRunner2/netcoreapp" className="USBDeviceManager.Tests.Unit.DevicesControllerTests" name="ToggleDevice_WithInvalidDevice_ShouldReturnNotFound" />
    </UnitTest>
    <UnitTest name="USBDeviceManager.Tests.Unit.SimRacingContextTests.RuleExecution_CascadeDelete_ShouldRemoveExecutionsWhenRuleDeleted" storage="e:\workspaces\git\simracing\usbdevicemanager\server\usbdevicemanager.tests\bin\debug\net8.0\simracingdashboard.tests.dll" id="707917e6-2c1a-d62c-9202-0d5eac87ac02">
      <Execution id="0fcef97a-cd97-4e51-9b08-7ace237a5072" />
      <TestMethod codeBase="E:\Workspaces\Git\SimRacing\USBDeviceManager\server\USBDeviceManager.Tests\bin\Debug\net8.0\SimRacingDashboard.Tests.dll" adapterTypeName="executor://xunit/VsTestRunner2/netcoreapp" className="USBDeviceManager.Tests.Unit.SimRacingContextTests" name="RuleExecution_CascadeDelete_ShouldRemoveExecutionsWhenRuleDeleted" />
    </UnitTest>
    <UnitTest name="USBDeviceManager.Tests.Functional.DashboardFunctionalTests.DataConsistency_ConcurrentModifications_ShouldMaintainIntegrity" storage="e:\workspaces\git\simracing\usbdevicemanager\server\usbdevicemanager.tests\bin\debug\net8.0\simracingdashboard.tests.dll" id="160b9b56-2e99-9200-7b6f-bd71144fde6c">
      <Execution id="5d951282-0329-4a11-bdaf-8d4611d4ce25" />
      <TestMethod codeBase="E:\Workspaces\Git\SimRacing\USBDeviceManager\server\USBDeviceManager.Tests\bin\Debug\net8.0\SimRacingDashboard.Tests.dll" adapterTypeName="executor://xunit/VsTestRunner2/netcoreapp" className="USBDeviceManager.Tests.Functional.DashboardFunctionalTests" name="DataConsistency_ConcurrentModifications_ShouldMaintainIntegrity" />
    </UnitTest>
    <UnitTest name="USBDeviceManager.Tests.Unit.DevicesControllerTests.GetDeviceStatus_WithExistingStatus_ShouldReturnLatestStatus" storage="e:\workspaces\git\simracing\usbdevicemanager\server\usbdevicemanager.tests\bin\debug\net8.0\simracingdashboard.tests.dll" id="a5c96c20-cf53-febd-1c0c-48be15470f22">
      <Execution id="4ecef6a6-c8c4-4423-8846-04943403378c" />
      <TestMethod codeBase="E:\Workspaces\Git\SimRacing\USBDeviceManager\server\USBDeviceManager.Tests\bin\Debug\net8.0\SimRacingDashboard.Tests.dll" adapterTypeName="executor://xunit/VsTestRunner2/netcoreapp" className="USBDeviceManager.Tests.Unit.DevicesControllerTests" name="GetDeviceStatus_WithExistingStatus_ShouldReturnLatestStatus" />
    </UnitTest>
    <UnitTest name="USBDeviceManager.Tests.Unit.DevicesControllerTests.GetDeviceStatus_WithNoStatus_ShouldReturnNotFound" storage="e:\workspaces\git\simracing\usbdevicemanager\server\usbdevicemanager.tests\bin\debug\net8.0\simracingdashboard.tests.dll" id="2449e661-a89b-3206-aeb7-82a1204670d7">
      <Execution id="85102a82-5b70-48d0-9e46-8d327d702f3d" />
      <TestMethod codeBase="E:\Workspaces\Git\SimRacing\USBDeviceManager\server\USBDeviceManager.Tests\bin\Debug\net8.0\SimRacingDashboard.Tests.dll" adapterTypeName="executor://xunit/VsTestRunner2/netcoreapp" className="USBDeviceManager.Tests.Unit.DevicesControllerTests" name="GetDeviceStatus_WithNoStatus_ShouldReturnNotFound" />
    </UnitTest>
    <UnitTest name="USBDeviceManager.Tests.Integration.DevicesApiIntegrationTests.DeleteDevice_ExistingDevice_ShouldDeleteSuccessfully" storage="e:\workspaces\git\simracing\usbdevicemanager\server\usbdevicemanager.tests\bin\debug\net8.0\simracingdashboard.tests.dll" id="4a947d56-2ea7-157d-1ff8-598787ea08fa">
      <Execution id="8c93b2bf-925e-4d23-8845-6567fc1a27bf" />
      <TestMethod codeBase="E:\Workspaces\Git\SimRacing\USBDeviceManager\server\USBDeviceManager.Tests\bin\Debug\net8.0\SimRacingDashboard.Tests.dll" adapterTypeName="executor://xunit/VsTestRunner2/netcoreapp" className="USBDeviceManager.Tests.Integration.DevicesApiIntegrationTests" name="DeleteDevice_ExistingDevice_ShouldDeleteSuccessfully" />
    </UnitTest>
    <UnitTest name="USBDeviceManager.Tests.Unit.SimRacingContextTests.HealthMetric_DifferentSources_ShouldGroupByMetricName" storage="e:\workspaces\git\simracing\usbdevicemanager\server\usbdevicemanager.tests\bin\debug\net8.0\simracingdashboard.tests.dll" id="0a704340-f59c-4d86-a1ba-7bc8ac3e496d">
      <Execution id="5d8564b3-dc78-4651-8222-6377917ef9f7" />
      <TestMethod codeBase="E:\Workspaces\Git\SimRacing\USBDeviceManager\server\USBDeviceManager.Tests\bin\Debug\net8.0\SimRacingDashboard.Tests.dll" adapterTypeName="executor://xunit/VsTestRunner2/netcoreapp" className="USBDeviceManager.Tests.Unit.SimRacingContextTests" name="HealthMetric_DifferentSources_ShouldGroupByMetricName" />
    </UnitTest>
    <UnitTest name="USBDeviceManager.Tests.Functional.SmokeServerTests.RunServerAndSmokeEndpoints" storage="e:\workspaces\git\simracing\usbdevicemanager\server\usbdevicemanager.tests\bin\debug\net8.0\simracingdashboard.tests.dll" id="4ae5b725-0ce1-6c3b-2123-4dc29ac269a3">
      <Execution id="834232b3-9059-4f06-9c43-a1e4fd01aea5" />
      <TestMethod codeBase="E:\Workspaces\Git\SimRacing\USBDeviceManager\server\USBDeviceManager.Tests\bin\Debug\net8.0\SimRacingDashboard.Tests.dll" adapterTypeName="executor://xunit/VsTestRunner2/netcoreapp" className="USBDeviceManager.Tests.Functional.SmokeServerTests" name="RunServerAndSmokeEndpoints" />
    </UnitTest>
    <UnitTest name="USBDeviceManager.Tests.Integration.CompatControllerIntegrationTests.PostLogs_WithKnownDeviceId_ShouldCreateDeviceStatus" storage="e:\workspaces\git\simracing\usbdevicemanager\server\usbdevicemanager.tests\bin\debug\net8.0\simracingdashboard.tests.dll" id="92cc9743-4394-a994-2fdc-194a1c074fab">
      <Execution id="11b0b29e-acdb-42a0-9440-51ee1a96b644" />
      <TestMethod codeBase="E:\Workspaces\Git\SimRacing\USBDeviceManager\server\USBDeviceManager.Tests\bin\Debug\net8.0\SimRacingDashboard.Tests.dll" adapterTypeName="executor://xunit/VsTestRunner2/netcoreapp" className="USBDeviceManager.Tests.Integration.CompatControllerIntegrationTests" name="PostLogs_WithKnownDeviceId_ShouldCreateDeviceStatus" />
    </UnitTest>
    <UnitTest name="USBDeviceManager.Tests.Unit.DevicesControllerTests.GetDeviceStatusHistory_WithCustomTimeRange_ShouldFilterCorrectly" storage="e:\workspaces\git\simracing\usbdevicemanager\server\usbdevicemanager.tests\bin\debug\net8.0\simracingdashboard.tests.dll" id="09440f66-73bc-2b02-da13-6c360f90a439">
      <Execution id="213bceda-3fe7-42da-8f84-9bc1e5a53fd4" />
      <TestMethod codeBase="E:\Workspaces\Git\SimRacing\USBDeviceManager\server\USBDeviceManager.Tests\bin\Debug\net8.0\SimRacingDashboard.Tests.dll" adapterTypeName="executor://xunit/VsTestRunner2/netcoreapp" className="USBDeviceManager.Tests.Unit.DevicesControllerTests" name="GetDeviceStatusHistory_WithCustomTimeRange_ShouldFilterCorrectly" />
    </UnitTest>
[...]
   at System.Runtime.CompilerServices.AsyncTaskMethodBuilder`1.AsyncStateMachineBox`1.MoveNext(Thread threadPoolThread)&#xD;
   at System.Runtime.CompilerServices.AsyncTaskMethodBuilder`1.AsyncStateMachineBox`1.MoveNext()&#xD;
   at System.Threading.Tasks.AwaitTaskContinuation.RunOrScheduleAction(IAsyncStateMachineBox box, Boolean allowInlining)&#xD;
   at System.Threading.Tasks.Task.RunContinuations(Object continuationObject)&#xD;
   at System.Threading.Tasks.Task`1.TrySetResult(TResult result)&#xD;
   at System.Runtime.CompilerServices.AsyncTaskMethodBuilder`1.SetExistingTaskResult(Task`1 task, TResult result)&#xD;
   at System.Runtime.CompilerServices.AsyncTaskMethodBuilder`1.SetResult(TResult result)&#xD;
   at Xunit.Sdk.TestInvoker`1.&lt;RunAsync&gt;b__47_0() in /_/src/xunit.execution/Sdk/Frameworks/Runners/TestInvoker.cs:line 222&#xD;
   at System.Runtime.CompilerServices.AsyncTaskMethodBuilder`1.AsyncStateMachineBox`1.ExecutionContextCallback(Object s)&#xD;
   at System.Threading.ExecutionContext.RunInternal(ExecutionContext executionContext, ContextCallback callback, Object state)&#xD;
   at System.Runtime.CompilerServices.AsyncTaskMethodBuilder`1.AsyncStateMachineBox`1.MoveNext(Thread threadPoolThread)&#xD;
   at System.Runtime.CompilerServices.AsyncTaskMethodBuilder`1.AsyncStateMachineBox`1.MoveNext()&#xD;
   at System.Threading.Tasks.AwaitTaskContinuation.RunOrScheduleAction(IAsyncStateMachineBox box, Boolean allowInlining)&#xD;
   at System.Threading.Tasks.Task.RunContinuations(Object continuationObject)&#xD;
   at System.Threading.Tasks.Task`1.TrySetResult(TResult result)&#xD;
   at System.Runtime.CompilerServices.AsyncTaskMethodBuilder`1.SetExistingTaskResult(Task`1 task, TResult result)&#xD;
   at System.Runtime.CompilerServices.AsyncTaskMethodBuilder`1.SetResult(TResult result)&#xD;
   at Xunit.Sdk.TestInvoker`1.InvokeTestMethodAsync(Object testClassInstance) in /_/src/xunit.execution/Sdk/Frameworks/Runners/TestInvoker.cs:line 304&#xD;
   at System.Runtime.CompilerServices.AsyncTaskMethodBuilder`1.AsyncStateMachineBox`1.ExecutionContextCallback(Object s)&#xD;
   at System.Threading.ExecutionContext.RunInternal(ExecutionContext executionContext, ContextCallback callback, Object state)&#xD;
   at System.Runtime.CompilerServices.AsyncTaskMethodBuilder`1.AsyncStateMachineBox`1.MoveNext(Thread threadPoolThread)&#xD;
   at System.Runtime.CompilerServices.AsyncTaskMethodBuilder`1.AsyncStateMachineBox`1.MoveNext()&#xD;
   at Xunit.Sdk.AsyncTestSyncContext.&lt;&gt;c__DisplayClass7_0.&lt;Post&gt;b__0() in /_/src/xunit.execution/Sdk/AsyncTestSyncContext.cs:line 58&#xD;
   at Xunit.Sdk.XunitWorkerThread.&lt;&gt;c.&lt;QueueUserWorkItem&gt;b__5_0(Object _) in /_/src/common/XunitWorkerThread.cs:line 37&#xD;
   at System.Threading.ExecutionContext.RunInternal(ExecutionContext executionContext, ContextCallback callback, Object state)&#xD;
   at System.Threading.Tasks.Task.ExecuteWithThreadLocal(Task&amp; currentTaskSlot, Thread threadPoolThread)&#xD;
[DIAG] ApplicationStopped: 2026-01-19T11:39:51.8097139Z&#xD;
[DIAG] app.Run() exited normally.&#xD;
SimRacingTestFactory: failed to delete temp DB on dispose 'C:\Users\sbatt\AppData\Local\Temp\SimRacingTest_20260119113951_29748.db': System.IO.IOException: The process cannot access the file 'C:\Users\sbatt\AppData\Local\Temp\SimRacingTest_20260119113951_29748.db' because it is being used by another process.&#xD;
   at System.IO.FileSystem.DeleteFile(String fullPath)&#xD;
   at USBDeviceManager.Tests.Fixtures.SimRacingTestFactory.Dispose(Boolean disposing) in E:\Workspaces\Git\SimRacing\USBDeviceManager\server\USBDeviceManager.Tests\Fixtures\SimRacingTestFactory.cs:line 286&#xD;
[DIAG] ContentRootPath: E:\Workspaces\Git\SimRacing\USBDeviceManager\server\USBDeviceManager&#xD;
[DIAG] WebRootPath: E:\Workspaces\Git\SimRacing\USBDeviceManager\server\USBDeviceManager\wwwroot&#xD;
USB Device Manager Server starting...&#xD;
Dashboard: http://localhost:5000&#xD;
API Documentation: http://localhost:5000/swagger&#xD;
Press Ctrl+C to shut down.&#xD;
[DIAG] ApplicationStarted: 2026-01-19T11:39:52.2751400Z&#xD;
SimRacingTestFactory: failed to delete temp DB on dispose 'C:\Users\sbatt\AppData\Local\Temp\SimRacingTest_20260119113952_29748.db': System.IO.IOException: The process cannot access the file 'C:\Users\sbatt\AppData\Local\Temp\SimRacingTest_20260119113952_29748.db' because it is being used by another process.&#xD;
   at System.IO.FileSystem.DeleteFile(String fullPath)&#xD;
[DIAG] ApplicationStopping: 2026-01-19T11:39:52.5202292Z&#xD;
   at USBDeviceManager.Tests.Fixtures.SimRacingTestFactory.Dispose(Boolean disposing) in E:\Workspaces\Git\SimRacing\USBDeviceManager\server\USBDeviceManager.Tests\Fixtures\SimRacingTestFactory.cs:line 286&#xD;
[DIAG] Environment.ExitCode = 0&#xD;
[DIAG] Managed thread id: 391&#xD;
[DIAG] StackTrace:&#xD;
   at System.Environment.get_StackTrace()&#xD;
   at Program.&lt;&gt;c.&lt;&lt;Main&gt;$&gt;b__0_8() in E:\Workspaces\Git\SimRacing\USBDeviceManager\server\USBDeviceManager\Program.cs:line 170&#xD;
   at System.Threading.CancellationTokenSource.Invoke(Delegate d, Object state, CancellationTokenSource source)&#xD;
   at System.Threading.ExecutionContext.RunInternal(ExecutionContext executionContext, ContextCallback callback, Object state)&#xD;
   at System.Threading.CancellationTokenSource.ExecuteCallbackHandlers(Boolean throwOnFirstException)&#xD;
   at Microsoft.Extensions.Hosting.Internal.ApplicationLifetime.StopApplication()&#xD;
   at Microsoft.Extensions.Hosting.Internal.Host.StopAsync(CancellationToken cancellationToken)&#xD;
   at System.Runtime.CompilerServices.AsyncMethodBuilderCore.Start[TStateMachine](TStateMachine&amp; stateMachine)&#xD;
   at Microsoft.Extensions.Hosting.Internal.Host.StopAsync(CancellationToken cancellationToken)&#xD;
   at Microsoft.AspNetCore.Mvc.Testing.DeferredHostBuilder.DeferredHost.StopAsync(CancellationToken cancellationToken)&#xD;
   at Microsoft.AspNetCore.Mvc.Testing.WebApplicationFactory`1.DisposeAsync()&#xD;
   at System.Runtime.CompilerServices.AsyncMethodBuilderCore.Start[TStateMachine](TStateMachine&amp; stateMachine)&#xD;
   at Microsoft.AspNetCore.Mvc.Testing.WebApplicationFactory`1.DisposeAsync()&#xD;
   at Microsoft.AspNetCore.Mvc.Testing.WebApplicationFactory`1.Dispose(Boolean disposing)&#xD;
   at USBDeviceManager.Tests.Fixtures.SimRacingTestFactory.Dispose(Boolean disposing) in E:\Workspaces\Git\SimRacing\USBDeviceManager\server\USBDeviceManager.Tests\Fixtures\SimRacingTestFactory.cs:line 296&#xD;
   at Microsoft.AspNetCore.Mvc.Testing.WebApplicationFactory`1.Dispose()&#xD;
   at Xunit.Sdk.ExceptionAggregator.Run(Action code) in /_/src/xunit.core/Sdk/ExceptionAggregator.cs:line 73&#xD;
   at Xunit.Sdk.XunitTestClassRunner.BeforeTestClassFinishedAsync() in /_/src/xunit.execution/Sdk/Frameworks/Runners/XunitTestClassRunner.cs:line 194&#xD;
   at System.Runtime.CompilerServices.AsyncMethodBuilderCore.Start[TStateMachine](TStateMachine&amp; stateMachine)&#xD;
   at Xunit.Sdk.XunitTestClassRunner.BeforeTestClassFinishedAsync()&#xD;
   at Xunit.Sdk.TestClassRunner`1.RunAsync() in /_/src/xunit.execution/Sdk/Frameworks/Runners/TestClassRunner.cs:line 178&#xD;
   at System.Runtime.CompilerServices.AsyncTaskMethodBuilder`1.AsyncStateMachineBox`1.ExecutionContextCallback(Object s)&#xD;
   at System.Threading.ExecutionContext.RunInternal(ExecutionContext executionContext, ContextCallback callback, Object state)&#xD;
   at System.Runtime.CompilerServices.AsyncTaskMethodBuilder`1.AsyncStateMachineBox`1.MoveNext(Thread threadPoolThread)&#xD;
   at System.Runtime.CompilerServices.AsyncTaskMethodBuilder`1.AsyncStateMachineBox`1.MoveNext()&#xD;
   at System.Threading.Tasks.AwaitTaskContinuation.RunOrScheduleAction(IAsyncStateMachineBox box, Boolean allowInlining)&#xD;
   at System.Threading.Tasks.Task.RunContinuations(Object continuationObject)&#xD;
   at System.Threading.Tasks.Task`1.TrySetResult(TResult result)&#xD;
   at System.Runtime.CompilerServices.AsyncTaskMethodBuilder`1.SetExistingTaskResult(Task`1 task, TResult result)&#xD;
   at Xunit.Sdk.TestClassRunner`1.RunTestMethodsAsync() in /_/src/xunit.execution/Sdk/Frameworks/Runners/TestClassRunner.cs:line 234&#xD;
   at System.Runtime.CompilerServices.AsyncTaskMethodBuilder`1.AsyncStateMachineBox`1.ExecutionContextCallback(Object s)&#xD;
   at System.Threading.ExecutionContext.RunInternal(ExecutionContext executionContext, ContextCallback callback, Object state)&#xD;
   at System.Runtime.CompilerServices.AsyncTaskMethodBuilder`1.AsyncStateMachineBox`1.MoveNext(Thread threadPoolThread)&#xD;
   at System.Runtime.CompilerServices.AsyncTaskMethodBuilder`1.AsyncStateMachineBox`1.MoveNext()&#xD;
   at System.Threading.Tasks.AwaitTaskContinuation.RunOrScheduleAction(IAsyncStateMachineBox box, Boolean allowInlining)&#xD;
   at System.Threading.Tasks.Task.RunContinuations(Object continuationObject)&#xD;
   at System.Threading.Tasks.Task`1.TrySetResult(TResult result)&#xD;
   at System.Runtime.CompilerServices.AsyncTaskMethodBuilder`1.SetExistingTaskResult(Task`1 task, TResult result)&#xD;
   at Xunit.Sdk.TestMethodRunner`1.RunAsync() in /_/src/xunit.execution/Sdk/Frameworks/Runners/TestMethodRunner.cs:line 124&#xD;
   at System.Runtime.CompilerServices.AsyncTaskMethodBuilder`1.AsyncStateMachineBox`1.ExecutionContextCallback(Object s)&#xD;
   at System.Threading.ExecutionContext.RunInternal(ExecutionContext executionContext, ContextCallback callback, Object state)&#xD;
   at System.Runtime.CompilerServices.AsyncTaskMethodBuilder`1.AsyncStateMachineBox`1.MoveNext(Thread threadPoolThread)&#xD;
   at System.Runtime.CompilerServices.AsyncTaskMethodBuilder`1.AsyncStateMachineBox`1.MoveNext()&#xD;
   at System.Threading.Tasks.AwaitTaskContinuation.RunOrScheduleAction(IAsyncStateMachineBox box, Boolean allowInlining)&#xD;
   at System.Threading.Tasks.Task.RunContinuations(Object continuationObject)&#xD;
   at System.Threading.Tasks.Task`1.TrySetResult(TResult result)&#xD;
   at System.Runtime.CompilerServices.AsyncTaskMethodBuilder`1.SetExistingTaskResult(Task`1 task, TResult result)&#xD;
   at Xunit.Sdk.TestMethodRunner`1.RunTestCasesAsync() in /_/src/xunit.execution/Sdk/Frameworks/Runners/TestMethodRunner.cs:line 142&#xD;
   at System.Runtime.CompilerServices.AsyncTaskMethodBuilder`1.AsyncStateMachineBox`1.ExecutionContextCallback(Object s)&#xD;
   at System.Threading.ExecutionContext.RunInternal(ExecutionContext executionContext, ContextCallback callback, Object state)&#xD;
   at System.Runtime.CompilerServices.AsyncTaskMethodBuilder`1.AsyncStateMachineBox`1.MoveNext(Thread threadPoolThread)&#xD;
   at System.Runtime.CompilerServices.AsyncTaskMethodBuilder`1.AsyncStateMachineBox`1.MoveNext()&#xD;
   at System.Threading.Tasks.AwaitTaskContinuation.RunOrScheduleAction(IAsyncStateMachineBox box, Boolean allowInlining)&#xD;
   at System.Threading.Tasks.Task.RunContinuations(Object continuationObject)&#xD;
   at System.Threading.Tasks.Task`1.TrySetResult(TResult result)&#xD;
   at System.Runtime.CompilerServices.AsyncTaskMethodBuilder`1.SetExistingTaskResult(Task`1 task, TResult result)&#xD;
   at Xunit.Sdk.TestCaseRunner`1.RunAsync() in /_/src/xunit.execution/Sdk/Frameworks/Runners/TestCaseRunner.cs:line 99&#xD;
   at System.Runtime.CompilerServices.AsyncTaskMethodBuilder`1.AsyncStateMachineBox`1.ExecutionContextCallback(Object s)&#xD;
   at System.Threading.ExecutionContext.RunInternal(ExecutionContext executionContext, ContextCallback callback, Object state)&#xD;
   at System.Runtime.CompilerServices.AsyncTaskMethodBuilder`1.AsyncStateMachineBox`1.MoveNext(Thread threadPoolThread)&#xD;
   at System.Runtime.CompilerServices.AsyncTaskMethodBuilder`1.AsyncStateMachineBox`1.MoveNext()&#xD;
   at System.Threading.Tasks.AwaitTaskContinuation.RunOrScheduleAction(IAsyncStateMachineBox box, Boolean allowInlining)&#xD;
   at System.Threading.Tasks.Task.RunContinuations(Object continuationObject)&#xD;
   at System.Threading.Tasks.Task`1.TrySetResult(TResult result)&#xD;
   at System.Runtime.CompilerServices.AsyncTaskMethodBuilder`1.SetExistingTaskResult(Task`1 task, TResult result)&#xD;
   at Xunit.Sdk.TestRunner`1.RunAsync() in /_/src/xunit.execution/Sdk/Frameworks/Runners/TestRunner.cs:line 185&#xD;
   at System.Runtime.CompilerServices.AsyncTaskMethodBuilder`1.AsyncStateMachineBox`1.ExecutionContextCallback(Object s)&#xD;
   at System.Threading.ExecutionContext.RunInternal(ExecutionContext executionContext, ContextCallback callback, Object state)&#xD;
   at System.Runtime.CompilerServices.AsyncTaskMethodBuilder`1.AsyncStateMachineBox`1.MoveNext(Thread threadPoolThread)&#xD;
   at System.Runtime.CompilerServices.AsyncTaskMethodBuilder`1.AsyncStateMachineBox`1.MoveNext()&#xD;
   at System.Threading.Tasks.AwaitTaskContinuation.RunOrScheduleAction(IAsyncStateMachineBox box, Boolean allowInlining)&#xD;
   at System.Threading.Tasks.Task.RunContinuations(Object continuationObject)&#xD;
   at System.Threading.Tasks.Task`1.TrySetResult(TResult result)&#xD;
   at System.Runtime.CompilerServices.AsyncTaskMethodBuilder`1.SetExistingTaskResult(Task`1 task, TResult result)&#xD;
   at Xunit.Sdk.ExceptionAggregator.RunAsync[T](Func`1 code) in /_/src/xunit.core/Sdk/ExceptionAggregator.cs:line 114&#xD;
   at System.Runtime.CompilerServices.AsyncTaskMethodBuilder`1.AsyncStateMachineBox`1.ExecutionContextCallback(Object s)&#xD;
   at System.Threading.ExecutionContext.RunInternal(ExecutionContext executionContext, ContextCallback callback, Object state)&#xD;
   at System.Runtime.CompilerServices.AsyncTaskMethodBuilder`1.AsyncStateMachineBox`1.MoveNext(Thread threadPoolThread)&#xD;
   at System.Runtime.CompilerServices.AsyncTaskMethodBuilder`1.AsyncStateMachineBox`1.MoveNext()&#xD;
   at System.Threading.Tasks.AwaitTaskContinuation.RunOrScheduleAction(IAsyncStateMachineBox box, Boolean allowInlining)&#xD;
   at System.Threading.Tasks.Task.RunContinuations(Object continuationObject)&#xD;
   at System.Threading.Tasks.Task`1.TrySetResult(TResult result)&#xD;
   at System.Runtime.CompilerServices.AsyncTaskMethodBuilder`1.SetExistingTaskResult(Task`1 task, TResult result)&#xD;
   at Xunit.Sdk.XunitTestRunner.InvokeTestAsync(ExceptionAggregator aggregator) in /_/src/xunit.execution/Sdk/Frameworks/Runners/XunitTestRunner.cs:line 76&#xD;
   at System.Runtime.CompilerServices.AsyncTaskMethodBuilder`1.AsyncStateMachineBox`1.ExecutionContextCallback(Object s)&#xD;
   at System.Threading.ExecutionContext.RunInternal(ExecutionContext executionContext, ContextCallback callback, Object state)&#xD;
   at System.Runtime.CompilerServices.AsyncTaskMethodBuilder`1.AsyncStateMachineBox`1.MoveNext(Thread threadPoolThread)&#xD;
   at System.Runtime.CompilerServices.AsyncTaskMethodBuilder`1.AsyncStateMachineBox`1.MoveNext()&#xD;
   at System.Threading.Tasks.AwaitTaskContinuation.RunOrScheduleAction(IAsyncStateMachineBox box, Boolean allowInlining)&#xD;
   at System.Threading.Tasks.Task.RunContinuations(Object continuationObject)&#xD;
   at System.Threading.Tasks.Task`1.TrySetResult(TResult result)&#xD;
   at System.Runtime.CompilerServices.AsyncTaskMethodBuilder`1.SetExistingTaskResult(Task`1 task, TResult result)&#xD;
   at System.Runtime.CompilerServices.AsyncTaskMethodBuilder`1.SetResult(TResult result)&#xD;
   at Xunit.Sdk.ExceptionAggregator.RunAsync[T](Func`1 code) in /_/src/xunit.core/Sdk/ExceptionAggregator.cs:line 114&#xD;
   at System.Runtime.CompilerServices.AsyncTaskMethodBuilder`1.AsyncStateMachineBox`1.ExecutionContextCallback(Object s)&#xD;
   at System.Threading.ExecutionContext.RunInternal(ExecutionContext executionContext, ContextCallback callback, Object state)&#xD;
   at System.Runtime.CompilerServices.AsyncTaskMethodBuilder`1.AsyncStateMachineBox`1.MoveNext(Thread threadPoolThread)&#xD;
   at System.Runtime.CompilerServices.AsyncTaskMethodBuilder`1.AsyncStateMachineBox`1.MoveNext()&#xD;
   at System.Threading.Tasks.AwaitTaskContinuation.RunOrScheduleAction(IAsyncStateMachineBox box, Boolean allowInlining)&#xD;
   at System.Threading.Tasks.Task.RunContinuations(Object continuationObject)&#xD;
   at System.Threading.Tasks.Task`1.TrySetResult(TResult result)&#xD;
   at System.Runtime.CompilerServices.AsyncTaskMethodBuilder`1.SetExistingTaskResult(Task`1 task, TResult result)&#xD;
   at System.Runtime.CompilerServices.AsyncTaskMethodBuilder`1.SetResult(TResult result)&#xD;
   at Xunit.Sdk.TestInvoker`1.&lt;RunAsync&gt;b__47_0() in /_/src/xunit.execution/Sdk/Frameworks/Runners/TestInvoker.cs:line 222&#xD;
   at System.Runtime.CompilerServices.AsyncTaskMethodBuilder`1.AsyncStateMachineBox`1.ExecutionContextCallback(Object s)&#xD;
   at System.Threading.ExecutionContext.RunInternal(ExecutionContext executionContext, ContextCallback callback, Object state)&#xD;
   at System.Runtime.CompilerServices.AsyncTaskMethodBuilder`1.AsyncStateMachineBox`1.MoveNext(Thread threadPoolThread)&#xD;
   at System.Runtime.CompilerServices.AsyncTaskMethodBuilder`1.AsyncStateMachineBox`1.MoveNext()&#xD;
   at System.Threading.Tasks.AwaitTaskContinuation.RunOrScheduleAction(IAsyncStateMachineBox box, Boolean allowInlining)&#xD;
   at System.Threading.Tasks.Task.RunContinuations(Object continuationObject)&#xD;
   at System.Threading.Tasks.Task`1.TrySetResult(TResult result)&#xD;
   at System.Runtime.CompilerServices.AsyncTaskMethodBuilder`1.SetExistingTaskResult(Task`1 task, TResult result)&#xD;
   at System.Runtime.CompilerServices.AsyncTaskMethodBuilder`1.SetResult(TResult result)&#xD;
   at Xunit.Sdk.TestInvoker`1.InvokeTestMethodAsync(Object testClassInstance) in /_/src/xunit.execution/Sdk/Frameworks/Runners/TestInvoker.cs:line 304&#xD;
   at System.Runtime.CompilerServices.AsyncTaskMethodBuilder`1.AsyncStateMachineBox`1.ExecutionContextCallback(Object s)&#xD;
   at System.Threading.ExecutionContext.RunInternal(ExecutionContext executionContext, ContextCallback callback, Object state)&#xD;
   at System.Runtime.CompilerServices.AsyncTaskMethodBuilder`1.AsyncStateMachineBox`1.MoveNext(Thread threadPoolThread)&#xD;
   at System.Runtime.CompilerServices.AsyncTaskMethodBuilder`1.AsyncStateMachineBox`1.MoveNext()&#xD;
   at Xunit.Sdk.AsyncTestSyncContext.&lt;&gt;c__DisplayClass7_0.&lt;Post&gt;b__0() in /_/src/xunit.execution/Sdk/AsyncTestSyncContext.cs:line 58&#xD;
   at Xunit.Sdk.XunitWorkerThread.&lt;&gt;c.&lt;QueueUserWorkItem&gt;b__5_0(Object _) in /_/src/common/XunitWorkerThread.cs:line 37&#xD;
   at System.Threading.ExecutionContext.RunInternal(ExecutionContext executionContext, ContextCallback callback, Object state)&#xD;
   at System.Threading.Tasks.Task.ExecuteWithThreadLocal(Task&amp; currentTaskSlot, Thread threadPoolThread)&#xD;
[DIAG] ApplicationStopped: 2026-01-19T11:39:52.5213035Z&#xD;
[DIAG] app.Run() exited normally.&#xD;
SimRacingTestFactory: failed to delete temp DB on dispose 'C:\Users\sbatt\AppData\Local\Temp\SimRacingTest_20260119113952_29748.db': System.IO.IOException: The process cannot access the file 'C:\Users\sbatt\AppData\Local\Temp\SimRacingTest_20260119113952_29748.db' because it is being used by another process.&#xD;
   at System.IO.FileSystem.DeleteFile(String fullPath)&#xD;
   at USBDeviceManager.Tests.Fixtures.SimRacingTestFactory.Dispose(Boolean disposing) in E:\Workspaces\Git\SimRacing\USBDeviceManager\server\USBDeviceManager.Tests\Fixtures\SimRacingTestFactory.cs:line 286&#xD;
[xUnit.net 00:00:04.43]   Finished:    SimRacingDashboard.Tests&#xD;
[DIAG] ProcessExit event fired at 2026-01-19T11:39:52.7664359Z. ExitCode=0&#xD;
[DIAG] ProcessExit event fired at 2026-01-19T11:39:52.7664584Z. ExitCode=0&#xD;
[DIAG] ProcessExit event fired at 2026-01-19T11:39:52.7664610Z. ExitCode=0&#xD;
[DIAG] ProcessExit event fired at 2026-01-19T11:39:52.7664630Z. ExitCode=0&#xD;
[DIAG] ProcessExit event fired at 2026-01-19T11:39:52.7664654Z. ExitCode=0&#xD;
</StdOut>
    </Output>
  </ResultSummary>
</TestRun>