<?xml version="1.0" encoding="utf-8"?>
<TestRun id="b1262e83-577d-46c3-8f77-bbca1fb85881" name="sbatt@LITTLE_BEAST 2026-01-19 12:47:11" runUser="LITTLE_BEAST\sbatt" xmlns="http://microsoft.com/schemas/VisualStudio/TeamTest/2010">
  <Times creation="2026-01-19T12:47:11.7153577+01:00" queuing="2026-01-19T12:47:11.7153578+01:00" start="2026-01-19T12:47:10.7951031+01:00" finish="2026-01-19T12:47:15.2428348+01:00" />
  <TestSettings name="default" id="ac286427-7fbe-47a6-ab70-fad2cad78d54">
    <Deployment runDeploymentRoot="sbatt_LITTLE_BEAST_2026-01-19_12_47_11" />
  </TestSettings>
  <Results>
    <UnitTestResult executionId="a1dbebc2-2c8b-4d6f-b584-b87d220351a9" testId="6ace27e5-2097-4fc7-0432-866b105e30d5" testName="USBDeviceManager.Tests.Functional.DashboardFunctionalTests.AutomationWorkflow_ComplexRuleExecution_ShouldExecuteInCorrectOrder" computerName="LITTLE_BEAST" duration="00:00:00.0512714" startTime="2026-01-19T12:47:12.8205659+01:00" endTime="2026-01-19T12:47:12.8205660+01:00" testType="13cdc9d9-ddb5-4fa4-a97d-d965ccfc6d4b" outcome="Passed" testListId="8c84fa94-04c1-424b-9868-57a2d4851a1d" relativeResultsDirectory="a1dbebc2-2c8b-4d6f-b584-b87d220351a9" />
    <UnitTestResult executionId="87e04bbb-01ec-4eab-8ab6-f07e0f8a9758" testId="48dd7249-92a0-4a7a-6c43-cdb1f540ec07" testName="USBDeviceManager.Tests.Unit.DevicesControllerTests.GetDeviceStatus_WithExistingStatus_ShouldReturnLatestStatus" computerName="LITTLE_BEAST" duration="00:00:00.0055782" startTime="2026-01-19T12:47:11.6805118+01:00" endTime="2026-01-19T12:47:11.6805119+01:00" testType="13cdc9d9-ddb5-4fa4-a97d-d965ccfc6d4b" outcome="Passed" testListId="8c84fa94-04c1-424b-9868-57a2d4851a1d" relativeResultsDirectory="87e04bbb-01ec-4eab-8ab6-f07e0f8a9758" />
    <UnitTestResult executionId="25882174-c385-4688-98cc-da3d3b9e8b60" testId="f715cbcd-2377-202f-c29b-9ca40ce6414f" testName="USBDeviceManager.Tests.Integration.DevicesApiIntegrationTests.DeviceApiWorkflow_CreateReadUpdateDelete_ShouldWorkEndToEnd" computerName="LITTLE_BEAST" duration="00:00:00.0166788" startTime="2026-01-19T12:47:13.1186829+01:00" endTime="2026-01-19T12:47:13.1186833+01:00" testType="13cdc9d9-ddb5-4fa4-a97d-d965ccfc6d4b" outcome="Passed" testListId="8c84fa94-04c1-424b-9868-57a2d4851a1d" relativeResultsDirectory="25882174-c385-4688-98cc-da3d3b9e8b60" />
    <UnitTestResult executionId="8ca5f202-5379-4f88-9349-a55d228b3508" testId="3577e245-324e-33c4-1008-069c2b1446a3" testName="USBDeviceManager.Tests.Unit.DevicesControllerTests.GetDevices_WithNoDevices_ShouldReturnEmptyList" computerName="LITTLE_BEAST" duration="00:00:00.0007573" startTime="2026-01-19T12:47:11.6970907+01:00" endTime="2026-01-19T12:47:11.6970907+01:00" testType="13cdc9d9-ddb5-4fa4-a97d-d965ccfc6d4b" outcome="Passed" testListId="8c84fa94-04c1-424b-9868-57a2d4851a1d" relativeResultsDirectory="8ca5f202-5379-4f88-9349-a55d228b3508" />
    <UnitTestResult executionId="d2e0dc76-9c7b-45cd-93b3-c4df92a03579" testId="e92f673f-3bbe-c04b-fea9-ee97b2c3754c" testName="USBDeviceManager.Tests.Functional.DashboardFunctionalTests.CreateSoftware_MissingRequiredField_ReturnsBadRequest" computerName="LITTLE_BEAST" duration="00:00:00.0136623" startTime="2026-01-19T12:47:12.6695120+01:00" endTime="2026-01-19T12:47:12.6695121+01:00" testType="13cdc9d9-ddb5-4fa4-a97d-d965ccfc6d4b" outcome="Passed" testListId="8c84fa94-04c1-424b-9868-57a2d4851a1d" relativeResultsDirectory="d2e0dc76-9c7b-45cd-93b3-c4df92a03579" />
    <UnitTestResult executionId="67c33887-aa9a-4581-9de3-cc0973ed86ce" testId="d4754b5b-c16d-3b6c-f7bb-bdf9b03ef847" testName="USBDeviceManager.Tests.Functional.DashboardFunctionalTests.MultiDeviceRacingSetup_ComplexAutomation_ShouldHandleMultipleDevicesAndSoftware" computerName="LITTLE_BEAST" duration="00:00:00.0351362" startTime="2026-01-19T12:47:12.6555927+01:00" endTime="2026-01-19T12:47:12.6555929+01:00" testType="13cdc9d9-ddb5-4fa4-a97d-d965ccfc6d4b" outcome="Passed" testListId="8c84fa94-04c1-424b-9868-57a2d4851a1d" relativeResultsDirectory="67c33887-aa9a-4581-9de3-cc0973ed86ce" />
    <UnitTestResult executionId="2cf53413-d20d-4c7c-922f-4a9bdefcd268" testId="b29cba0b-099c-451c-658e-e4d53b95b7ce" testName="USBDeviceManager.Tests.Functional.DashboardFunctionalTests.ErrorHandlingAndRecovery_InvalidOperations_ShouldHandleGracefully" computerName="LITTLE_BEAST" duration="00:00:00.0332872" startTime="2026-01-19T12:47:12.7607910+01:00" endTime="2026-01-19T12:47:12.7607911+01:00" testType="13cdc9d9-ddb5-4fa4-a97d-d965ccfc6d4b" outcome="Passed" testListId="8c84fa94-04c1-424b-9868-57a2d4851a1d" relativeResultsDirectory="2cf53413-d20d-4c7c-922f-4a9bdefcd268" />
    <UnitTestResult executionId="50bf4430-1c64-4323-a129-d180ead2f723" testId="7f78dc9e-dca3-2220-bd77-eeade20ce57a" testName="USBDeviceManager.Tests.Unit.DevicesControllerTests.ToggleDevice_WithInvalidDevice_ShouldReturnNotFound" computerName="LITTLE_BEAST" duration="00:00:00.0004736" startTime="2026-01-19T12:47:11.6970466+01:00" endTime="2026-01-19T12:47:11.6970466+01:00" testType="13cdc9d9-ddb5-4fa4-a97d-d965ccfc6d4b" outcome="Passed" testListId="8c84fa94-04c1-424b-9868-57a2d4851a1d" relativeResultsDirectory="50bf4430-1c64-4323-a129-d180ead2f723" />
    <UnitTestResult executionId="7ae4b964-5707-4f9c-9e20-ec2df2974c47" testId="d79e71f7-b631-4aad-1118-906af570de45" testName="USBDeviceManager.Tests.Unit.DevicesControllerTests.CreateDevice_WithInvalidName_ShouldHandleValidationError(invalidName: null)" computerName="LITTLE_BEAST" duration="00:00:00.0016579" startTime="2026-01-19T12:47:11.6821996+01:00" endTime="2026-01-19T12:47:11.6821996+01:00" testType="13cdc9d9-ddb5-4fa4-a97d-d965ccfc6d4b" outcome="Passed" testListId="8c84fa94-04c1-424b-9868-57a2d4851a1d" relativeResultsDirectory="7ae4b964-5707-4f9c-9e20-ec2df2974c47" />
    <UnitTestResult executionId="bcf054de-4f7b-4554-b7c5-d93cb5d640b9" testId="68a205d8-ee11-30f5-8f98-eea37a2e1ff9" testName="USBDeviceManager.Tests.Unit.SimRacingContextTests.AutomationRule_WithDeviceAndSoftwareReferences_ShouldMaintainRelationships" computerName="LITTLE_BEAST" duration="00:00:00.0216867" startTime="2026-01-19T12:47:13.5991893+01:00" endTime="2026-01-19T12:47:13.5991894+01:00" testType="13cdc9d9-ddb5-4fa4-a97d-d965ccfc6d4b" outcome="Passed" testListId="8c84fa94-04c1-424b-9868-57a2d4851a1d" relativeResultsDirectory="bcf054de-4f7b-4554-b7c5-d93cb5d640b9" />
    <UnitTestResult executionId="53c56681-4da5-40b2-b015-292aeca42ab4" testId="4d313015-194c-2c15-b8fc-b349d2d65c4b" testName="USBDeviceManager.Tests.Unit.DevicesControllerTests.ToggleDevice_WithValidDevice_ShouldUpdateEnabledState" computerName="LITTLE_BEAST" duration="00:00:00.0139536" startTime="2026-01-19T12:47:11.6560845+01:00" endTime="2026-01-19T12:47:11.6560846+01:00" testType="13cdc9d9-ddb5-4fa4-a97d-d965ccfc6d4b" outcome="Passed" testListId="8c84fa94-04c1-424b-9868-57a2d4851a1d" relativeResultsDirectory="53c56681-4da5-40b2-b015-292aeca42ab4" />
    <UnitTestResult executionId="f4379f9f-2d80-46a5-b075-58e7b022e6fa" testId="1ec54255-633f-fd54-587f-350cc5bf77ca" testName="USBDeviceManager.Tests.Unit.DevicesControllerTests.GetDeviceStatus_WithNoStatus_ShouldReturnNotFound" computerName="LITTLE_BEAST" duration="00:00:00.0005990" startTime="2026-01-19T12:47:11.6971760+01:00" endTime="2026-01-19T12:47:11.6971761+01:00" testType="13cdc9d9-ddb5-4fa4-a97d-d965ccfc6d4b" outcome="Passed" testListId="8c84fa94-04c1-424b-9868-57a2d4851a1d" relativeResultsDirectory="f4379f9f-2d80-46a5-b075-58e7b022e6fa" />
    <UnitTestResult executionId="d367bd03-d9ba-4a47-acc2-b8dd5730162e" testId="9996432f-8d01-ebc3-ef1e-714693e03c4d" testName="USBDeviceManager.Tests.Unit.DevicesControllerTests.DeleteDevice_WithValidId_ShouldDeleteSuccessfully" computerName="LITTLE_BEAST" duration="00:00:00.0043128" startTime="2026-01-19T12:47:11.6971253+01:00" endTime="2026-01-19T12:47:11.6971253+01:00" testType="13cdc9d9-ddb5-4fa4-a97d-d965ccfc6d4b" outcome="Passed" testListId="8c84fa94-04c1-424b-9868-57a2d4851a1d" relativeResultsDirectory="d367bd03-d9ba-4a47-acc2-b8dd5730162e" />
    <UnitTestResult executionId="a4bc5aa1-b741-4200-90e7-9c736aaf824d" testId="24a59ada-687a-3ae6-ccac-b8b090046908" testName="USBDeviceManager.Tests.Integration.CompatControllerIntegrationTests.PostLogs_WithKnownDeviceId_ShouldCreateDeviceStatus" computerName="LITTLE_BEAST" duration="00:00:00.0316854" startTime="2026-01-19T12:47:13.3762465+01:00" endTime="2026-01-19T12:47:13.3762466+01:00" testType="13cdc9d9-ddb5-4fa4-a97d-d965ccfc6d4b" outcome="Passed" testListId="8c84fa94-04c1-424b-9868-57a2d4851a1d" relativeResultsDirectory="a4bc5aa1-b741-4200-90e7-9c736aaf824d" />
    <UnitTestResult executionId="43945cca-c247-4e63-af97-62febf0d35ce" testId="6215f624-50bc-e02b-aa25-8a2b79fe3900" testName="USBDeviceManager.Tests.Unit.DevicesControllerTests.GetDevices_WithMultipleDevices_ShouldReturnAllDevices" computerName="LITTLE_BEAST" duration="00:00:00.4185302" startTime="2026-01-19T12:47:11.5717675+01:00" endTime="2026-01-19T12:47:11.5717788+01:00" testType="13cdc9d9-ddb5-4fa4-a97d-d965ccfc6d4b" outcome="Passed" testListId="8c84fa94-04c1-424b-9868-57a2d4851a1d" relativeResultsDirectory="43945cca-c247-4e63-af97-62febf0d35ce" />
    <UnitTestResult executionId="0947340c-eacf-4c41-9a9d-9cbe618e59a7" testId="15766d8b-769e-c511-6484-4de5ac266b55" testName="USBDeviceManager.Tests.Integration.DevicesApiIntegrationTests.GetDevice_NonExistentDevice_ShouldReturnNotFound" computerName="LITTLE_BEAST" duration="00:00:00.0068699" startTime="2026-01-19T12:47:13.1755922+01:00" endTime="2026-01-19T12:47:13.1755923+01:00" testType="13cdc9d9-ddb5-4fa4-a97d-d965ccfc6d4b" outcome="Passed" testListId="8c84fa94-04c1-424b-9868-57a2d4851a1d" relativeResultsDirectory="0947340c-eacf-4c41-9a9d-9cbe618e59a7" />
    <UnitTestResult executionId="19bd4836-eb46-4225-b5a0-69397eed16c1" testId="6374c80e-2406-27b5-1113-063bb78dce21" testName="USBDeviceManager.Tests.Integration.Regression.HeartbeatRegressionTests.HealthEndpoint_Compatibility_ShouldReturn200" computerName="LITTLE_BEAST" duration="00:00:00.0032256" startTime="2026-01-19T12:47:15.1470930+01:00" endTime="2026-01-19T12:47:15.1470931+01:00" testType="13cdc9d9-ddb5-4fa4-a97d-d965ccfc6d4b" outcome="Passed" testListId="8c84fa94-04c1-424b-9868-57a2d4851a1d" relativeResultsDirectory="19bd4836-eb46-4225-b5a0-69397eed16c1" />
    <UnitTestResult executionId="7c2efed1-d0d1-41f5-a6be-a8c411a194ee" testId="89bafb1a-9f4d-5471-245f-aa81225c0bc1" testName="USBDeviceManager.Tests.Unit.DevicesControllerTests.UpdateDevice_WithValidData_ShouldUpdateSuccessfully" computerName="LITTLE_BEAST" duration="00:00:00.0006949" startTime="2026-01-19T12:47:11.6971593+01:00" endTime="2026-01-19T12:47:11.6971594+01:00" testType="13cdc9d9-ddb5-4fa4-a97d-d965ccfc6d4b" outcome="Passed" testListId="8c84fa94-04c1-424b-9868-57a2d4851a1d" relativeResultsDirectory="7c2efed1-d0d1-41f5-a6be-a8c411a194ee" />
    <UnitTestResult executionId="eb3aeb20-de68-43a4-bd28-bb5956b757b4" testId="f1cf935a-2026-44fc-c4e7-bc74f5dfc657" testName="USBDeviceManager.Tests.Integration.DevicesApiIntegrationTests.GetDevices_WithSeedData_ShouldReturnAllDevices" computerName="LITTLE_BEAST" duration="00:00:00.0160810" startTime="2026-01-19T12:47:13.1400489+01:00" endTime="2026-01-19T12:47:13.1400489+01:00" testType="13cdc9d9-ddb5-4fa4-a97d-d965ccfc6d4b" outcome="Passed" testListId="8c84fa94-04c1-424b-9868-57a2d4851a1d" relativeResultsDirectory="eb3aeb20-de68-43a4-bd28-bb5956b757b4" />
    <UnitTestResult executionId="c2632386-373c-489a-854f-1da5ad63fd67" testId="ced52e83-96b5-9909-989d-25eb4ce217f9" testName="USBDeviceManager.Tests.Unit.SimRacingContextTests.SystemStatus_MultipleEntries_ShouldStoreChronologically" computerName="LITTLE_BEAST" duration="00:00:00.0563678" startTime="2026-01-19T12:47:13.4340017+01:00" endTime="2026-01-19T12:47:13.4340018+01:00" testType="13cdc9d9-ddb5-4fa4-a97d-d965ccfc6d4b" outcome="Passed" testListId="8c84fa94-04c1-424b-9868-57a2d4851a1d" relativeResultsDirectory="c2632386-373c-489a-854f-1da5ad63fd67" />
    <UnitTestResult executionId="667c7fbb-a74b-49b0-b354-3cb6b1eefcba" testId="87f1b0b9-2b70-a7e4-83ed-8d6c0cec1764" testName="USBDeviceManager.Tests.Unit.DevicesControllerTests.ScanForDevices_ShouldReturnSuccessResponse" computerName="LITTLE_BEAST" duration="00:00:00.0012899" startTime="2026-01-19T12:47:11.6970690+01:00" endTime="2026-01-19T12:47:11.6970691+01:00" testType="13cdc9d9-ddb5-4fa4-a97d-d965ccfc6d4b" outcome="Passed" testListId="8c84fa94-04c1-424b-9868-57a2d4851a1d" relativeResultsDirectory="667c7fbb-a74b-49b0-b354-3cb6b1eefcba" />
    <UnitTestResult executionId="b89bc951-6854-4341-b54f-4b03719ddd52" testId="a9ad3787-449b-9a3c-4d0e-e47880fb8dc5" testName="USBDeviceManager.Tests.Integration.CompatControllerIntegrationTests.GetConfigs_EmptyDatabase_ShouldReturnEmptyArray" computerName="LITTLE_BEAST" duration="00:00:00.0385062" startTime="2026-01-19T12:47:13.3442988+01:00" endTime="2026-01-19T12:47:13.3442989+01:00" testType="13cdc9d9-ddb5-4fa4-a97d-d965ccfc6d4b" outcome="Passed" testListId="8c84fa94-04c1-424b-9868-57a2d4851a1d" relativeResultsDirectory="b89bc951-6854-4341-b54f-4b03719ddd52" />
    <UnitTestResult executionId="92711bd8-0756-47b5-a1a3-ec85b2df79ee" testId="66d12bef-80f3-421e-daf5-f613a878904d" testName="USBDeviceManager.Tests.Functional.DashboardFunctionalTests.DataConsistency_ConcurrentModifications_ShouldMaintainIntegrity" computerName="LITTLE_BEAST" duration="00:00:00.0940194" startTime="2026-01-19T12:47:12.5198297+01:00" endTime="2026-01-19T12:47:12.5198299+01:00" testType="13cdc9d9-ddb5-4fa4-a97d-d965ccfc6d4b" outcome="Passed" testListId="8c84fa94-04c1-424b-9868-57a2d4851a1d" relativeResultsDirectory="92711bd8-0756-47b5-a1a3-ec85b2df79ee" />
    <UnitTestResult executionId="3b3e5582-69ae-45cc-82a3-53a69a72f413" testId="406d650e-8af5-b5ed-34f1-6010e3d56165" testName="USBDeviceManager.Tests.Unit.DevicesControllerTests.UpdateDevice_WithNonExistentDevice_ShouldReturnNotFound" computerName="LITTLE_BEAST" duration="00:00:00.0008704" startTime="2026-01-19T12:47:11.6971079+01:00" endTime="2026-01-19T12:47:11.6971079+01:00" testType="13cdc9d9-ddb5-4fa4-a97d-d965ccfc6d4b" outcome="Passed" testListId="8c84fa94-04c1-424b-9868-57a2d4851a1d" relativeResultsDirectory="3b3e5582-69ae-45cc-82a3-53a69a72f413" />
    <UnitTestResult executionId="2bdff0a4-423c-4eb6-8002-6dbfd15d7609" testId="3242f0f8-413e-4669-5b50-e91c84e4f6f2" testName="USBDeviceManager.Tests.Integration.DevicesApiIntegrationTests.UpdateDevice_MismatchedId_ShouldReturnBadRequest" computerName="LITTLE_BEAST" duration="00:00:00.0022721" startTime="2026-01-19T12:47:13.1212614+01:00" endTime="2026-01-19T12:47:13.1212615+01:00" testType="13cdc9d9-ddb5-4fa4-a97d-d965ccfc6d4b" outcome="Passed" testListId="8c84fa94-04c1-424b-9868-57a2d4851a1d" relativeResultsDirectory="2bdff0a4-423c-4eb6-8002-6dbfd15d7609" />
    <UnitTestResult executionId="34a4213a-1a05-47f0-af51-b9316a57b4c2" testId="d693a885-be4f-e9d7-3a4d-2930f443c076" testName="USBDeviceManager.Tests.Integration.CompatControllerConfigsTests.PostConfigs_CreateDeviceAndSoftware_ShouldReturnCreatedAndPersistRule" computerName="LITTLE_BEAST" duration="00:00:00.0649404" startTime="2026-01-19T12:47:13.2794735+01:00" endTime="2026-01-19T12:47:13.2794737+01:00" testType="13cdc9d9-ddb5-4fa4-a97d-d965ccfc6d4b" outcome="Passed" testListId="8c84fa94-04c1-424b-9868-57a2d4851a1d" relativeResultsDirectory="34a4213a-1a05-47f0-af51-b9316a57b4c2" />
    <UnitTestResult executionId="85ec72b9-119b-4178-8486-116be8181c42" testId="fdf7417d-5e8e-8251-736b-3d3db19207fc" testName="USBDeviceManager.Tests.Integration.CompatControllerConfigsTests.PostConfigs_InvalidPayload_ShouldReturnBadRequest" computerName="LITTLE_BEAST" duration="00:00:00.0074910" startTime="2026-01-19T12:47:13.3025315+01:00" endTime="2026-01-19T12:47:13.3025316+01:00" testType="13cdc9d9-ddb5-4fa4-a97d-d965ccfc6d4b" outcome="Passed" testListId="8c84fa94-04c1-424b-9868-57a2d4851a1d" relativeResultsDirectory="85ec72b9-119b-4178-8486-116be8181c42" />
    <UnitTestResult executionId="18e095b8-3b51-42c3-b5a3-6ccca969bd03" testId="f44b5a09-0e41-5296-ee59-c2187e327deb" testName="USBDeviceManager.Tests.Integration.DevicesApiIntegrationTests.DeleteDevice_ExistingDevice_ShouldDeleteSuccessfully" computerName="LITTLE_BEAST" duration="00:00:00.0814861" startTime="2026-01-19T12:47:12.9462992+01:00" endTime="2026-01-19T12:47:12.9462994+01:00" testType="13cdc9d9-ddb5-4fa4-a97d-d965ccfc6d4b" outcome="Passed" testListId="8c84fa94-04c1-424b-9868-57a2d4851a1d" relativeResultsDirectory="18e095b8-3b51-42c3-b5a3-6ccca969bd03" />
    <UnitTestResult executionId="f0e1a442-909b-4bf9-aecd-bccea2ccd362" testId="da0f4753-cc88-a477-6e11-4870ccd80dcd" testName="USBDeviceManager.Tests.Integration.DevicesApiIntegrationTests.ScanForDevices_ShouldReturnSuccessResponse" computerName="LITTLE_BEAST" duration="00:00:00.0068206" startTime="2026-01-19T12:47:13.1017189+01:00" endTime="2026-01-19T12:47:13.1017197+01:00" testType="13cdc9d9-ddb5-4fa4-a97d-d965ccfc6d4b" outcome="Passed" testListId="8c84fa94-04c1-424b-9868-57a2d4851a1d" relativeResultsDirectory="f0e1a442-909b-4bf9-aecd-bccea2ccd362" />
    <UnitTestResult executionId="643dd69f-eaa1-4fa6-b013-7a33dd81a504" testId="b4d1297b-0396-d49e-279a-0db2a16f7768" testName="USBDeviceManager.Tests.Integration.DevicesApiIntegrationTests.ConcurrentDeviceOperations_ShouldHandleGracefully" computerName="LITTLE_BEAST" duration="00:00:00.0212477" startTime="2026-01-19T12:47:13.0946626+01:00" endTime="2026-01-19T12:47:13.0946627+01:00" testType="13cdc9d9-ddb5-4fa4-a97d-d965ccfc6d4b" outcome="Passed" testListId="8c84fa94-04c1-424b-9868-57a2d4851a1d" relativeResultsDirectory="643dd69f-eaa1-4fa6-b013-7a33dd81a504" />
    <UnitTestResult executionId="d4725507-9bff-46ba-98e1-1d7bf226f5de" testId="c07b4c16-1b49-3471-966b-a99d04304369" testName="USBDeviceManager.Tests.Unit.DevicesControllerTests.DeleteDevice_WithInvalidId_ShouldReturnNotFound" computerName="LITTLE_BEAST" duration="00:00:00.0019190" startTime="2026-01-19T12:47:11.6674545+01:00" endTime="2026-01-19T12:47:11.6674546+01:00" testType="13cdc9d9-ddb5-4fa4-a97d-d965ccfc6d4b" outcome="Passed" testListId="8c84fa94-04c1-424b-9868-57a2d4851a1d" relativeResultsDirectory="d4725507-9bff-46ba-98e1-1d7bf226f5de" />
    <UnitTestResult executionId="e781ca55-4b22-4fa3-8aac-e526efb5960e" testId="14348b90-4ebf-b77f-8737-a77f91c20830" testName="USBDeviceManager.Tests.Unit.SimRacingContextTests.AutomationRule_ValidTriggerActionCombinations_ShouldPersistCorrectly(trigger: DeviceDisconnected, action: StopSoftware)" computerName="LITTLE_BEAST" duration="00:00:00.0067551" startTime="2026-01-19T12:47:13.5190927+01:00" endTime="2026-01-19T12:47:13.5190928+01:00" testType="13cdc9d9-ddb5-4fa4-a97d-d965ccfc6d4b" outcome="Passed" testListId="8c84fa94-04c1-424b-9868-57a2d4851a1d" relativeResultsDirectory="e781ca55-4b22-4fa3-8aac-e526efb5960e" />
    <UnitTestResult executionId="9b8b6b6c-55ad-4f7e-a4af-169c3dc05c82" testId="7b6b3cda-6a73-e7b0-d226-3151edacfb3e" testName="USBDeviceManager.Tests.Integration.DevicesApiIntegrationTests.DeleteDevice_NonExistentDevice_ShouldReturnNotFound" computerName="LITTLE_BEAST" duration="00:00:00.0022341" startTime="2026-01-19T12:47:13.1237322+01:00" endTime="2026-01-19T12:47:13.1237323+01:00" testType="13cdc9d9-ddb5-4fa4-a97d-d965ccfc6d4b" outcome="Passed" testListId="8c84fa94-04c1-424b-9868-57a2d4851a1d" relativeResultsDirectory="9b8b6b6c-55ad-4f7e-a4af-169c3dc05c82" />
    <UnitTestResult executionId="cc5c3fb9-07ae-42f5-9fc5-7aa3391cec02" testId="f212ac7c-2cb5-c260-a38f-2cb3a9c64068" testName="USBDeviceManager.Tests.Integration.DevicesApiIntegrationTests.CreateDevice_InvalidData_ShouldReturnValidationError" computerName="LITTLE_BEAST" duration="00:00:00.0021715" startTime="2026-01-19T12:47:13.1779952+01:00" endTime="2026-01-19T12:47:13.1779953+01:00" testType="13cdc9d9-ddb5-4fa4-a97d-d965ccfc6d4b" outcome="Passed" testListId="8c84fa94-04c1-424b-9868-57a2d4851a1d" relativeResultsDirectory="cc5c3fb9-07ae-42f5-9fc5-7aa3391cec02" />
    <UnitTestResult executionId="e4be4a9b-d35a-43e3-b1dc-126f576a9a7f" testId="0c4271a2-bc44-cc77-95ca-260e4b31813c" testName="USBDeviceManager.Tests.Unit.DevicesControllerTests.GetDeviceStatusHistory_WithCustomTimeRange_ShouldFilterCorrectly" computerName="LITTLE_BEAST" duration="00:00:00.0565341" startTime="2026-01-19T12:47:11.6420920+01:00" endTime="2026-01-19T12:47:11.6420921+01:00" testType="13cdc9d9-ddb5-4fa4-a97d-d965ccfc6d4b" outcome="Passed" testListId="8c84fa94-04c1-424b-9868-57a2d4851a1d" relativeResultsDirectory="e4be4a9b-d35a-43e3-b1dc-126f576a9a7f" />
    <UnitTestResult executionId="a749814c-2fe5-486b-beff-df417b8446d1" testId="251719bd-5bf3-7a07-b8c4-48bb68222006" testName="USBDeviceManager.Tests.Functional.DashboardFunctionalTests.SystemHealthMonitoring_ContinuousMonitoring_ShouldTrackSystemMetrics" computerName="LITTLE_BEAST" duration="00:00:00.0574720" startTime="2026-01-19T12:47:12.7272448+01:00" endTime="2026-01-19T12:47:12.7272450+01:00" testType="13cdc9d9-ddb5-4fa4-a97d-d965ccfc6d4b" outcome="Passed" testListId="8c84fa94-04c1-424b-9868-57a2d4851a1d" relativeResultsDirectory="a749814c-2fe5-486b-beff-df417b8446d1" />
    <UnitTestResult executionId="db154464-4e86-4882-b439-3958b6bb9328" testId="a757b74b-5eb6-6ff1-0405-604fe3022a30" testName="USBDeviceManager.Tests.Unit.SimRacingContextTests.RuleExecution_CascadeDelete_ShouldRemoveExecutionsWhenRuleDeleted" computerName="LITTLE_BEAST" duration="00:00:00.0141796" startTime="2026-01-19T12:47:13.6134179+01:00" endTime="2026-01-19T12:47:13.6134180+01:00" testType="13cdc9d9-ddb5-4fa4-a97d-d965ccfc6d4b" outcome="Passed" testListId="8c84fa94-04c1-424b-9868-57a2d4851a1d" relativeResultsDirectory="db154464-4e86-4882-b439-3958b6bb9328" />
    <UnitTestResult executionId="0a1cf7b1-d0aa-4196-9cec-1d8856588dbc" testId="45d832f0-037f-811a-83dc-839252daf9dd" testName="USBDeviceManager.Tests.Integration.CompatControllerConfigsTests.PostConfigs_CreateStandaloneSoftware_ShouldReturnCreatedAndPersistSoftware" computerName="LITTLE_BEAST" duration="00:00:00.0150863" startTime="2026-01-19T12:47:13.2948107+01:00" endTime="2026-01-19T12:47:13.2948108+01:00" testType="13cdc9d9-ddb5-4fa4-a97d-d965ccfc6d4b" outcome="Passed" testListId="8c84fa94-04c1-424b-9868-57a2d4851a1d" relativeResultsDirectory="0a1cf7b1-d0aa-4196-9cec-1d8856588dbc" />
    <UnitTestResult executionId="eef38b2f-a6b6-4e18-a8dd-5876ea5e7ea9" testId="2580a49a-bc5f-601c-7982-c413b36eb5f3" testName="USBDeviceManager.Tests.Functional.DashboardFunctionalTests.PerformanceUnderLoad_MultipleSimultaneousRequests_ShouldMaintainResponsiveness" computerName="LITTLE_BEAST" duration="00:00:00.5001670" startTime="2026-01-19T12:47:12.4248042+01:00" endTime="2026-01-19T12:47:12.4248044+01:00" testType="13cdc9d9-ddb5-4fa4-a97d-d965ccfc6d4b" outcome="Passed" testListId="8c84fa94-04c1-424b-9868-57a2d4851a1d" relativeResultsDirectory="eef38b2f-a6b6-4e18-a8dd-5876ea5e7ea9" />
    <UnitTestResult executionId="718f57e8-f46c-4a60-9147-0d93010d13a7" testId="7cb87aea-7170-76dc-3fe3-a772230ccea6" testName="USBDeviceManager.Tests.Unit.SimRacingContextTests.ManagedSoftware_RequiredFields_ShouldEnforceValidation" computerName="LITTLE_BEAST" duration="00:00:00.0083184" startTime="2026-01-19T12:47:13.6217698+01:00" endTime="2026-01-19T12:47:13.6217699+01:00" testType="13cdc9d9-ddb5-4fa4-a97d-d965ccfc6d4b" outcome="Passed" testListId="8c84fa94-04c1-424b-9868-57a2d4851a1d" relativeResultsDirectory="718f57e8-f46c-4a60-9147-0d93010d13a7" />
    <UnitTestResult executionId="e71d953d-b37a-4719-9e43-adf8fc240d1e" testId="57943011-683c-d008-e817-e7739d5b7bbb" testName="USBDeviceManager.Tests.Unit.DevicesControllerTests.CreateDevice_WithValidDevice_ShouldCreateSuccessfully" computerName="LITTLE_BEAST" duration="00:00:00.0008195" startTime="2026-01-19T12:47:11.6978875+01:00" endTime="2026-01-19T12:47:11.6978876+01:00" testType="13cdc9d9-ddb5-4fa4-a97d-d965ccfc6d4b" outcome="Passed" testListId="8c84fa94-04c1-424b-9868-57a2d4851a1d" relativeResultsDirectory="e71d953d-b37a-4719-9e43-adf8fc240d1e" />
    <UnitTestResult executionId="46f0ee8f-61ec-40b9-8b57-fbde7d64e858" testId="9a918b46-5485-38e1-6195-d63ff70e4cb3" testName="USBDeviceManager.Tests.Unit.DevicesControllerTests.CreateDevice_WithInvalidName_ShouldHandleValidationError(invalidName: &quot;&quot;)" computerName="LITTLE_BEAST" duration="00:00:00.0008109" startTime="2026-01-19T12:47:11.6969685+01:00" endTime="2026-01-19T12:47:11.6969685+01:00" testType="13cdc9d9-ddb5-4fa4-a97d-d965ccfc6d4b" outcome="Passed" testListId="8c84fa94-04c1-424b-9868-57a2d4851a1d" relativeResultsDirectory="46f0ee8f-61ec-40b9-8b57-fbde7d64e858" />
    <UnitTestResult executionId="84f03075-c188-47f0-8de4-c22ff6e340e0" testId="7fce1116-eee6-8bbf-d272-1140bf7b3e2c" testName="USBDeviceManager.Tests.Unit.SimRacingContextTests.AddUsbDevice_ShouldCreateDeviceSuccessfully" computerName="LITTLE_BEAST" duration="00:00:00.0071055" startTime="2026-01-19T12:47:13.5392108+01:00" endTime="2026-01-19T12:47:13.5392109+01:00" testType="13cdc9d9-ddb5-4fa4-a97d-d965ccfc6d4b" outcome="Passed" testListId="8c84fa94-04c1-424b-9868-57a2d4851a1d" relativeResultsDirectory="84f03075-c188-47f0-8de4-c22ff6e340e0" />
    <UnitTestResult executionId="91c9de92-99cb-44a5-b880-ad1975b3fe70" testId="9ac3d203-a2da-300d-dac1-b1011d17ce5a" testName="USBDeviceManager.Tests.Unit.DevicesControllerTests.UpdateDevice_WithMismatchedId_ShouldReturnBadRequest" computerName="LITTLE_BEAST" duration="00:00:00.0005373" startTime="2026-01-19T12:47:11.6971427+01:00" endTime="2026-01-19T12:47:11.6971428+01:00" testType="13cdc9d9-ddb5-4fa4-a97d-d965ccfc6d4b" outcome="Passed" testListId="8c84fa94-04c1-424b-9868-57a2d4851a1d" relativeResultsDirectory="91c9de92-99cb-44a5-b880-ad1975b3fe70" />
    <UnitTestResult executionId="b1c47a9a-9f0e-436f-9c83-50423e2ae00c" testId="169ca4b2-e1ad-d05f-efb3-4af03e43c044" testName="USBDeviceManager.Tests.Unit.SimRacingContextTests.DeviceStatus_CascadeDelete_ShouldRemoveStatusesWhenDeviceDeleted" computerName="LITTLE_BEAST" duration="00:00:00.0108564" startTime="2026-01-19T12:47:13.5612399+01:00" endTime="2026-01-19T12:47:13.5612400+01:00" testType="13cdc9d9-ddb5-4fa4-a97d-d965ccfc6d4b" outcome="Passed" testListId="8c84fa94-04c1-424b-9868-57a2d4851a1d" relativeResultsDirectory="b1c47a9a-9f0e-436f-9c83-50423e2ae00c" />
    <UnitTestResult executionId="c37247fd-19b3-434f-a4d3-b6246eedef00" testId="6b18ebab-8e0c-05d7-e47d-35219bb342bf" testName="USBDeviceManager.Tests.Integration.DevicesApiIntegrationTests.GetDeviceStatus_ExistingDevice_ShouldReturnLatestStatus" computerName="LITTLE_BEAST" duration="00:00:00.0212732" startTime="2026-01-19T12:47:13.1684912+01:00" endTime="2026-01-19T12:47:13.1684913+01:00" testType="13cdc9d9-ddb5-4fa4-a97d-d965ccfc6d4b" outcome="Passed" testListId="8c84fa94-04c1-424b-9868-57a2d4851a1d" relativeResultsDirectory="c37247fd-19b3-434f-a4d3-b6246eedef00" />
    <UnitTestResult executionId="631ca264-7c0e-4b16-b613-33fca8c57871" testId="fcb0a15a-73f9-14ca-21b5-4fba0751720f" testName="USBDeviceManager.Tests.Integration.DevicesApiIntegrationTests.GetDevice_ExistingDevice_ShouldReturnDeviceDetails" computerName="LITTLE_BEAST" duration="00:00:00.0186771" startTime="2026-01-19T12:47:13.0731689+01:00" endTime="2026-01-19T12:47:13.0731690+01:00" testType="13cdc9d9-ddb5-4fa4-a97d-d965ccfc6d4b" outcome="Passed" testListId="8c84fa94-04c1-424b-9868-57a2d4851a1d" relativeResultsDirectory="631ca264-7c0e-4b16-b613-33fca8c57871" />
    <UnitTestResult executionId="f70f17fa-4c6b-4d5d-bf1d-4092e75edd4c" testId="0c040494-76fc-bb27-2c4a-b5f185e69a7c" testName="USBDeviceManager.Tests.Unit.SimRacingContextTests.AutomationRule_ValidTriggerActionCombinations_ShouldPersistCorrectly(trigger: DeviceConnected, action: StartSoftware)" computerName="LITTLE_BEAST" duration="00:00:00.0064339" startTime="2026-01-19T12:47:13.5320583+01:00" endTime="2026-01-19T12:47:13.5320584+01:00" testType="13cdc9d9-ddb5-4fa4-a97d-d965ccfc6d4b" outcome="Passed" testListId="8c84fa94-04c1-424b-9868-57a2d4851a1d" relativeResultsDirectory="f70f17fa-4c6b-4d5d-bf1d-4092e75edd4c" />
    <UnitTestResult executionId="1a5e700e-6eaf-42f9-ac91-6e32b0362c8c" testId="752133f3-9301-dcc1-abd3-d209d41cc939" testName="USBDeviceManager.Tests.Unit.SimRacingContextTests.UsbDevice_UniqueDeviceId_ShouldEnforceConstraint" computerName="LITTLE_BEAST" duration="00:00:00.0110863" startTime="2026-01-19T12:47:13.5503374+01:00" endTime="2026-01-19T12:47:13.5503375+01:00" testType="13cdc9d9-ddb5-4fa4-a97d-d965ccfc6d4b" outcome="Passed" testListId="8c84fa94-04c1-424b-9868-57a2d4851a1d" relativeResultsDirectory="1a5e700e-6eaf-42f9-ac91-6e32b0362c8c" />
    <UnitTestResult executionId="2e22b63d-0efd-4610-8e99-a9d7ff3af292" testId="fb6164b5-5fdd-0363-b1d1-8e0ac579e14b" testName="USBDeviceManager.Tests.Unit.SimRacingContextTests.AutomationRule_ValidTriggerActionCombinations_ShouldPersistCorrectly(trigger: Manual, action: SendNotification)" computerName="LITTLE_BEAST" duration="00:00:00.0064458" startTime="2026-01-19T12:47:13.5255823+01:00" endTime="2026-01-19T12:47:13.5255824+01:00" testType="13cdc9d9-ddb5-4fa4-a97d-d965ccfc6d4b" outcome="Passed" testListId="8c84fa94-04c1-424b-9868-57a2d4851a1d" relativeResultsDirectory="2e22b63d-0efd-4610-8e99-a9d7ff3af292" />
    <UnitTestResult executionId="31d79ed7-2cb2-4b24-a8fa-7bcc195b802d" testId="4cb210e3-9f55-d26a-d73c-43b790f46faf" testName="USBDeviceManager.Tests.Integration.DevicesApiIntegrationTests.UpdateDevice_ValidChanges_ShouldUpdateSuccessfully" computerName="LITTLE_BEAST" duration="00:00:00.0246952" startTime="2026-01-19T12:47:13.0542446+01:00" endTime="2026-01-19T12:47:13.0542446+01:00" testType="13cdc9d9-ddb5-4fa4-a97d-d965ccfc6d4b" outcome="Passed" testListId="8c84fa94-04c1-424b-9868-57a2d4851a1d" relativeResultsDirectory="31d79ed7-2cb2-4b24-a8fa-7bcc195b802d" />
    <UnitTestResult executionId="40aa7a49-879f-4684-b406-4b5e7c70e5cd" testId="d50f58a8-6253-3b49-6eca-bc8634df1396" testName="USBDeviceManager.Tests.Integration.DevicesApiIntegrationTests.GetDeviceStatusHistory_WithTimeFilter_ShouldReturnFilteredResults" computerName="LITTLE_BEAST" duration="00:00:00.0411651" startTime="2026-01-19T12:47:12.9877298+01:00" endTime="2026-01-19T12:47:12.9877299+01:00" testType="13cdc9d9-ddb5-4fa4-a97d-d965ccfc6d4b" outcome="Passed" testListId="8c84fa94-04c1-424b-9868-57a2d4851a1d" relativeResultsDirectory="40aa7a49-879f-4684-b406-4b5e7c70e5cd" />
    <UnitTestResult executionId="19f1f7cc-abfe-44ba-9045-8a2def2e07af" testId="b1dad546-500d-cd56-ee42-50d78ac58dbc" testName="USBDeviceManager.Tests.Unit.SimRacingContextTests.DeviceStatus_TimestampIndexing_ShouldSupportTimeRangeQueries" computerName="LITTLE_BEAST" duration="00:00:00.0305415" startTime="2026-01-19T12:47:13.4646039+01:00" endTime="2026-01-19T12:47:13.4646040+01:00" testType="13cdc9d9-ddb5-4fa4-a97d-d965ccfc6d4b" outcome="Passed" testListId="8c84fa94-04c1-424b-9868-57a2d4851a1d" relativeResultsDirectory="19f1f7cc-abfe-44ba-9045-8a2def2e07af" />
    <UnitTestResult executionId="d2c59d6a-bb47-4d23-a2c3-f516d6c66bf3" testId="18f30a39-8859-4c68-494a-c13e1c649464" testName="USBDeviceManager.Tests.Integration.Regression.HeartbeatRegressionTests.Heartbeat_Post_WithLegacySchema_ShouldReturnOk" computerName="LITTLE_BEAST" duration="00:00:00.0474018" startTime="2026-01-19T12:47:15.1436059+01:00" endTime="2026-01-19T12:47:15.1436061+01:00" testType="13cdc9d9-ddb5-4fa4-a97d-d965ccfc6d4b" outcome="Passed" testListId="8c84fa94-04c1-424b-9868-57a2d4851a1d" relativeResultsDirectory="d2c59d6a-bb47-4d23-a2c3-f516d6c66bf3" />
    <UnitTestResult executionId="a8e87424-9879-46d8-a84d-c565c324a6b4" testId="4cadfce5-dfb9-f81b-0695-40b2b2e617e8" testName="USBDeviceManager.Tests.Unit.DevicesControllerTests.GetDevice_WithInvalidId_ShouldReturnNotFound" computerName="LITTLE_BEAST" duration="00:00:00.0093615" startTime="2026-01-19T12:47:11.6654920+01:00" endTime="2026-01-19T12:47:11.6654921+01:00" testType="13cdc9d9-ddb5-4fa4-a97d-d965ccfc6d4b" outcome="Passed" testListId="8c84fa94-04c1-424b-9868-57a2d4851a1d" relativeResultsDirectory="a8e87424-9879-46d8-a84d-c565c324a6b4" />
    <UnitTestResult executionId="5dafb1a5-0c03-4377-900e-23a4d984a07c" testId="783cdefe-a38c-dfac-ab70-63ce6f1cee2b" testName="USBDeviceManager.Tests.Unit.SimRacingContextTests.AutomationRule_ValidTriggerActionCombinations_ShouldPersistCorrectly(trigger: SystemStartup, action: RunScript)" computerName="LITTLE_BEAST" duration="00:00:00.0476326" startTime="2026-01-19T12:47:13.5122986+01:00" endTime="2026-01-19T12:47:13.5122987+01:00" testType="13cdc9d9-ddb5-4fa4-a97d-d965ccfc6d4b" outcome="Passed" testListId="8c84fa94-04c1-424b-9868-57a2d4851a1d" relativeResultsDirectory="5dafb1a5-0c03-4377-900e-23a4d984a07c" />
    <UnitTestResult executionId="8e77bb25-462d-4acf-964f-836e045a38a8" testId="693950b6-2366-ab72-6393-6039701e115c" testName="USBDeviceManager.Tests.Functional.DashboardFunctionalTests.SimRacingWorkflow_SetupDeviceAndSoftwareWithAutomation_ShouldWorkEndToEnd" computerName="LITTLE_BEAST" duration="00:00:00.0999752" startTime="2026-01-19T12:47:12.6201897+01:00" endTime="2026-01-19T12:47:12.6201901+01:00" testType="13cdc9d9-ddb5-4fa4-a97d-d965ccfc6d4b" outcome="Passed" testListId="8c84fa94-04c1-424b-9868-57a2d4851a1d" relativeResultsDirectory="8e77bb25-462d-4acf-964f-836e045a38a8" />
    <UnitTestResult executionId="41ae0baf-5a37-4515-85d6-0ffba040cf59" testId="9fe1b9c4-ef45-0b6f-5097-63e9435ad4df" testName="USBDeviceManager.Tests.Unit.DevicesControllerTests.GetDeviceStatusHistory_WithLargeTimeRange_ShouldHandlePerformanceGracefully" computerName="LITTLE_BEAST" duration="00:00:00.0074158" startTime="2026-01-19T12:47:11.6748944+01:00" endTime="2026-01-19T12:47:11.6748945+01:00" testType="13cdc9d9-ddb5-4fa4-a97d-d965ccfc6d4b" outcome="Passed" testListId="8c84fa94-04c1-424b-9868-57a2d4851a1d" relativeResultsDirectory="41ae0baf-5a37-4515-85d6-0ffba040cf59" />
    <UnitTestResult executionId="724c4e28-e54d-412a-95df-e5ab96d05071" testId="6ad19d2e-a5a2-77e2-d835-2be38a21fbe5" testName="USBDeviceManager.Tests.Unit.SimRacingContextTests.HealthMetric_DifferentSources_ShouldGroupByMetricName" computerName="LITTLE_BEAST" duration="00:00:00.0161794" startTime="2026-01-19T12:47:13.5774607+01:00" endTime="2026-01-19T12:47:13.5774608+01:00" testType="13cdc9d9-ddb5-4fa4-a97d-d965ccfc6d4b" outcome="Passed" testListId="8c84fa94-04c1-424b-9868-57a2d4851a1d" relativeResultsDirectory="724c4e28-e54d-412a-95df-e5ab96d05071" />
    <UnitTestResult executionId="6784defb-3457-4654-8967-f4cca2bcae79" testId="c3bb1a46-72db-23eb-6ec3-087ddddae496" testName="USBDeviceManager.Tests.Integration.DevicesApiIntegrationTests.GetDevices_EmptyDatabase_ShouldReturnEmptyArray" computerName="LITTLE_BEAST" duration="00:00:00.0067070" startTime="2026-01-19T12:47:13.1469738+01:00" endTime="2026-01-19T12:47:13.1469739+01:00" testType="13cdc9d9-ddb5-4fa4-a97d-d965ccfc6d4b" outcome="Passed" testListId="8c84fa94-04c1-424b-9868-57a2d4851a1d" relativeResultsDirectory="6784defb-3457-4654-8967-f4cca2bcae79" />
    <UnitTestResult executionId="bd2d4dad-08a9-48c8-b3fe-b2a75550f5c2" testId="c7c8ad78-d389-e6fc-9486-6211b9776f36" testName="USBDeviceManager.Tests.Functional.DashboardFunctionalTests.StartSoftware_WhenDisabled_ReturnsBadRequest" computerName="LITTLE_BEAST" duration="00:00:00.0080047" startTime="2026-01-19T12:47:12.7690333+01:00" endTime="2026-01-19T12:47:12.7690335+01:00" testType="13cdc9d9-ddb5-4fa4-a97d-d965ccfc6d4b" outcome="Passed" testListId="8c84fa94-04c1-424b-9868-57a2d4851a1d" relativeResultsDirectory="bd2d4dad-08a9-48c8-b3fe-b2a75550f5c2" />
    <UnitTestResult executionId="7be1d400-72c2-40e7-957a-bb071d051d84" testId="c1290ef0-b52d-f705-40a4-97d5e4b9346f" testName="USBDeviceManager.Tests.Functional.SmokeServerTests.RunServerAndSmokeEndpoints" computerName="LITTLE_BEAST" duration="00:00:01.4335385" startTime="2026-01-19T12:47:15.0556911+01:00" endTime="2026-01-19T12:47:15.0556914+01:00" testType="13cdc9d9-ddb5-4fa4-a97d-d965ccfc6d4b" outcome="Passed" testListId="8c84fa94-04c1-424b-9868-57a2d4851a1d" relativeResultsDirectory="7be1d400-72c2-40e7-957a-bb071d051d84" />
    <UnitTestResult executionId="c8f4fbc4-f850-49f8-8d23-dace5442860c" testId="e7ea919c-cf75-b430-b71c-f75f864707f6" testName="USBDeviceManager.Tests.Unit.DevicesControllerTests.GetDevice_WithValidId_ShouldReturnDevice" computerName="LITTLE_BEAST" duration="00:00:00.0141715" startTime="2026-01-19T12:47:11.5855179+01:00" endTime="2026-01-19T12:47:11.5855180+01:00" testType="13cdc9d9-ddb5-4fa4-a97d-d965ccfc6d4b" outcome="Passed" testListId="8c84fa94-04c1-424b-9868-57a2d4851a1d" relativeResultsDirectory="c8f4fbc4-f850-49f8-8d23-dace5442860c" />
    <UnitTestResult executionId="28090cdd-40aa-4667-9d8f-11c4846459b3" testId="a182f345-7e9e-b2b6-bd8d-91ae4ca7c729" testName="USBDeviceManager.Tests.Integration.DevicesApiIntegrationTests.CreateDevice_ValidDevice_ShouldReturnCreatedWithLocation" computerName="LITTLE_BEAST" duration="00:00:00.0145482" startTime="2026-01-19T12:47:13.0293091+01:00" endTime="2026-01-19T12:47:13.0293092+01:00" testType="13cdc9d9-ddb5-4fa4-a97d-d965ccfc6d4b" outcome="Passed" testListId="8c84fa94-04c1-424b-9868-57a2d4851a1d" relativeResultsDirectory="28090cdd-40aa-4667-9d8f-11c4846459b3" />
    <UnitTestResult executionId="40079023-2d72-4cb2-9991-bced27311e60" testId="c9a97ae1-6374-82d6-679b-286cbe676de5" testName="USBDeviceManager.Tests.Integration.DevicesApiIntegrationTests.ToggleDevice_EnableDisable_ShouldUpdateState" computerName="LITTLE_BEAST" duration="00:00:00.0265158" startTime="2026-01-19T12:47:13.0145140+01:00" endTime="2026-01-19T12:47:13.0145140+01:00" testType="13cdc9d9-ddb5-4fa4-a97d-d965ccfc6d4b" outcome="Passed" testListId="8c84fa94-04c1-424b-9868-57a2d4851a1d" relativeResultsDirectory="40079023-2d72-4cb2-9991-bced27311e60" />
  </Results>
  <TestDefinitions>
    <UnitTest name="USBDeviceManager.Tests.Unit.SimRacingContextTests.ManagedSoftware_RequiredFields_ShouldEnforceValidation" storage="e:\workspaces\git\simracing\usbdevicemanager\server\usbdevicemanager.tests\bin\debug\net8.0\usbdevicemanager.tests.dll" id="7cb87aea-7170-76dc-3fe3-a772230ccea6">
      <Execution id="718f57e8-f46c-4a60-9147-0d93010d13a7" />
      <TestMethod codeBase="E:\Workspaces\Git\SimRacing\USBDeviceManager\server\USBDeviceManager.Tests\bin\Debug\net8.0\USBDeviceManager.Tests.dll" adapterTypeName="executor://xunit/VsTestRunner2/netcoreapp" className="USBDeviceManager.Tests.Unit.SimRacingContextTests" name="ManagedSoftware_RequiredFields_ShouldEnforceValidation" />
    </UnitTest>
    <UnitTest name="USBDeviceManager.Tests.Integration.CompatControllerIntegrationTests.GetConfigs_EmptyDatabase_ShouldReturnEmptyArray" storage="e:\workspaces\git\simracing\usbdevicemanager\server\usbdevicemanager.tests\bin\debug\net8.0\usbdevicemanager.tests.dll" id="a9ad3787-449b-9a3c-4d0e-e47880fb8dc5">
      <Execution id="b89bc951-6854-4341-b54f-4b03719ddd52" />
      <TestMethod codeBase="E:\Workspaces\Git\SimRacing\USBDeviceManager\server\USBDeviceManager.Tests\bin\Debug\net8.0\USBDeviceManager.Tests.dll" adapterTypeName="executor://xunit/VsTestRunner2/netcoreapp" className="USBDeviceManager.Tests.Integration.CompatControllerIntegrationTests" name="GetConfigs_EmptyDatabase_ShouldReturnEmptyArray" />
    </UnitTest>
    <UnitTest name="USBDeviceManager.Tests.Functional.DashboardFunctionalTests.CreateSoftware_MissingRequiredField_ReturnsBadRequest" storage="e:\workspaces\git\simracing\usbdevicemanager\server\usbdevicemanager.tests\bin\debug\net8.0\usbdevicemanager.tests.dll" id="e92f673f-3bbe-c04b-fea9-ee97b2c3754c">
      <Execution id="d2e0dc76-9c7b-45cd-93b3-c4df92a03579" />
      <TestMethod codeBase="E:\Workspaces\Git\SimRacing\USBDeviceManager\server\USBDeviceManager.Tests\bin\Debug\net8.0\USBDeviceManager.Tests.dll" adapterTypeName="executor://xunit/VsTestRunner2/netcoreapp" className="USBDeviceManager.Tests.Functional.DashboardFunctionalTests" name="CreateSoftware_MissingRequiredField_ReturnsBadRequest" />
    </UnitTest>
    <UnitTest name="USBDeviceManager.Tests.Unit.SimRacingContextTests.RuleExecution_CascadeDelete_ShouldRemoveExecutionsWhenRuleDeleted" storage="e:\workspaces\git\simracing\usbdevicemanager\server\usbdevicemanager.tests\bin\debug\net8.0\usbdevicemanager.tests.dll" id="a757b74b-5eb6-6ff1-0405-604fe3022a30">
      <Execution id="db154464-4e86-4882-b439-3958b6bb9328" />
      <TestMethod codeBase="E:\Workspaces\Git\SimRacing\USBDeviceManager\server\USBDeviceManager.Tests\bin\Debug\net8.0\USBDeviceManager.Tests.dll" adapterTypeName="executor://xunit/VsTestRunner2/netcoreapp" className="USBDeviceManager.Tests.Unit.SimRacingContextTests" name="RuleExecution_CascadeDelete_ShouldRemoveExecutionsWhenRuleDeleted" />
    </UnitTest>
    <UnitTest name="USBDeviceManager.Tests.Unit.DevicesControllerTests.CreateDevice_WithInvalidName_ShouldHandleValidationError(invalidName: &quot;&quot;)" storage="e:\workspaces\git\simracing\usbdevicemanager\server\usbdevicemanager.tests\bin\debug\net8.0\usbdevicemanager.tests.dll" id="9a918b46-5485-38e1-6195-d63ff70e4cb3">
      <Execution id="46f0ee8f-61ec-40b9-8b57-fbde7d64e858" />
      <TestMethod codeBase="E:\Workspaces\Git\SimRacing\USBDeviceManager\server\USBDeviceManager.Tests\bin\Debug\net8.0\USBDeviceManager.Tests.dll" adapterTypeName="executor://xunit/VsTestRunner2/netcoreapp" className="USBDeviceManager.Tests.Unit.DevicesControllerTests" name="CreateDevice_WithInvalidName_ShouldHandleValidationError" />
    </UnitTest>
    <UnitTest name="USBDeviceManager.Tests.Integration.Regression.HeartbeatRegressionTests.HealthEndpoint_Compatibility_ShouldReturn200" storage="e:\workspaces\git\simracing\usbdevicemanager\server\usbdevicemanager.tests\bin\debug\net8.0\usbdevicemanager.tests.dll" id="6374c80e-2406-27b5-1113-063bb78dce21">
      <Execution id="19bd4836-eb46-4225-b5a0-69397eed16c1" />
      <TestMethod codeBase="E:\Workspaces\Git\SimRacing\USBDeviceManager\server\USBDeviceManager.Tests\bin\Debug\net8.0\USBDeviceManager.Tests.dll" adapterTypeName="executor://xunit/VsTestRunner2/netcoreapp" className="USBDeviceManager.Tests.Integration.Regression.HeartbeatRegressionTests" name="HealthEndpoint_Compatibility_ShouldReturn200" />
    </UnitTest>
    <UnitTest name="USBDeviceManager.Tests.Functional.DashboardFunctionalTests.AutomationWorkflow_ComplexRuleExecution_ShouldExecuteInCorrectOrder" storage="e:\workspaces\git\simracing\usbdevicemanager\server\usbdevicemanager.tests\bin\debug\net8.0\usbdevicemanager.tests.dll" id="6ace27e5-2097-4fc7-0432-866b105e30d5">
      <Execution id="a1dbebc2-2c8b-4d6f-b584-b87d220351a9" />
      <TestMethod codeBase="E:\Workspaces\Git\SimRacing\USBDeviceManager\server\USBDeviceManager.Tests\bin\Debug\net8.0\USBDeviceManager.Tests.dll" adapterTypeName="executor://xunit/VsTestRunner2/netcoreapp" className="USBDeviceManager.Tests.Functional.DashboardFunctionalTests" name="AutomationWorkflow_ComplexRuleExecution_ShouldExecuteInCorrectOrder" />
    </UnitTest>
    <UnitTest name="USBDeviceManager.Tests.Integration.DevicesApiIntegrationTests.ScanForDevices_ShouldReturnSuccessResponse" storage="e:\workspaces\git\simracing\usbdevicemanager\server\usbdevicemanager.tests\bin\debug\net8.0\usbdevicemanager.tests.dll" id="da0f4753-cc88-a477-6e11-4870ccd80dcd">
      <Execution id="f0e1a442-909b-4bf9-aecd-bccea2ccd362" />
      <TestMethod codeBase="E:\Workspaces\Git\SimRacing\USBDeviceManager\server\USBDeviceManager.Tests\bin\Debug\net8.0\USBDeviceManager.Tests.dll" adapterTypeName="executor://xunit/VsTestRunner2/netcoreapp" className="USBDeviceManager.Tests.Integration.DevicesApiIntegrationTests" name="ScanForDevices_ShouldReturnSuccessResponse" />
    </UnitTest>
    <UnitTest name="USBDeviceManager.Tests.Functional.DashboardFunctionalTests.DataConsistency_ConcurrentModifications_ShouldMaintainIntegrity" storage="e:\workspaces\git\simracing\usbdevicemanager\server\usbdevicemanager.tests\bin\debug\net8.0\usbdevicemanager.tests.dll" id="66d12bef-80f3-421e-daf5-f613a878904d">
      <Execution id="92711bd8-0756-47b5-a1a3-ec85b2df79ee" />
      <TestMethod codeBase="E:\Workspaces\Git\SimRacing\USBDeviceManager\server\USBDeviceManager.Tests\bin\Debug\net8.0\USBDeviceManager.Tests.dll" adapterTypeName="executor://xunit/VsTestRunner2/netcoreapp" className="USBDeviceManager.Tests.Functional.DashboardFunctionalTests" name="DataConsistency_ConcurrentModifications_ShouldMaintainIntegrity" />
    </UnitTest>
    <UnitTest name="USBDeviceManager.Tests.Unit.DevicesControllerTests.CreateDevice_WithInvalidName_ShouldHandleValidationError(invalidName: null)" storage="e:\workspaces\git\simracing\usbdevicemanager\server\usbdevicemanager.tests\bin\debug\net8.0\usbdevicemanager.tests.dll" id="d79e71f7-b631-4aad-1118-906af570de45">
      <Execution id="7ae4b964-5707-4f9c-9e20-ec2df2974c47" />
      <TestMethod codeBase="E:\Workspaces\Git\SimRacing\USBDeviceManager\server\USBDeviceManager.Tests\bin\Debug\net8.0\USBDeviceManager.Tests.dll" adapterTypeName="executor://xunit/VsTestRunner2/netcoreapp" className="USBDeviceManager.Tests.Unit.DevicesControllerTests" name="CreateDevice_WithInvalidName_ShouldHandleValidationError" />
    </UnitTest>
    <UnitTest name="USBDeviceManager.Tests.Unit.SimRacingContextTests.AutomationRule_ValidTriggerActionCombinations_ShouldPersistCorrectly(trigger: DeviceDisconnected, action: StopSoftware)" storage="e:\workspaces\git\simracing\usbdevicemanager\server\usbdevicemanager.tests\bin\debug\net8.0\usbdevicemanager.tests.dll" id="14348b90-4ebf-b77f-8737-a77f91c20830">
      <Execution id="e781ca55-4b22-4fa3-8aac-e526efb5960e" />
      <TestMethod codeBase="E:\Workspaces\Git\SimRacing\USBDeviceManager\server\USBDeviceManager.Tests\bin\Debug\net8.0\USBDeviceManager.Tests.dll" adapterTypeName="executor://xunit/VsTestRunner2/netcoreapp" className="USBDeviceManager.Tests.Unit.SimRacingContextTests" name="AutomationRule_ValidTriggerActionCombinations_ShouldPersistCorrectly" />
    </UnitTest>
    <UnitTest name="USBDeviceManager.Tests.Integration.DevicesApiIntegrationTests.ToggleDevice_EnableDisable_ShouldUpdateState" storage="e:\workspaces\git\simracing\usbdevicemanager\server\usbdevicemanager.tests\bin\debug\net8.0\usbdevicemanager.tests.dll" id="c9a97ae1-6374-82d6-679b-286cbe676de5">
      <Execution id="40079023-2d72-4cb2-9991-bced27311e60" />
      <TestMethod codeBase="E:\Workspaces\Git\SimRacing\USBDeviceManager\server\USBDeviceManager.Tests\bin\Debug\net8.0\USBDeviceManager.Tests.dll" adapterTypeName="executor://xunit/VsTestRunner2/netcoreapp" className="USBDeviceManager.Tests.Integration.DevicesApiIntegrationTests" name="ToggleDevice_EnableDisable_ShouldUpdateState" />
    </UnitTest>
    <UnitTest name="USBDeviceManager.Tests.Integration.DevicesApiIntegrationTests.GetDevice_NonExistentDevice_ShouldReturnNotFound" storage="e:\workspaces\git\simracing\usbdevicemanager\server\usbdevicemanager.tests\bin\debug\net8.0\usbdevicemanager.tests.dll" id="15766d8b-769e-c511-6484-4de5ac266b55">
      <Execution id="0947340c-eacf-4c41-9a9d-9cbe618e59a7" />
      <TestMethod codeBase="E:\Workspaces\Git\SimRacing\USBDeviceManager\server\USBDeviceManager.Tests\bin\Debug\net8.0\USBDeviceManager.Tests.dll" adapterTypeName="executor://xunit/VsTestRunner2/netcoreapp" className="USBDeviceManager.Tests.Integration.DevicesApiIntegrationTests" name="GetDevice_NonExistentDevice_ShouldReturnNotFound" />
    </UnitTest>
    <UnitTest name="USBDeviceManager.Tests.Unit.DevicesControllerTests.GetDeviceStatusHistory_WithCustomTimeRange_ShouldFilterCorrectly" storage="e:\workspaces\git\simracing\usbdevicemanager\server\usbdevicemanager.tests\bin\debug\net8.0\usbdevicemanager.tests.dll" id="0c4271a2-bc44-cc77-95ca-260e4b31813c">
      <Execution id="e4be4a9b-d35a-43e3-b1dc-126f576a9a7f" />
      <TestMethod codeBase="E:\Workspaces\Git\SimRacing\USBDeviceManager\server\USBDeviceManager.Tests\bin\Debug\net8.0\USBDeviceManager.Tests.dll" adapterTypeName="executor://xunit/VsTestRunner2/netcoreapp" className="USBDeviceManager.Tests.Unit.DevicesControllerTests" name="GetDeviceStatusHistory_WithCustomTimeRange_ShouldFilterCorrectly" />
    </UnitTest>
    <UnitTest name="USBDeviceManager.Tests.Integration.Regression.HeartbeatRegressionTests.Heartbeat_Post_WithLegacySchema_ShouldReturnOk" storage="e:\workspaces\git\simracing\usbdevicemanager\server\usbdevicemanager.tests\bin\debug\net8.0\usbdevicemanager.tests.dll" id="18f30a39-8859-4c68-494a-c13e1c649464">
      <Execution id="d2c59d6a-bb47-4d23-a2c3-f516d6c66bf3" />
      <TestMethod codeBase="E:\Workspaces\Git\SimRacing\USBDeviceManager\server\USBDeviceManager.Tests\bin\Debug\net8.0\USBDeviceManager.Tests.dll" adapterTypeName="executor://xunit/VsTestRunner2/netcoreapp" className="USBDeviceManager.Tests.Integration.Regression.HeartbeatRegressionTests" name="Heartbeat_Post_WithLegacySchema_ShouldReturnOk" />
    </UnitTest>
    <UnitTest name="USBDeviceManager.Tests.Unit.DevicesControllerTests.GetDeviceStatus_WithExistingStatus_ShouldReturnLatestStatus" storage="e:\workspaces\git\simracing\usbdevicemanager\server\usbdevicemanager.tests\bin\debug\net8.0\usbdevicemanager.tests.dll" id="48dd7249-92a0-4a7a-6c43-cdb1f540ec07">
      <Execution id="87e04bbb-01ec-4eab-8ab6-f07e0f8a9758" />
      <TestMethod codeBase="E:\Workspaces\Git\SimRacing\USBDeviceManager\server\USBDeviceManager.Tests\bin\Debug\net8.0\USBDeviceManager.Tests.dll" adapterTypeName="executor://xunit/VsTestRunner2/netcoreapp" className="USBDeviceManager.Tests.Unit.DevicesControllerTests" name="GetDeviceStatus_WithExistingStatus_ShouldReturnLatestStatus" />
    </UnitTest>
    <UnitTest name="USBDeviceManager.Tests.Integration.CompatControllerConfigsTests.PostConfigs_CreateStandaloneSoftware_ShouldReturnCreatedAndPersistSoftware" storage="e:\workspaces\git\simracing\usbdevicemanager\server\usbdevicemanager.tests\bin\debug\net8.0\usbdevicemanager.tests.dll" id="45d832f0-037f-811a-83dc-839252daf9dd">
      <Execution id="0a1cf7b1-d0aa-4196-9cec-1d8856588dbc" />
      <TestMethod codeBase="E:\Workspaces\Git\SimRacing\USBDeviceManager\server\USBDeviceManager.Tests\bin\Debug\net8.0\USBDeviceManager.Tests.dll" adapterTypeName="executor://xunit/VsTestRunner2/netcoreapp" className="USBDeviceManager.Tests.Integration.CompatControllerConfigsTests" name="PostConfigs_CreateStandaloneSoftware_ShouldReturnCreatedAndPersistSoftware" />
    </UnitTest>
    <UnitTest name="USBDeviceManager.Tests.Functional.DashboardFunctionalTests.StartSoftware_WhenDisabled_ReturnsBadRequest" storage="e:\workspaces\git\simracing\usbdevicemanager\server\usbdevicemanager.tests\bin\debug\net8.0\usbdevicemanager.tests.dll" id="c7c8ad78-d389-e6fc-9486-6211b9776f36">
      <Execution id="bd2d4dad-08a9-48c8-b3fe-b2a75550f5c2" />
      <TestMethod codeBase="E:\Workspaces\Git\SimRacing\USBDeviceManager\server\USBDeviceManager.Tests\bin\Debug\net8.0\USBDeviceManager.Tests.dll" adapterTypeName="executor://xunit/VsTestRunner2/netcoreapp" className="USBDeviceManager.Tests.Functional.DashboardFunctionalTests" name="StartSoftware_WhenDisabled_ReturnsBadRequest" />
    </UnitTest>
    <UnitTest name="USBDeviceManager.Tests.Unit.DevicesControllerTests.DeleteDevice_WithValidId_ShouldDeleteSuccessfully" storage="e:\workspaces\git\simracing\usbdevicemanager\server\usbdevicemanager.tests\bin\debug\net8.0\usbdevicemanager.tests.dll" id="9996432f-8d01-ebc3-ef1e-714693e03c4d">
      <Execution id="d367bd03-d9ba-4a47-acc2-b8dd5730162e" />
      <TestMethod codeBase="E:\Workspaces\Git\SimRacing\USBDeviceManager\server\USBDeviceManager.Tests\bin\Debug\net8.0\USBDeviceManager.Tests.dll" adapterTypeName="executor://xunit/VsTestRunner2/netcoreapp" className="USBDeviceManager.Tests.Unit.DevicesControllerTests" name="DeleteDevice_WithValidId_ShouldDeleteSuccessfully" />
    </UnitTest>
    <UnitTest name="USBDeviceManager.Tests.Unit.SimRacingContextTests.DeviceStatus_TimestampIndexing_ShouldSupportTimeRangeQueries" storage="e:\workspaces\git\simracing\usbdevicemanager\server\usbdevicemanager.tests\bin\debug\net8.0\usbdevicemanager.tests.dll" id="b1dad546-500d-cd56-ee42-50d78ac58dbc">
      <Execution id="19f1f7cc-abfe-44ba-9045-8a2def2e07af" />
      <TestMethod codeBase="E:\Workspaces\Git\SimRacing\USBDeviceManager\server\USBDeviceManager.Tests\bin\Debug\net8.0\USBDeviceManager.Tests.dll" adapterTypeName="executor://xunit/VsTestRunner2/netcoreapp" className="USBDeviceManager.Tests.Unit.SimRacingContextTests" name="DeviceStatus_TimestampIndexing_ShouldSupportTimeRangeQueries" />
    </UnitTest>
    <UnitTest name="USBDeviceManager.Tests.Unit.DevicesControllerTests.GetDevices_WithMultipleDevices_ShouldReturnAllDevices" storage="e:\workspaces\git\simracing\usbdevicemanager\server\usbdevicemanager.tests\bin\debug\net8.0\usbdevicemanager.tests.dll" id="6215f624-50bc-e02b-aa25-8a2b79fe3900">
      <Execution id="43945cca-c247-4e63-af97-62febf0d35ce" />
      <TestMethod codeBase="E:\Workspaces\Git\SimRacing\USBDeviceManager\server\USBDeviceManager.Tests\bin\Debug\net8.0\USBDeviceManager.Tests.dll" adapterTypeName="executor://xunit/VsTestRunner2/netcoreapp" className="USBDeviceManager.Tests.Unit.DevicesControllerTests" name="GetDevices_WithMultipleDevices_ShouldReturnAllDevices" />
    </UnitTest>
    <UnitTest name="USBDeviceManager.Tests.Integration.DevicesApiIntegrationTests.GetDeviceStatusHistory_WithTimeFilter_ShouldReturnFilteredResults" storage="e:\workspaces\git\simracing\usbdevicemanager\server\usbdevicemanager.tests\bin\debug\net8.0\usbdevicemanager.tests.dll" id="d50f58a8-6253-3b49-6eca-bc8634df1396">
      <Execution id="40aa7a49-879f-4684-b406-4b5e7c70e5cd" />
      <TestMethod codeBase="E:\Workspaces\Git\SimRacing\USBDeviceManager\server\USBDeviceManager.Tests\bin\Debug\net8.0\USBDeviceManager.Tests.dll" adapterTypeName="executor://xunit/VsTestRunner2/netcoreapp" className="USBDeviceManager.Tests.Integration.DevicesApiIntegrationTests" name="GetDeviceStatusHistory_WithTimeFilter_ShouldReturnFilteredResults" />
    </UnitTest>
    <UnitTest name="USBDeviceManager.Tests.Integration.DevicesApiIntegrationTests.UpdateDevice_ValidChanges_ShouldUpdateSuccessfully" storage="e:\workspaces\git\simracing\usbdevicemanager\server\usbdevicemanager.tests\bin\debug\net8.0\usbdevicemanager.tests.dll" id="4cb210e3-9f55-d26a-d73c-43b790f46faf">
      <Execution id="31d79ed7-2cb2-4b24-a8fa-7bcc195b802d" />
      <TestMethod codeBase="E:\Workspaces\Git\SimRacing\USBDeviceManager\server\USBDeviceManager.Tests\bin\Debug\net8.0\USBDeviceManager.Tests.dll" adapterTypeName="executor://xunit/VsTestRunner2/netcoreapp" className="USBDeviceManager.Tests.Integration.DevicesApiIntegrationTests" name="UpdateDevice_ValidChanges_ShouldUpdateSuccessfully" />
    </UnitTest>
    <UnitTest name="USBDeviceManager.Tests.Unit.SimRacingContextTests.AutomationRule_ValidTriggerActionCombinations_ShouldPersistCorrectly(trigger: DeviceConnected, action: StartSoftware)" storage="e:\workspaces\git\simracing\usbdevicemanager\server\usbdevicemanager.tests\bin\debug\net8.0\usbdevicemanager.tests.dll" id="0c040494-76fc-bb27-2c4a-b5f185e69a7c">
      <Execution id="f70f17fa-4c6b-4d5d-bf1d-4092e75edd4c" />
      <TestMethod codeBase="E:\Workspaces\Git\SimRacing\USBDeviceManager\server\USBDeviceManager.Tests\bin\Debug\net8.0\USBDeviceManager.Tests.dll" adapterTypeName="executor://xunit/VsTestRunner2/netcoreapp" className="USBDeviceManager.Tests.Unit.SimRacingContextTests" name="AutomationRule_ValidTriggerActionCombinations_ShouldPersistCorrectly" />
    </UnitTest>
    <UnitTest name="USBDeviceManager.Tests.Unit.SimRacingContextTests.AutomationRule_WithDeviceAndSoftwareReferences_ShouldMaintainRelationships" storage="e:\workspaces\git\simracing\usbdevicemanager\server\usbdevicemanager.tests\bin\debug\net8.0\usbdevicemanager.tests.dll" id="68a205d8-ee11-30f5-8f98-eea37a2e1ff9">
      <Execution id="bcf054de-4f7b-4554-b7c5-d93cb5d640b9" />
      <TestMethod codeBase="E:\Workspaces\Git\SimRacing\USBDeviceManager\server\USBDeviceManager.Tests\bin\Debug\net8.0\USBDeviceManager.Tests.dll" adapterTypeName="executor://xunit/VsTestRunner2/netcoreapp" className="USBDeviceManager.Tests.Unit.SimRacingContextTests" name="AutomationRule_WithDeviceAndSoftwareReferences_ShouldMaintainRelationships" />
    </UnitTest>
    <UnitTest name="USBDeviceManager.Tests.Unit.SimRacingContextTests.AddUsbDevice_ShouldCreateDeviceSuccessfully" storage="e:\workspaces\git\simracing\usbdevicemanager\server\usbdevicemanager.tests\bin\debug\net8.0\usbdevicemanager.tests.dll" id="7fce1116-eee6-8bbf-d272-1140bf7b3e2c">
      <Execution id="84f03075-c188-47f0-8de4-c22ff6e340e0" />
      <TestMethod codeBase="E:\Workspaces\Git\SimRacing\USBDeviceManager\server\USBDeviceManager.Tests\bin\Debug\net8.0\USBDeviceManager.Tests.dll" adapterTypeName="executor://xunit/VsTestRunner2/netcoreapp" className="USBDeviceManager.Tests.Unit.SimRacingContextTests" name="AddUsbDevice_ShouldCreateDeviceSuccessfully" />
    </UnitTest>
    <UnitTest name="USBDeviceManager.Tests.Functional.DashboardFunctionalTests.ErrorHandlingAndRecovery_InvalidOperations_ShouldHandleGracefully" storage="e:\workspaces\git\simracing\usbdevicemanager\server\usbdevicemanager.tests\bin\debug\net8.0\usbdevicemanager.tests.dll" id="b29cba0b-099c-451c-658e-e4d53b95b7ce">
      <Execution id="2cf53413-d20d-4c7c-922f-4a9bdefcd268" />
      <TestMethod codeBase="E:\Workspaces\Git\SimRacing\USBDeviceManager\server\USBDeviceManager.Tests\bin\Debug\net8.0\USBDeviceManager.Tests.dll" adapterTypeName="executor://xunit/VsTestRunner2/netcoreapp" className="USBDeviceManager.Tests.Functional.DashboardFunctionalTests" name="ErrorHandlingAndRecovery_InvalidOperations_ShouldHandleGracefully" />
    </UnitTest>
    <UnitTest name="USBDeviceManager.Tests.Unit.DevicesControllerTests.ToggleDevice_WithInvalidDevice_ShouldReturnNotFound" storage="e:\workspaces\git\simracing\usbdevicemanager\server\usbdevicemanager.tests\bin\debug\net8.0\usbdevicemanager.tests.dll" id="7f78dc9e-dca3-2220-bd77-eeade20ce57a">
      <Execution id="50bf4430-1c64-4323-a129-d180ead2f723" />
      <TestMethod codeBase="E:\Workspaces\Git\SimRacing\USBDeviceManager\server\USBDeviceManager.Tests\bin\Debug\net8.0\USBDeviceManager.Tests.dll" adapterTypeName="executor://xunit/VsTestRunner2/netcoreapp" className="USBDeviceManager.Tests.Unit.DevicesControllerTests" name="ToggleDevice_WithInvalidDevice_ShouldReturnNotFound" />
    </UnitTest>
    <UnitTest name="USBDeviceManager.Tests.Integration.DevicesApiIntegrationTests.GetDeviceStatus_ExistingDevice_ShouldReturnLatestStatus" storage="e:\workspaces\git\simracing\usbdevicemanager\server\usbdevicemanager.tests\bin\debug\net8.0\usbdevicemanager.tests.dll" id="6b18ebab-8e0c-05d7-e47d-35219bb342bf">
      <Execution id="c37247fd-19b3-434f-a4d3-b6246eedef00" />
      <TestMethod codeBase="E:\Workspaces\Git\SimRacing\USBDeviceManager\server\USBDeviceManager.Tests\bin\Debug\net8.0\USBDeviceManager.Tests.dll" adapterTypeName="executor://xunit/VsTestRunner2/netcoreapp" className="USBDeviceManager.Tests.Integration.DevicesApiIntegrationTests" name="GetDeviceStatus_ExistingDevice_ShouldReturnLatestStatus" />
    </UnitTest>
    <UnitTest name="USBDeviceManager.Tests.Integration.CompatControllerIntegrationTests.PostLogs_WithKnownDeviceId_ShouldCreateDeviceStatus" storage="e:\workspaces\git\simracing\usbdevicemanager\server\usbdevicemanager.tests\bin\debug\net8.0\usbdevicemanager.tests.dll" id="24a59ada-687a-3ae6-ccac-b8b090046908">
      <Execution id="a4bc5aa1-b741-4200-90e7-9c736aaf824d" />
      <TestMethod codeBase="E:\Workspaces\Git\SimRacing\USBDeviceManager\server\USBDeviceManager.Tests\bin\Debug\net8.0\USBDeviceManager.Tests.dll" adapterTypeName="executor://xunit/VsTestRunner2/netcoreapp" className="USBDeviceManager.Tests.Integration.CompatControllerIntegrationTests" name="PostLogs_WithKnownDeviceId_ShouldCreateDeviceStatus" />
    </UnitTest>
    <UnitTest name="USBDeviceManager.Tests.Integration.DevicesApiIntegrationTests.CreateDevice_InvalidData_ShouldReturnValidationError" storage="e:\workspaces\git\simracing\usbdevicemanager\server\usbdevicemanager.tests\bin\debug\net8.0\usbdevicemanager.tests.dll" id="f212ac7c-2cb5-c260-a38f-2cb3a9c64068">
      <Execution id="cc5c3fb9-07ae-42f5-9fc5-7aa3391cec02" />
      <TestMethod codeBase="E:\Workspaces\Git\SimRacing\USBDeviceManager\server\USBDeviceManager.Tests\bin\Debug\net8.0\USBDeviceManager.Tests.dll" adapterTypeName="executor://xunit/VsTestRunner2/netcoreapp" className="USBDeviceManager.Tests.Integration.DevicesApiIntegrationTests" name="CreateDevice_InvalidData_ShouldReturnValidationError" />
    </UnitTest>
    <UnitTest name="USBDeviceManager.Tests.Unit.DevicesControllerTests.GetDevices_WithNoDevices_ShouldReturnEmptyList" storage="e:\workspaces\git\simracing\usbdevicemanager\server\usbdevicemanager.tests\bin\debug\net8.0\usbdevicemanager.tests.dll" id="3577e245-324e-33c4-1008-069c2b1446a3">
      <Execution id="8ca5f202-5379-4f88-9349-a55d228b3508" />
      <TestMethod codeBase="E:\Workspaces\Git\SimRacing\USBDeviceManager\server\USBDeviceManager.Tests\bin\Debug\net8.0\USBDeviceManager.Tests.dll" adapterTypeName="executor://xunit/VsTestRunner2/netcoreapp" className="USBDeviceManager.Tests.Unit.DevicesControllerTests" name="GetDevices_WithNoDevices_ShouldReturnEmptyList" />
    </UnitTest>
    <UnitTest name="USBDeviceManager.Tests.Unit.DevicesControllerTests.CreateDevice_WithValidDevice_ShouldCreateSuccessfully" storage="e:\workspaces\git\simracing\usbdevicemanager\server\usbdevicemanager.tests\bin\debug\net8.0\usbdevicemanager.tests.dll" id="57943011-683c-d008-e817-e7739d5b7bbb">
      <Execution id="e71d953d-b37a-4719-9e43-adf8fc240d1e" />
      <TestMethod codeBase="E:\Workspaces\Git\SimRacing\USBDeviceManager\server\USBDeviceManager.Tests\bin\Debug\net8.0\USBDeviceManager.Tests.dll" adapterTypeName="executor://xunit/VsTestRunner2/netcoreapp" className="USBDeviceManager.Tests.Unit.DevicesControllerTests" name="CreateDevice_WithValidDevice_ShouldCreateSuccessfully" />
    </UnitTest>
    <UnitTest name="USBDeviceManager.Tests.Integration.DevicesApiIntegrationTests.UpdateDevice_MismatchedId_ShouldReturnBadRequest" storage="e:\workspaces\git\simracing\usbdevicemanager\server\usbdevicemanager.tests\bin\debug\net8.0\usbdevicemanager.tests.dll" id="3242f0f8-413e-4669-5b50-e91c84e4f6f2">
      <Execution id="2bdff0a4-423c-4eb6-8002-6dbfd15d7609" />
      <TestMethod codeBase="E:\Workspaces\Git\SimRacing\USBDeviceManager\server\USBDeviceManager.Tests\bin\Debug\net8.0\USBDeviceManager.Tests.dll" adapterTypeName="executor://xunit/VsTestRunner2/netcoreapp" className="USBDeviceManager.Tests.Integration.DevicesApiIntegrationTests" name="UpdateDevice_MismatchedId_ShouldReturnBadRequest" />
    </UnitTest>
    <UnitTest name="USBDeviceManager.Tests.Integration.DevicesApiIntegrationTests.DeleteDevice_NonExistentDevice_ShouldReturnNotFound" storage="e:\workspaces\git\simracing\usbdevicemanager\server\usbdevicemanager.tests\bin\debug\net8.0\usbdevicemanager.tests.dll" id="7b6b3cda-6a73-e7b0-d226-3151edacfb3e">
      <Execution id="9b8b6b6c-55ad-4f7e-a4af-169c3dc05c82" />
      <TestMethod codeBase="E:\Workspaces\Git\SimRacing\USBDeviceManager\server\USBDeviceManager.Tests\bin\Debug\net8.0\USBDeviceManager.Tests.dll" adapterTypeName="executor://xunit/VsTestRunner2/netcoreapp" className="USBDeviceManager.Tests.Integration.DevicesApiIntegrationTests" name="DeleteDevice_NonExistentDevice_ShouldReturnNotFound" />
    </UnitTest>
    <UnitTest name="USBDeviceManager.Tests.Unit.DevicesControllerTests.ScanForDevices_ShouldReturnSuccessResponse" storage="e:\workspaces\git\simracing\usbdevicemanager\server\usbdevicemanager.tests\bin\debug\net8.0\usbdevicemanager.tests.dll" id="87f1b0b9-2b70-a7e4-83ed-8d6c0cec1764">
      <Execution id="667c7fbb-a74b-49b0-b354-3cb6b1eefcba" />
      <TestMethod codeBase="E:\Workspaces\Git\SimRacing\USBDeviceManager\server\USBDeviceManager.Tests\bin\Debug\net8.0\USBDeviceManager.Tests.dll" adapterTypeName="executor://xunit/VsTestRunner2/netcoreapp" className="USBDeviceManager.Tests.Unit.DevicesControllerTests" name="ScanForDevices_ShouldReturnSuccessResponse" />
    </UnitTest>
    <UnitTest name="USBDeviceManager.Tests.Integration.CompatControllerConfigsTests.PostConfigs_CreateDeviceAndSoftware_ShouldReturnCreatedAndPersistRule" storage="e:\workspaces\git\simracing\usbdevicemanager\server\usbdevicemanager.tests\bin\debug\net8.0\usbdevicemanager.tests.dll" id="d693a885-be4f-e9d7-3a4d-2930f443c076">
      <Execution id="34a4213a-1a05-47f0-af51-b9316a57b4c2" />
      <TestMethod codeBase="E:\Workspaces\Git\SimRacing\USBDeviceManager\server\USBDeviceManager.Tests\bin\Debug\net8.0\USBDeviceManager.Tests.dll" adapterTypeName="executor://xunit/VsTestRunner2/netcoreapp" className="USBDeviceManager.Tests.Integration.CompatControllerConfigsTests" name="PostConfigs_CreateDeviceAndSoftware_ShouldReturnCreatedAndPersistRule" />
    </UnitTest>
    <UnitTest name="USBDeviceManager.Tests.Unit.SimRacingContextTests.AutomationRule_ValidTriggerActionCombinations_ShouldPersistCorrectly(trigger: SystemStartup, action: RunScript)" storage="e:\workspaces\git\simracing\usbdevicemanager\server\usbdevicemanager.tests\bin\debug\net8.0\usbdevicemanager.tests.dll" id="783cdefe-a38c-dfac-ab70-63ce6f1cee2b">
      <Execution id="5dafb1a5-0c03-4377-900e-23a4d984a07c" />
      <TestMethod codeBase="E:\Workspaces\Git\SimRacing\USBDeviceManager\server\USBDeviceManager.Tests\bin\Debug\net8.0\USBDeviceManager.Tests.dll" adapterTypeName="executor://xunit/VsTestRunner2/netcoreapp" className="USBDeviceManager.Tests.Unit.SimRacingContextTests" name="AutomationRule_ValidTriggerActionCombinations_ShouldPersistCorrectly" />
    </UnitTest>
    <UnitTest name="USBDeviceManager.Tests.Unit.DevicesControllerTests.UpdateDevice_WithNonExistentDevice_ShouldReturnNotFound" storage="e:\workspaces\git\simracing\usbdevicemanager\server\usbdevicemanager.tests\bin\debug\net8.0\usbdevicemanager.tests.dll" id="406d650e-8af5-b5ed-34f1-6010e3d56165">
      <Execution id="3b3e5582-69ae-45cc-82a3-53a69a72f413" />
      <TestMethod codeBase="E:\Workspaces\Git\SimRacing\USBDeviceManager\server\USBDeviceManager.Tests\bin\Debug\net8.0\USBDeviceManager.Tests.dll" adapterTypeName="executor://xunit/VsTestRunner2/netcoreapp" className="USBDeviceManager.Tests.Unit.DevicesControllerTests" name="UpdateDevice_WithNonExistentDevice_ShouldReturnNotFound" />
    </UnitTest>
    <UnitTest name="USBDeviceManager.Tests.Unit.SimRacingContextTests.UsbDevice_UniqueDeviceId_ShouldEnforceConstraint" storage="e:\workspaces\git\simracing\usbdevicemanager\server\usbdevicemanager.tests\bin\debug\net8.0\usbdevicemanager.tests.dll" id="752133f3-9301-dcc1-abd3-d209d41cc939">
      <Execution id="1a5e700e-6eaf-42f9-ac91-6e32b0362c8c" />
      <TestMethod codeBase="E:\Workspaces\Git\SimRacing\USBDeviceManager\server\USBDeviceManager.Tests\bin\Debug\net8.0\USBDeviceManager.Tests.dll" adapterTypeName="executor://xunit/VsTestRunner2/netcoreapp" className="USBDeviceManager.Tests.Unit.SimRacingContextTests" name="UsbDevice_UniqueDeviceId_ShouldEnforceConstraint" />
    </UnitTest>
    <UnitTest name="USBDeviceManager.Tests.Unit.DevicesControllerTests.GetDeviceStatusHistory_WithLargeTimeRange_ShouldHandlePerformanceGracefully" storage="e:\workspaces\git\simracing\usbdevicemanager\server\usbdevicemanager.tests\bin\debug\net8.0\usbdevicemanager.tests.dll" id="9fe1b9c4-ef45-0b6f-5097-63e9435ad4df">
      <Execution id="41ae0baf-5a37-4515-85d6-0ffba040cf59" />
      <TestMethod codeBase="E:\Workspaces\Git\SimRacing\USBDeviceManager\server\USBDeviceManager.Tests\bin\Debug\net8.0\USBDeviceManager.Tests.dll" adapterTypeName="executor://xunit/VsTestRunner2/netcoreapp" className="USBDeviceManager.Tests.Unit.DevicesControllerTests" name="GetDeviceStatusHistory_WithLargeTimeRange_ShouldHandlePerformanceGracefully" />
    </UnitTest>
    <UnitTest name="USBDeviceManager.Tests.Unit.DevicesControllerTests.DeleteDevice_WithInvalidId_ShouldReturnNotFound" storage="e:\workspaces\git\simracing\usbdevicemanager\server\usbdevicemanager.tests\bin\debug\net8.0\usbdevicemanager.tests.dll" id="c07b4c16-1b49-3471-966b-a99d04304369">
      <Execution id="d4725507-9bff-46ba-98e1-1d7bf226f5de" />
      <TestMethod codeBase="E:\Workspaces\Git\SimRacing\USBDeviceManager\server\USBDeviceManager.Tests\bin\Debug\net8.0\USBDeviceManager.Tests.dll" adapterTypeName="executor://xunit/VsTestRunner2/netcoreapp" className="USBDeviceManager.Tests.Unit.DevicesControllerTests" name="DeleteDevice_WithInvalidId_ShouldReturnNotFound" />
    </UnitTest>
    <UnitTest name="USBDeviceManager.Tests.Unit.DevicesControllerTests.GetDeviceStatus_WithNoStatus_ShouldReturnNotFound" storage="e:\workspaces\git\simracing\usbdevicemanager\server\usbdevicemanager.tests\bin\debug\net8.0\usbdevicemanager.tests.dll" id="1ec54255-633f-fd54-587f-350cc5bf77ca">
      <Execution id="f4379f9f-2d80-46a5-b075-58e7b022e6fa" />
      <TestMethod codeBase="E:\Workspaces\Git\SimRacing\USBDeviceManager\server\USBDeviceManager.Tests\bin\Debug\net8.0\USBDeviceManager.Tests.dll" adapterTypeName="executor://xunit/VsTestRunner2/netcoreapp" className="USBDeviceManager.Tests.Unit.DevicesControllerTests" name="GetDeviceStatus_WithNoStatus_ShouldReturnNotFound" />
    </UnitTest>
    <UnitTest name="USBDeviceManager.Tests.Unit.DevicesControllerTests.GetDevice_WithInvalidId_ShouldReturnNotFound" storage="e:\workspaces\git\simracing\usbdevicemanager\server\usbdevicemanager.tests\bin\debug\net8.0\usbdevicemanager.tests.dll" id="4cadfce5-dfb9-f81b-0695-40b2b2e617e8">
      <Execution id="a8e87424-9879-46d8-a84d-c565c324a6b4" />
      <TestMethod codeBase="E:\Workspaces\Git\SimRacing\USBDeviceManager\server\USBDeviceManager.Tests\bin\Debug\net8.0\USBDeviceManager.Tests.dll" adapterTypeName="executor://xunit/VsTestRunner2/netcoreapp" className="USBDeviceManager.Tests.Unit.DevicesControllerTests" name="GetDevice_WithInvalidId_ShouldReturnNotFound" />
    </UnitTest>
    <UnitTest name="USBDeviceManager.Tests.Functional.SmokeServerTests.RunServerAndSmokeEndpoints" storage="e:\workspaces\git\simracing\usbdevicemanager\server\usbdevicemanager.tests\bin\debug\net8.0\usbdevicemanager.tests.dll" id="c1290ef0-b52d-f705-40a4-97d5e4b9346f">
      <Execution id="7be1d400-72c2-40e7-957a-bb071d051d84" />
      <TestMethod codeBase="E:\Workspaces\Git\SimRacing\USBDeviceManager\server\USBDeviceManager.Tests\bin\Debug\net8.0\USBDeviceManager.Tests.dll" adapterTypeName="executor://xunit/VsTestRunner2/netcoreapp" className="USBDeviceManager.Tests.Functional.SmokeServerTests" name="RunServerAndSmokeEndpoints" />
    </UnitTest>
    <UnitTest name="USBDeviceManager.Tests.Integration.DevicesApiIntegrationTests.CreateDevice_ValidDevice_ShouldReturnCreatedWithLocation" storage="e:\workspaces\git\simracing\usbdevicemanager\server\usbdevicemanager.tests\bin\debug\net8.0\usbdevicemanager.tests.dll" id="a182f345-7e9e-b2b6-bd8d-91ae4ca7c729">
      <Execution id="28090cdd-40aa-4667-9d8f-11c4846459b3" />
      <TestMethod codeBase="E:\Workspaces\Git\SimRacing\USBDeviceManager\server\USBDeviceManager.Tests\bin\Debug\net8.0\USBDeviceManager.Tests.dll" adapterTypeName="executor://xunit/VsTestRunner2/netcoreapp" className="USBDeviceManager.Tests.Integration.DevicesApiIntegrationTests" name="CreateDevice_ValidDevice_ShouldReturnCreatedWithLocation" />
    </UnitTest>
    <UnitTest name="USBDeviceManager.Tests.Functional.DashboardFunctionalTests.SystemHealthMonitoring_ContinuousMonitoring_ShouldTrackSystemMetrics" storage="e:\workspaces\git\simracing\usbdevicemanager\server\usbdevicemanager.tests\bin\debug\net8.0\usbdevicemanager.tests.dll" id="251719bd-5bf3-7a07-b8c4-48bb68222006">
      <Execution id="a749814c-2fe5-486b-beff-df417b8446d1" />
      <TestMethod codeBase="E:\Workspaces\Git\SimRacing\USBDeviceManager\server\USBDeviceManager.Tests\bin\Debug\net8.0\USBDeviceManager.Tests.dll" adapterTypeName="executor://xunit/VsTestRunner2/netcoreapp" className="USBDeviceManager.Tests.Functional.DashboardFunctionalTests" name="SystemHealthMonitoring_ContinuousMonitoring_ShouldTrackSystemMetrics" />
    </UnitTest>
    <UnitTest name="USBDeviceManager.Tests.Unit.SimRacingContextTests.HealthMetric_DifferentSources_ShouldGroupByMetricName" storage="e:\workspaces\git\simracing\usbdevicemanager\server\usbdevicemanager.tests\bin\debug\net8.0\usbdevicemanager.tests.dll" id="6ad19d2e-a5a2-77e2-d835-2be38a21fbe5">
      <Execution id="724c4e28-e54d-412a-95df-e5ab96d05071" />
      <TestMethod codeBase="E:\Workspaces\Git\SimRacing\USBDeviceManager\server\USBDeviceManager.Tests\bin\Debug\net8.0\USBDeviceManager.Tests.dll" adapterTypeName="executor://xunit/VsTestRunner2/netcoreapp" className="USBDeviceManager.Tests.Unit.SimRacingContextTests" name="HealthMetric_DifferentSources_ShouldGroupByMetricName" />
    </UnitTest>
    <UnitTest name="USBDeviceManager.Tests.Unit.SimRacingContextTests.AutomationRule_ValidTriggerActionCombinations_ShouldPersistCorrectly(trigger: Manual, action: SendNotification)" storage="e:\workspaces\git\simracing\usbdevicemanager\server\usbdevicemanager.tests\bin\debug\net8.0\usbdevicemanager.tests.dll" id="fb6164b5-5fdd-0363-b1d1-8e0ac579e14b">
      <Execution id="2e22b63d-0efd-4610-8e99-a9d7ff3af292" />
      <TestMethod codeBase="E:\Workspaces\Git\SimRacing\USBDeviceManager\server\USBDeviceManager.Tests\bin\Debug\net8.0\USBDeviceManager.Tests.dll" adapterTypeName="executor://xunit/VsTestRunner2/netcoreapp" className="USBDeviceManager.Tests.Unit.SimRacingContextTests" name="AutomationRule_ValidTriggerActionCombinations_ShouldPersistCorrectly" />
    </UnitTest>
    <UnitTest name="USBDeviceManager.Tests.Integration.DevicesApiIntegrationTests.GetDevices_WithSeedData_ShouldReturnAllDevices" storage="e:\workspaces\git\simracing\usbdevicemanager\server\usbdevicemanager.tests\bin\debug\net8.0\usbdevicemanager.tests.dll" id="f1cf935a-2026-44fc-c4e7-bc74f5dfc657">
      <Execution id="eb3aeb20-de68-43a4-bd28-bb5956b757b4" />
      <TestMethod codeBase="E:\Workspaces\Git\SimRacing\USBDeviceManager\server\USBDeviceManager.Tests\bin\Debug\net8.0\USBDeviceManager.Tests.dll" adapterTypeName="executor://xunit/VsTestRunner2/netcoreapp" className="USBDeviceManager.Tests.Integration.DevicesApiIntegrationTests" name="GetDevices_WithSeedData_ShouldReturnAllDevices" />
    </UnitTest>
    <UnitTest name="USBDeviceManager.Tests.Functional.DashboardFunctionalTests.MultiDeviceRacingSetup_ComplexAutomation_ShouldHandleMultipleDevicesAndSoftware" storage="e:\workspaces\git\simracing\usbdevicemanager\server\usbdevicemanager.tests\bin\debug\net8.0\usbdevicemanager.tests.dll" id="d4754b5b-c16d-3b6c-f7bb-bdf9b03ef847">
      <Execution id="67c33887-aa9a-4581-9de3-cc0973ed86ce" />
      <TestMethod codeBase="E:\Workspaces\Git\SimRacing\USBDeviceManager\server\USBDeviceManager.Tests\bin\Debug\net8.0\USBDeviceManager.Tests.dll" adapterTypeName="executor://xunit/VsTestRunner2/netcoreapp" className="USBDeviceManager.Tests.Functional.DashboardFunctionalTests" name="MultiDeviceRacingSetup_ComplexAutomation_ShouldHandleMultipleDevicesAndSoftware" />
    </UnitTest>
    <UnitTest name="USBDeviceManager.Tests.Functional.DashboardFunctionalTests.PerformanceUnderLoad_MultipleSimultaneousRequests_ShouldMaintainResponsiveness" storage="e:\workspaces\git\simracing\usbdevicemanager\server\usbdevicemanager.tests\bin\debug\net8.0\usbdevicemanager.tests.dll" id="2580a49a-bc5f-601c-7982-c413b36eb5f3">
      <Execution id="eef38b2f-a6b6-4e18-a8dd-5876ea5e7ea9" />
      <TestMethod codeBase="E:\Workspaces\Git\SimRacing\USBDeviceManager\server\USBDeviceManager.Tests\bin\Debug\net8.0\USBDeviceManager.Tests.dll" adapterTypeName="executor://xunit/VsTestRunner2/netcoreapp" className="USBDeviceManager.Tests.Functional.DashboardFunctionalTests" name="PerformanceUnderLoad_MultipleSimultaneousRequests_ShouldMaintainResponsiveness" />
    </UnitTest>
    <UnitTest name="USBDeviceManager.Tests.Integration.DevicesApiIntegrationTests.GetDevices_EmptyDatabase_ShouldReturnEmptyArray" storage="e:\workspaces\git\simracing\usbdevicemanager\server\usbdevicemanager.tests\bin\debug\net8.0\usbdevicemanager.tests.dll" id="c3bb1a46-72db-23eb-6ec3-087ddddae496">
      <Execution id="6784defb-3457-4654-8967-f4cca2bcae79" />
      <TestMethod codeBase="E:\Workspaces\Git\SimRacing\USBDeviceManager\server\USBDeviceManager.Tests\bin\Debug\net8.0\USBDeviceManager.Tests.dll" adapterTypeName="executor://xunit/VsTestRunner2/netcoreapp" className="USBDeviceManager.Tests.Integration.DevicesApiIntegrationTests" name="GetDevices_EmptyDatabase_ShouldReturnEmptyArray" />
    </UnitTest>
    <UnitTest name="USBDeviceManager.Tests.Unit.DevicesControllerTests.UpdateDevice_WithMismatchedId_ShouldReturnBadRequest" storage="e:\workspaces\git\simracing\usbdevicemanager\server\usbdevicemanager.tests\bin\debug\net8.0\usbdevicemanager.tests.dll" id="9ac3d203-a2da-300d-dac1-b1011d17ce5a">
      <Execution id="91c9de92-99cb-44a5-b880-ad1975b3fe70" />
      <TestMethod codeBase="E:\Workspaces\Git\SimRacing\USBDeviceManager\server\USBDeviceManager.Tests\bin\Debug\net8.0\USBDeviceManager.Tests.dll" adapterTypeName="executor://xunit/VsTestRunner2/netcoreapp" className="USBDeviceManager.Tests.Unit.DevicesControllerTests" name="UpdateDevice_WithMismatchedId_ShouldReturnBadRequest" />
    </UnitTest>
    <UnitTest name="USBDeviceManager.Tests.Unit.SimRacingContextTests.DeviceStatus_CascadeDelete_ShouldRemoveStatusesWhenDeviceDeleted" storage="e:\workspaces\git\simracing\usbdevicemanager\server\usbdevicemanager.tests\bin\debug\net8.0\usbdevicemanager.tests.dll" id="169ca4b2-e1ad-d05f-efb3-4af03e43c044">
      <Execution id="b1c47a9a-9f0e-436f-9c83-50423e2ae00c" />
      <TestMethod codeBase="E:\Workspaces\Git\SimRacing\USBDeviceManager\server\USBDeviceManager.Tests\bin\Debug\net8.0\USBDeviceManager.Tests.dll" adapterTypeName="executor://xunit/VsTestRunner2/netcoreapp" className="USBDeviceManager.Tests.Unit.SimRacingContextTests" name="DeviceStatus_CascadeDelete_ShouldRemoveStatusesWhenDeviceDeleted" />
    </UnitTest>
    <UnitTest name="USBDeviceManager.Tests.Integration.CompatControllerConfigsTests.PostConfigs_InvalidPayload_ShouldReturnBadRequest" storage="e:\workspaces\git\simracing\usbdevicemanager\server\usbdevicemanager.tests\bin\debug\net8.0\usbdevicemanager.tests.dll" id="fdf7417d-5e8e-8251-736b-3d3db19207fc">
      <Execution id="85ec72b9-119b-4178-8486-116be8181c42" />
      <TestMethod codeBase="E:\Workspaces\Git\SimRacing\USBDeviceManager\server\USBDeviceManager.Tests\bin\Debug\net8.0\USBDeviceManager.Tests.dll" adapterTypeName="executor://xunit/VsTestRunner2/netcoreapp" className="USBDeviceManager.Tests.Integration.CompatControllerConfigsTests" name="PostConfigs_InvalidPayload_ShouldReturnBadRequest" />
    </UnitTest>
    <UnitTest name="USBDeviceManager.Tests.Integration.DevicesApiIntegrationTests.DeleteDevice_ExistingDevice_ShouldDeleteSuccessfully" storage="e:\workspaces\git\simracing\usbdevicemanager\server\usbdevicemanager.tests\bin\debug\net8.0\usbdevicemanager.tests.dll" id="f44b5a09-0e41-5296-ee59-c2187e327deb">
      <Execution id="18e095b8-3b51-42c3-b5a3-6ccca969bd03" />
      <TestMethod codeBase="E:\Workspaces\Git\SimRacing\USBDeviceManager\server\USBDeviceManager.Tests\bin\Debug\net8.0\USBDeviceManager.Tests.dll" adapterTypeName="executor://xunit/VsTestRunner2/netcoreapp" className="USBDeviceManager.Tests.Integration.DevicesApiIntegrationTests" name="DeleteDevice_ExistingDevice_ShouldDeleteSuccessfully" />
    </UnitTest>
    <UnitTest name="USBDeviceManager.Tests.Functional.DashboardFunctionalTests.SimRacingWorkflow_SetupDeviceAndSoftwareWithAutomation_ShouldWorkEndToEnd" storage="e:\workspaces\git\simracing\usbdevicemanager\server\usbdevicemanager.tests\bin\debug\net8.0\usbdevicemanager.tests.dll" id="693950b6-2366-ab72-6393-6039701e115c">
      <Execution id="8e77bb25-462d-4acf-964f-836e045a38a8" />
[...]
   at System.Runtime.CompilerServices.AsyncTaskMethodBuilder`1.AsyncStateMachineBox`1.MoveNext(Thread threadPoolThread)&#xD;
   at System.Runtime.CompilerServices.AsyncTaskMethodBuilder`1.AsyncStateMachineBox`1.MoveNext()&#xD;
   at System.Threading.Tasks.AwaitTaskContinuation.RunOrScheduleAction(IAsyncStateMachineBox box, Boolean allowInlining)&#xD;
   at System.Threading.Tasks.Task.RunContinuations(Object continuationObject)&#xD;
   at System.Threading.Tasks.Task`1.TrySetResult(TResult result)&#xD;
   at System.Runtime.CompilerServices.AsyncTaskMethodBuilder`1.SetExistingTaskResult(Task`1 task, TResult result)&#xD;
   at System.Runtime.CompilerServices.AsyncTaskMethodBuilder`1.SetResult(TResult result)&#xD;
   at Xunit.Sdk.TestInvoker`1.&lt;RunAsync&gt;b__47_0() in /_/src/xunit.execution/Sdk/Frameworks/Runners/TestInvoker.cs:line 222&#xD;
   at System.Runtime.CompilerServices.AsyncTaskMethodBuilder`1.AsyncStateMachineBox`1.ExecutionContextCallback(Object s)&#xD;
   at System.Threading.ExecutionContext.RunInternal(ExecutionContext executionContext, ContextCallback callback, Object state)&#xD;
   at System.Runtime.CompilerServices.AsyncTaskMethodBuilder`1.AsyncStateMachineBox`1.MoveNext(Thread threadPoolThread)&#xD;
   at System.Runtime.CompilerServices.AsyncTaskMethodBuilder`1.AsyncStateMachineBox`1.MoveNext()&#xD;
   at System.Threading.Tasks.AwaitTaskContinuation.RunOrScheduleAction(IAsyncStateMachineBox box, Boolean allowInlining)&#xD;
   at System.Threading.Tasks.Task.RunContinuations(Object continuationObject)&#xD;
   at System.Threading.Tasks.Task`1.TrySetResult(TResult result)&#xD;
   at System.Runtime.CompilerServices.AsyncTaskMethodBuilder`1.SetExistingTaskResult(Task`1 task, TResult result)&#xD;
   at System.Runtime.CompilerServices.AsyncTaskMethodBuilder`1.SetResult(TResult result)&#xD;
   at Xunit.Sdk.TestInvoker`1.InvokeTestMethodAsync(Object testClassInstance) in /_/src/xunit.execution/Sdk/Frameworks/Runners/TestInvoker.cs:line 304&#xD;
   at System.Runtime.CompilerServices.AsyncTaskMethodBuilder`1.AsyncStateMachineBox`1.ExecutionContextCallback(Object s)&#xD;
   at System.Threading.ExecutionContext.RunInternal(ExecutionContext executionContext, ContextCallback callback, Object state)&#xD;
   at System.Runtime.CompilerServices.AsyncTaskMethodBuilder`1.AsyncStateMachineBox`1.MoveNext(Thread threadPoolThread)&#xD;
   at System.Runtime.CompilerServices.AsyncTaskMethodBuilder`1.AsyncStateMachineBox`1.MoveNext()&#xD;
   at Xunit.Sdk.AsyncTestSyncContext.&lt;&gt;c__DisplayClass7_0.&lt;Post&gt;b__0() in /_/src/xunit.execution/Sdk/AsyncTestSyncContext.cs:line 58&#xD;
   at Xunit.Sdk.XunitWorkerThread.&lt;&gt;c.&lt;QueueUserWorkItem&gt;b__5_0(Object _) in /_/src/common/XunitWorkerThread.cs:line 37&#xD;
   at System.Threading.ExecutionContext.RunInternal(ExecutionContext executionContext, ContextCallback callback, Object state)&#xD;
   at System.Threading.Tasks.Task.ExecuteWithThreadLocal(Task&amp; currentTaskSlot, Thread threadPoolThread)&#xD;
[DIAG] ApplicationStopped: 2026-01-19T11:47:13.3772568Z&#xD;
[DIAG] app.Run() exited normally.&#xD;
SimRacingTestFactory: failed to delete temp DB on dispose 'C:\Users\sbatt\AppData\Local\Temp\SimRacingTest_20260119114713_6020.db': System.IO.IOException: The process cannot access the file 'C:\Users\sbatt\AppData\Local\Temp\SimRacingTest_20260119114713_6020.db' because it is being used by another process.&#xD;
   at System.IO.FileSystem.DeleteFile(String fullPath)&#xD;
   at USBDeviceManager.Tests.Fixtures.SimRacingTestFactory.Dispose(Boolean disposing) in E:\Workspaces\Git\SimRacing\USBDeviceManager\server\USBDeviceManager.Tests\Fixtures\SimRacingTestFactory.cs:line 286&#xD;
[DIAG] ContentRootPath: E:\Workspaces\Git\SimRacing\USBDeviceManager\server\USBDeviceManager&#xD;
[DIAG] WebRootPath: E:\Workspaces\Git\SimRacing\USBDeviceManager\server\USBDeviceManager\wwwroot&#xD;
USB Device Manager Server starting...&#xD;
Dashboard: http://localhost:5000&#xD;
API Documentation: http://localhost:5000/swagger&#xD;
Press Ctrl+C to shut down.&#xD;
[DIAG] ApplicationStarted: 2026-01-19T11:47:15.1352806Z&#xD;
[DIAG] ApplicationStopping: 2026-01-19T11:47:15.1473010Z&#xD;
SimRacingTestFactory: failed to delete temp DB on dispose 'C:\Users\sbatt\AppData\Local\Temp\SimRacingTest_20260119114715_6020.db': System.IO.IOException: The process cannot access the file 'C:\Users\sbatt\AppData\Local\Temp\SimRacingTest_20260119114715_6020.db' because it is being used by another process.&#xD;
   at System.IO.FileSystem.DeleteFile(String fullPath)&#xD;
   at USBDeviceManager.Tests.Fixtures.SimRacingTestFactory.Dispose(Boolean disposing) in E:\Workspaces\Git\SimRacing\USBDeviceManager\server\USBDeviceManager.Tests\Fixtures\SimRacingTestFactory.cs:line 286&#xD;
[DIAG] Environment.ExitCode = 0&#xD;
[DIAG] Managed thread id: 404&#xD;
[DIAG] StackTrace:&#xD;
   at System.Environment.get_StackTrace()&#xD;
   at Program.&lt;&gt;c.&lt;&lt;Main&gt;$&gt;b__0_8() in E:\Workspaces\Git\SimRacing\USBDeviceManager\server\USBDeviceManager\Program.cs:line 170&#xD;
   at System.Threading.CancellationTokenSource.Invoke(Delegate d, Object state, CancellationTokenSource source)&#xD;
   at System.Threading.ExecutionContext.RunInternal(ExecutionContext executionContext, ContextCallback callback, Object state)&#xD;
   at System.Threading.CancellationTokenSource.ExecuteCallbackHandlers(Boolean throwOnFirstException)&#xD;
   at Microsoft.Extensions.Hosting.Internal.ApplicationLifetime.StopApplication()&#xD;
   at Microsoft.Extensions.Hosting.Internal.Host.StopAsync(CancellationToken cancellationToken)&#xD;
   at System.Runtime.CompilerServices.AsyncMethodBuilderCore.Start[TStateMachine](TStateMachine&amp; stateMachine)&#xD;
   at Microsoft.Extensions.Hosting.Internal.Host.StopAsync(CancellationToken cancellationToken)&#xD;
   at Microsoft.AspNetCore.Mvc.Testing.DeferredHostBuilder.DeferredHost.StopAsync(CancellationToken cancellationToken)&#xD;
   at Microsoft.AspNetCore.Mvc.Testing.WebApplicationFactory`1.DisposeAsync()&#xD;
   at System.Runtime.CompilerServices.AsyncMethodBuilderCore.Start[TStateMachine](TStateMachine&amp; stateMachine)&#xD;
   at Microsoft.AspNetCore.Mvc.Testing.WebApplicationFactory`1.DisposeAsync()&#xD;
   at Microsoft.AspNetCore.Mvc.Testing.WebApplicationFactory`1.Dispose(Boolean disposing)&#xD;
   at USBDeviceManager.Tests.Fixtures.SimRacingTestFactory.Dispose(Boolean disposing) in E:\Workspaces\Git\SimRacing\USBDeviceManager\server\USBDeviceManager.Tests\Fixtures\SimRacingTestFactory.cs:line 296&#xD;
   at Microsoft.AspNetCore.Mvc.Testing.WebApplicationFactory`1.Dispose()&#xD;
   at Xunit.Sdk.ExceptionAggregator.Run(Action code) in /_/src/xunit.core/Sdk/ExceptionAggregator.cs:line 73&#xD;
   at Xunit.Sdk.XunitTestClassRunner.BeforeTestClassFinishedAsync() in /_/src/xunit.execution/Sdk/Frameworks/Runners/XunitTestClassRunner.cs:line 194&#xD;
   at System.Runtime.CompilerServices.AsyncMethodBuilderCore.Start[TStateMachine](TStateMachine&amp; stateMachine)&#xD;
   at Xunit.Sdk.XunitTestClassRunner.BeforeTestClassFinishedAsync()&#xD;
   at Xunit.Sdk.TestClassRunner`1.RunAsync() in /_/src/xunit.execution/Sdk/Frameworks/Runners/TestClassRunner.cs:line 178&#xD;
   at System.Runtime.CompilerServices.AsyncTaskMethodBuilder`1.AsyncStateMachineBox`1.ExecutionContextCallback(Object s)&#xD;
   at System.Threading.ExecutionContext.RunInternal(ExecutionContext executionContext, ContextCallback callback, Object state)&#xD;
   at System.Runtime.CompilerServices.AsyncTaskMethodBuilder`1.AsyncStateMachineBox`1.MoveNext(Thread threadPoolThread)&#xD;
   at System.Runtime.CompilerServices.AsyncTaskMethodBuilder`1.AsyncStateMachineBox`1.MoveNext()&#xD;
   at System.Threading.Tasks.AwaitTaskContinuation.RunOrScheduleAction(IAsyncStateMachineBox box, Boolean allowInlining)&#xD;
   at System.Threading.Tasks.Task.RunContinuations(Object continuationObject)&#xD;
   at System.Threading.Tasks.Task`1.TrySetResult(TResult result)&#xD;
   at System.Runtime.CompilerServices.AsyncTaskMethodBuilder`1.SetExistingTaskResult(Task`1 task, TResult result)&#xD;
   at Xunit.Sdk.TestClassRunner`1.RunTestMethodsAsync() in /_/src/xunit.execution/Sdk/Frameworks/Runners/TestClassRunner.cs:line 234&#xD;
   at System.Runtime.CompilerServices.AsyncTaskMethodBuilder`1.AsyncStateMachineBox`1.ExecutionContextCallback(Object s)&#xD;
   at System.Threading.ExecutionContext.RunInternal(ExecutionContext executionContext, ContextCallback callback, Object state)&#xD;
   at System.Runtime.CompilerServices.AsyncTaskMethodBuilder`1.AsyncStateMachineBox`1.MoveNext(Thread threadPoolThread)&#xD;
   at System.Runtime.CompilerServices.AsyncTaskMethodBuilder`1.AsyncStateMachineBox`1.MoveNext()&#xD;
   at System.Threading.Tasks.AwaitTaskContinuation.RunOrScheduleAction(IAsyncStateMachineBox box, Boolean allowInlining)&#xD;
   at System.Threading.Tasks.Task.RunContinuations(Object continuationObject)&#xD;
   at System.Threading.Tasks.Task`1.TrySetResult(TResult result)&#xD;
   at System.Runtime.CompilerServices.AsyncTaskMethodBuilder`1.SetExistingTaskResult(Task`1 task, TResult result)&#xD;
   at Xunit.Sdk.TestMethodRunner`1.RunAsync() in /_/src/xunit.execution/Sdk/Frameworks/Runners/TestMethodRunner.cs:line 124&#xD;
   at System.Runtime.CompilerServices.AsyncTaskMethodBuilder`1.AsyncStateMachineBox`1.ExecutionContextCallback(Object s)&#xD;
   at System.Threading.ExecutionContext.RunInternal(ExecutionContext executionContext, ContextCallback callback, Object state)&#xD;
   at System.Runtime.CompilerServices.AsyncTaskMethodBuilder`1.AsyncStateMachineBox`1.MoveNext(Thread threadPoolThread)&#xD;
   at System.Runtime.CompilerServices.AsyncTaskMethodBuilder`1.AsyncStateMachineBox`1.MoveNext()&#xD;
   at System.Threading.Tasks.AwaitTaskContinuation.RunOrScheduleAction(IAsyncStateMachineBox box, Boolean allowInlining)&#xD;
   at System.Threading.Tasks.Task.RunContinuations(Object continuationObject)&#xD;
   at System.Threading.Tasks.Task`1.TrySetResult(TResult result)&#xD;
   at System.Runtime.CompilerServices.AsyncTaskMethodBuilder`1.SetExistingTaskResult(Task`1 task, TResult result)&#xD;
   at Xunit.Sdk.TestMethodRunner`1.RunTestCasesAsync() in /_/src/xunit.execution/Sdk/Frameworks/Runners/TestMethodRunner.cs:line 142&#xD;
   at System.Runtime.CompilerServices.AsyncTaskMethodBuilder`1.AsyncStateMachineBox`1.ExecutionContextCallback(Object s)&#xD;
   at System.Threading.ExecutionContext.RunInternal(ExecutionContext executionContext, ContextCallback callback, Object state)&#xD;
   at System.Runtime.CompilerServices.AsyncTaskMethodBuilder`1.AsyncStateMachineBox`1.MoveNext(Thread threadPoolThread)&#xD;
   at System.Runtime.CompilerServices.AsyncTaskMethodBuilder`1.AsyncStateMachineBox`1.MoveNext()&#xD;
   at System.Threading.Tasks.AwaitTaskContinuation.RunOrScheduleAction(IAsyncStateMachineBox box, Boolean allowInlining)&#xD;
   at System.Threading.Tasks.Task.RunContinuations(Object continuationObject)&#xD;
   at System.Threading.Tasks.Task`1.TrySetResult(TResult result)&#xD;
   at System.Runtime.CompilerServices.AsyncTaskMethodBuilder`1.SetExistingTaskResult(Task`1 task, TResult result)&#xD;
   at Xunit.Sdk.TestCaseRunner`1.RunAsync() in /_/src/xunit.execution/Sdk/Frameworks/Runners/TestCaseRunner.cs:line 99&#xD;
   at System.Runtime.CompilerServices.AsyncTaskMethodBuilder`1.AsyncStateMachineBox`1.ExecutionContextCallback(Object s)&#xD;
   at System.Threading.ExecutionContext.RunInternal(ExecutionContext executionContext, ContextCallback callback, Object state)&#xD;
   at System.Runtime.CompilerServices.AsyncTaskMethodBuilder`1.AsyncStateMachineBox`1.MoveNext(Thread threadPoolThread)&#xD;
   at System.Runtime.CompilerServices.AsyncTaskMethodBuilder`1.AsyncStateMachineBox`1.MoveNext()&#xD;
   at System.Threading.Tasks.AwaitTaskContinuation.RunOrScheduleAction(IAsyncStateMachineBox box, Boolean allowInlining)&#xD;
   at System.Threading.Tasks.Task.RunContinuations(Object continuationObject)&#xD;
   at System.Threading.Tasks.Task`1.TrySetResult(TResult result)&#xD;
   at System.Runtime.CompilerServices.AsyncTaskMethodBuilder`1.SetExistingTaskResult(Task`1 task, TResult result)&#xD;
   at Xunit.Sdk.TestRunner`1.RunAsync() in /_/src/xunit.execution/Sdk/Frameworks/Runners/TestRunner.cs:line 185&#xD;
   at System.Runtime.CompilerServices.AsyncTaskMethodBuilder`1.AsyncStateMachineBox`1.ExecutionContextCallback(Object s)&#xD;
   at System.Threading.ExecutionContext.RunInternal(ExecutionContext executionContext, ContextCallback callback, Object state)&#xD;
   at System.Runtime.CompilerServices.AsyncTaskMethodBuilder`1.AsyncStateMachineBox`1.MoveNext(Thread threadPoolThread)&#xD;
   at System.Runtime.CompilerServices.AsyncTaskMethodBuilder`1.AsyncStateMachineBox`1.MoveNext()&#xD;
   at System.Threading.Tasks.AwaitTaskContinuation.RunOrScheduleAction(IAsyncStateMachineBox box, Boolean allowInlining)&#xD;
   at System.Threading.Tasks.Task.RunContinuations(Object continuationObject)&#xD;
   at System.Threading.Tasks.Task`1.TrySetResult(TResult result)&#xD;
   at System.Runtime.CompilerServices.AsyncTaskMethodBuilder`1.SetExistingTaskResult(Task`1 task, TResult result)&#xD;
   at Xunit.Sdk.ExceptionAggregator.RunAsync[T](Func`1 code) in /_/src/xunit.core/Sdk/ExceptionAggregator.cs:line 114&#xD;
   at System.Runtime.CompilerServices.AsyncTaskMethodBuilder`1.AsyncStateMachineBox`1.ExecutionContextCallback(Object s)&#xD;
   at System.Threading.ExecutionContext.RunInternal(ExecutionContext executionContext, ContextCallback callback, Object state)&#xD;
   at System.Runtime.CompilerServices.AsyncTaskMethodBuilder`1.AsyncStateMachineBox`1.MoveNext(Thread threadPoolThread)&#xD;
   at System.Runtime.CompilerServices.AsyncTaskMethodBuilder`1.AsyncStateMachineBox`1.MoveNext()&#xD;
   at System.Threading.Tasks.AwaitTaskContinuation.RunOrScheduleAction(IAsyncStateMachineBox box, Boolean allowInlining)&#xD;
   at System.Threading.Tasks.Task.RunContinuations(Object continuationObject)&#xD;
   at System.Threading.Tasks.Task`1.TrySetResult(TResult result)&#xD;
   at System.Runtime.CompilerServices.AsyncTaskMethodBuilder`1.SetExistingTaskResult(Task`1 task, TResult result)&#xD;
   at Xunit.Sdk.XunitTestRunner.InvokeTestAsync(ExceptionAggregator aggregator) in /_/src/xunit.execution/Sdk/Frameworks/Runners/XunitTestRunner.cs:line 76&#xD;
   at System.Runtime.CompilerServices.AsyncTaskMethodBuilder`1.AsyncStateMachineBox`1.ExecutionContextCallback(Object s)&#xD;
   at System.Threading.ExecutionContext.RunInternal(ExecutionContext executionContext, ContextCallback callback, Object state)&#xD;
   at System.Runtime.CompilerServices.AsyncTaskMethodBuilder`1.AsyncStateMachineBox`1.MoveNext(Thread threadPoolThread)&#xD;
   at System.Runtime.CompilerServices.AsyncTaskMethodBuilder`1.AsyncStateMachineBox`1.MoveNext()&#xD;
   at System.Threading.Tasks.AwaitTaskContinuation.RunOrScheduleAction(IAsyncStateMachineBox box, Boolean allowInlining)&#xD;
   at System.Threading.Tasks.Task.RunContinuations(Object continuationObject)&#xD;
   at System.Threading.Tasks.Task`1.TrySetResult(TResult result)&#xD;
   at System.Runtime.CompilerServices.AsyncTaskMethodBuilder`1.SetExistingTaskResult(Task`1 task, TResult result)&#xD;
   at System.Runtime.CompilerServices.AsyncTaskMethodBuilder`1.SetResult(TResult result)&#xD;
   at Xunit.Sdk.ExceptionAggregator.RunAsync[T](Func`1 code) in /_/src/xunit.core/Sdk/ExceptionAggregator.cs:line 114&#xD;
   at System.Runtime.CompilerServices.AsyncTaskMethodBuilder`1.AsyncStateMachineBox`1.ExecutionContextCallback(Object s)&#xD;
   at System.Threading.ExecutionContext.RunInternal(ExecutionContext executionContext, ContextCallback callback, Object state)&#xD;
   at System.Runtime.CompilerServices.AsyncTaskMethodBuilder`1.AsyncStateMachineBox`1.MoveNext(Thread threadPoolThread)&#xD;
   at System.Runtime.CompilerServices.AsyncTaskMethodBuilder`1.AsyncStateMachineBox`1.MoveNext()&#xD;
   at System.Threading.Tasks.AwaitTaskContinuation.RunOrScheduleAction(IAsyncStateMachineBox box, Boolean allowInlining)&#xD;
   at System.Threading.Tasks.Task.RunContinuations(Object continuationObject)&#xD;
   at System.Threading.Tasks.Task`1.TrySetResult(TResult result)&#xD;
   at System.Runtime.CompilerServices.AsyncTaskMethodBuilder`1.SetExistingTaskResult(Task`1 task, TResult result)&#xD;
   at System.Runtime.CompilerServices.AsyncTaskMethodBuilder`1.SetResult(TResult result)&#xD;
   at Xunit.Sdk.TestInvoker`1.&lt;RunAsync&gt;b__47_0() in /_/src/xunit.execution/Sdk/Frameworks/Runners/TestInvoker.cs:line 222&#xD;
   at System.Runtime.CompilerServices.AsyncTaskMethodBuilder`1.AsyncStateMachineBox`1.ExecutionContextCallback(Object s)&#xD;
   at System.Threading.ExecutionContext.RunInternal(ExecutionContext executionContext, ContextCallback callback, Object state)&#xD;
   at System.Runtime.CompilerServices.AsyncTaskMethodBuilder`1.AsyncStateMachineBox`1.MoveNext(Thread threadPoolThread)&#xD;
   at System.Runtime.CompilerServices.AsyncTaskMethodBuilder`1.AsyncStateMachineBox`1.MoveNext()&#xD;
   at System.Threading.Tasks.AwaitTaskContinuation.RunOrScheduleAction(IAsyncStateMachineBox box, Boolean allowInlining)&#xD;
   at System.Threading.Tasks.Task.RunContinuations(Object continuationObject)&#xD;
   at System.Threading.Tasks.Task`1.TrySetResult(TResult result)&#xD;
   at System.Runtime.CompilerServices.AsyncTaskMethodBuilder`1.SetExistingTaskResult(Task`1 task, TResult result)&#xD;
   at System.Runtime.CompilerServices.AsyncTaskMethodBuilder`1.SetResult(TResult result)&#xD;
   at Xunit.Sdk.TestInvoker`1.InvokeTestMethodAsync(Object testClassInstance) in /_/src/xunit.execution/Sdk/Frameworks/Runners/TestInvoker.cs:line 304&#xD;
   at System.Runtime.CompilerServices.AsyncTaskMethodBuilder`1.AsyncStateMachineBox`1.ExecutionContextCallback(Object s)&#xD;
   at System.Threading.ExecutionContext.RunInternal(ExecutionContext executionContext, ContextCallback callback, Object state)&#xD;
   at System.Runtime.CompilerServices.AsyncTaskMethodBuilder`1.AsyncStateMachineBox`1.MoveNext(Thread threadPoolThread)&#xD;
   at System.Runtime.CompilerServices.AsyncTaskMethodBuilder`1.AsyncStateMachineBox`1.MoveNext()&#xD;
   at Xunit.Sdk.AsyncTestSyncContext.&lt;&gt;c__DisplayClass7_0.&lt;Post&gt;b__0() in /_/src/xunit.execution/Sdk/AsyncTestSyncContext.cs:line 58&#xD;
   at Xunit.Sdk.XunitWorkerThread.&lt;&gt;c.&lt;QueueUserWorkItem&gt;b__5_0(Object _) in /_/src/common/XunitWorkerThread.cs:line 37&#xD;
   at System.Threading.ExecutionContext.RunInternal(ExecutionContext executionContext, ContextCallback callback, Object state)&#xD;
   at System.Threading.Tasks.Task.ExecuteWithThreadLocal(Task&amp; currentTaskSlot, Thread threadPoolThread)&#xD;
[DIAG] ApplicationStopped: 2026-01-19T11:47:15.1481222Z&#xD;
[DIAG] app.Run() exited normally.&#xD;
SimRacingTestFactory: failed to delete temp DB on dispose 'C:\Users\sbatt\AppData\Local\Temp\SimRacingTest_20260119114715_6020.db': System.IO.IOException: The process cannot access the file 'C:\Users\sbatt\AppData\Local\Temp\SimRacingTest_20260119114715_6020.db' because it is being used by another process.&#xD;
   at System.IO.FileSystem.DeleteFile(String fullPath)&#xD;
   at USBDeviceManager.Tests.Fixtures.SimRacingTestFactory.Dispose(Boolean disposing) in E:\Workspaces\Git\SimRacing\USBDeviceManager\server\USBDeviceManager.Tests\Fixtures\SimRacingTestFactory.cs:line 286&#xD;
[xUnit.net 00:00:04.11]   Finished:    USBDeviceManager.Tests&#xD;
[DIAG] ProcessExit event fired at 2026-01-19T11:47:15.1920632Z. ExitCode=0&#xD;
[DIAG] ProcessExit event fired at 2026-01-19T11:47:15.1920911Z. ExitCode=0&#xD;
[DIAG] ProcessExit event fired at 2026-01-19T11:47:15.1920949Z. ExitCode=0&#xD;
[DIAG] ProcessExit event fired at 2026-01-19T11:47:15.1920962Z. ExitCode=0&#xD;
[DIAG] ProcessExit event fired at 2026-01-19T11:47:15.1920974Z. ExitCode=0&#xD;
</StdOut>
    </Output>
  </ResultSummary>
</TestRun>